{"/home/johannes/DTU/5_semester/Complex_systems_and_DevOps/probe_springboot/web/src/App.js": {"path":"/home/johannes/DTU/5_semester/Complex_systems_and_DevOps/probe_springboot/web/src/App.js","statementMap":{"0":{"start":{"line":21,"column":2},"end":{"line":38,"column":4}}},"fnMap":{"0":{"name":"App","decl":{"start":{"line":20,"column":9},"end":{"line":20,"column":12}},"loc":{"start":{"line":20,"column":15},"end":{"line":39,"column":1}},"line":20}},"branchMap":{},"s":{"0":0},"f":{"0":0},"b":{}}
,"/home/johannes/DTU/5_semester/Complex_systems_and_DevOps/probe_springboot/web/src/index.js": {"path":"/home/johannes/DTU/5_semester/Complex_systems_and_DevOps/probe_springboot/web/src/index.js","statementMap":{"0":{"start":{"line":8,"column":13},"end":{"line":8,"column":65}},"1":{"start":{"line":9,"column":0},"end":{"line":13,"column":2}},"2":{"start":{"line":18,"column":0},"end":{"line":18,"column":18}}},"fnMap":{},"branchMap":{},"s":{"0":0,"1":0,"2":0},"f":{},"b":{}}
,"/home/johannes/DTU/5_semester/Complex_systems_and_DevOps/probe_springboot/web/src/reportWebVitals.js": {"path":"/home/johannes/DTU/5_semester/Complex_systems_and_DevOps/probe_springboot/web/src/reportWebVitals.js","statementMap":{"0":{"start":{"line":1,"column":24},"end":{"line":11,"column":1}},"1":{"start":{"line":2,"column":2},"end":{"line":10,"column":3}},"2":{"start":{"line":3,"column":4},"end":{"line":9,"column":7}},"3":{"start":{"line":4,"column":6},"end":{"line":4,"column":26}},"4":{"start":{"line":5,"column":6},"end":{"line":5,"column":26}},"5":{"start":{"line":6,"column":6},"end":{"line":6,"column":26}},"6":{"start":{"line":7,"column":6},"end":{"line":7,"column":26}},"7":{"start":{"line":8,"column":6},"end":{"line":8,"column":27}}},"fnMap":{"0":{"name":"(anonymous_0)","decl":{"start":{"line":1,"column":24},"end":{"line":1,"column":25}},"loc":{"start":{"line":1,"column":39},"end":{"line":11,"column":1}},"line":1},"1":{"name":"(anonymous_1)","decl":{"start":{"line":3,"column":30},"end":{"line":3,"column":31}},"loc":{"start":{"line":3,"column":79},"end":{"line":9,"column":5}},"line":3}},"branchMap":{"0":{"loc":{"start":{"line":2,"column":2},"end":{"line":10,"column":3}},"type":"if","locations":[{"start":{"line":2,"column":2},"end":{"line":10,"column":3}},{"start":{},"end":{}}],"line":2},"1":{"loc":{"start":{"line":2,"column":6},"end":{"line":2,"column":52}},"type":"binary-expr","locations":[{"start":{"line":2,"column":6},"end":{"line":2,"column":17}},{"start":{"line":2,"column":21},"end":{"line":2,"column":52}}],"line":2}},"s":{"0":0,"1":0,"2":0,"3":0,"4":0,"5":0,"6":0,"7":0},"f":{"0":0,"1":0},"b":{"0":[0,0],"1":[0,0]}}
,"/home/johannes/DTU/5_semester/Complex_systems_and_DevOps/probe_springboot/web/src/api/admin_login_mock.js": {"path":"/home/johannes/DTU/5_semester/Complex_systems_and_DevOps/probe_springboot/web/src/api/admin_login_mock.js","statementMap":{"0":{"start":{"line":1,"column":25},"end":{"line":4,"column":1}},"1":{"start":{"line":7,"column":12},"end":{"line":12,"column":5}},"2":{"start":{"line":8,"column":8},"end":{"line":10,"column":9}},"3":{"start":{"line":9,"column":12},"end":{"line":9,"column":24}},"4":{"start":{"line":11,"column":8},"end":{"line":11,"column":21}},"5":{"start":{"line":15,"column":13},"end":{"line":15,"column":26}}},"fnMap":{"0":{"name":"(anonymous_0)","decl":{"start":{"line":7,"column":12},"end":{"line":7,"column":13}},"loc":{"start":{"line":7,"column":35},"end":{"line":12,"column":5}},"line":7}},"branchMap":{"0":{"loc":{"start":{"line":8,"column":8},"end":{"line":10,"column":9}},"type":"if","locations":[{"start":{"line":8,"column":8},"end":{"line":10,"column":9}},{"start":{},"end":{}}],"line":8},"1":{"loc":{"start":{"line":8,"column":11},"end":{"line":8,"column":91}},"type":"binary-expr","locations":[{"start":{"line":8,"column":11},"end":{"line":8,"column":49}},{"start":{"line":8,"column":53},"end":{"line":8,"column":91}}],"line":8}},"s":{"0":0,"1":0,"2":0,"3":0,"4":0,"5":0},"f":{"0":0},"b":{"0":[0,0],"1":[0,0]}}
,"/home/johannes/DTU/5_semester/Complex_systems_and_DevOps/probe_springboot/web/src/api/clinical_trial_api_mock.js": {"path":"/home/johannes/DTU/5_semester/Complex_systems_and_DevOps/probe_springboot/web/src/api/clinical_trial_api_mock.js","statementMap":{"0":{"start":{"line":1,"column":23},"end":{"line":158,"column":1}}},"fnMap":{},"branchMap":{},"s":{"0":1},"f":{},"b":{},"_coverageSchema":"1a1c01bbd47fc00a2c39e90264f33305004495a9","hash":"347a9828ae0c8648b9b32bf4a84c2f778408b3b6"}
,"/home/johannes/DTU/5_semester/Complex_systems_and_DevOps/probe_springboot/web/src/api/match_codes_api.js": {"path":"/home/johannes/DTU/5_semester/Complex_systems_and_DevOps/probe_springboot/web/src/api/match_codes_api.js","statementMap":{"0":{"start":{"line":1,"column":19},"end":{"line":6,"column":29}}},"fnMap":{},"branchMap":{},"s":{"0":1},"f":{},"b":{},"_coverageSchema":"1a1c01bbd47fc00a2c39e90264f33305004495a9","hash":"8a2cbff9f5bdb492d1538ff1602a1ae004772c8d"}
,"/home/johannes/DTU/5_semester/Complex_systems_and_DevOps/probe_springboot/web/src/api/user_api_mock.js": {"path":"/home/johannes/DTU/5_semester/Complex_systems_and_DevOps/probe_springboot/web/src/api/user_api_mock.js","statementMap":{"0":{"start":{"line":2,"column":0},"end":{"line":21,"column":1}}},"fnMap":{},"branchMap":{},"s":{"0":0},"f":{},"b":{}}
,"/home/johannes/DTU/5_semester/Complex_systems_and_DevOps/probe_springboot/web/src/components/DialogModalTrial.jsx": {"path":"/home/johannes/DTU/5_semester/Complex_systems_and_DevOps/probe_springboot/web/src/components/DialogModalTrial.jsx","statementMap":{"0":{"start":{"line":7,"column":4},"end":{"line":10,"column":5}},"1":{"start":{"line":8,"column":8},"end":{"line":9,"column":18}},"2":{"start":{"line":11,"column":4},"end":{"line":17,"column":6}},"3":{"start":{"line":13,"column":12},"end":{"line":13,"column":44}},"4":{"start":{"line":14,"column":12},"end":{"line":14,"column":44}},"5":{"start":{"line":21,"column":4},"end":{"line":26,"column":5}},"6":{"start":{"line":22,"column":8},"end":{"line":25,"column":61}},"7":{"start":{"line":23,"column":12},"end":{"line":23,"column":44}},"8":{"start":{"line":24,"column":12},"end":{"line":24,"column":44}},"9":{"start":{"line":27,"column":4},"end":{"line":30,"column":58}},"10":{"start":{"line":28,"column":8},"end":{"line":28,"column":35}},"11":{"start":{"line":29,"column":8},"end":{"line":29,"column":40}},"12":{"start":{"line":33,"column":14},"end":{"line":53,"column":1}},"13":{"start":{"line":34,"column":4},"end":{"line":52,"column":9}}},"fnMap":{"0":{"name":"DeleteButtonPick","decl":{"start":{"line":6,"column":9},"end":{"line":6,"column":25}},"loc":{"start":{"line":6,"column":28},"end":{"line":18,"column":1}},"line":6},"1":{"name":"(anonymous_1)","decl":{"start":{"line":12,"column":25},"end":{"line":12,"column":26}},"loc":{"start":{"line":12,"column":31},"end":{"line":15,"column":9}},"line":12},"2":{"name":"SaveButtonPick","decl":{"start":{"line":20,"column":9},"end":{"line":20,"column":23}},"loc":{"start":{"line":20,"column":26},"end":{"line":31,"column":1}},"line":20},"3":{"name":"(anonymous_3)","decl":{"start":{"line":22,"column":32},"end":{"line":22,"column":33}},"loc":{"start":{"line":22,"column":38},"end":{"line":25,"column":9}},"line":22},"4":{"name":"(anonymous_4)","decl":{"start":{"line":27,"column":29},"end":{"line":27,"column":30}},"loc":{"start":{"line":27,"column":35},"end":{"line":30,"column":5}},"line":27},"5":{"name":"(anonymous_5)","decl":{"start":{"line":33,"column":14},"end":{"line":33,"column":15}},"loc":{"start":{"line":33,"column":20},"end":{"line":53,"column":1}},"line":33}},"branchMap":{"0":{"loc":{"start":{"line":7,"column":4},"end":{"line":10,"column":5}},"type":"if","locations":[{"start":{"line":7,"column":4},"end":{"line":10,"column":5}},{"start":{},"end":{}}],"line":7},"1":{"loc":{"start":{"line":21,"column":4},"end":{"line":26,"column":5}},"type":"if","locations":[{"start":{"line":21,"column":4},"end":{"line":26,"column":5}},{"start":{},"end":{}}],"line":21}},"s":{"0":6,"1":6,"2":0,"3":0,"4":0,"5":6,"6":6,"7":0,"8":0,"9":0,"10":0,"11":0,"12":1,"13":6},"f":{"0":6,"1":0,"2":6,"3":0,"4":0,"5":6},"b":{"0":[6,0],"1":[6,0]},"_coverageSchema":"1a1c01bbd47fc00a2c39e90264f33305004495a9","hash":"964a817b1956338adc237792575984db62268886"}
,"/home/johannes/DTU/5_semester/Complex_systems_and_DevOps/probe_springboot/web/src/components/EditTrialDialogContext.jsx": {"path":"/home/johannes/DTU/5_semester/Complex_systems_and_DevOps/probe_springboot/web/src/components/EditTrialDialogContext.jsx","statementMap":{"0":{"start":{"line":9,"column":4},"end":{"line":142,"column":9}},"1":{"start":{"line":17,"column":53},"end":{"line":17,"column":121}},"2":{"start":{"line":23,"column":53},"end":{"line":23,"column":123}},"3":{"start":{"line":29,"column":53},"end":{"line":29,"column":119}},"4":{"start":{"line":35,"column":53},"end":{"line":35,"column":117}},"5":{"start":{"line":38,"column":94},"end":{"line":38,"column":106}},"6":{"start":{"line":40,"column":78},"end":{"line":41,"column":106}},"7":{"start":{"line":43,"column":57},"end":{"line":43,"column":86}},"8":{"start":{"line":51,"column":53},"end":{"line":51,"column":123}},"9":{"start":{"line":57,"column":53},"end":{"line":57,"column":121}},"10":{"start":{"line":63,"column":53},"end":{"line":63,"column":123}},"11":{"start":{"line":69,"column":53},"end":{"line":69,"column":121}},"12":{"start":{"line":75,"column":53},"end":{"line":75,"column":127}},"13":{"start":{"line":81,"column":53},"end":{"line":81,"column":137}},"14":{"start":{"line":87,"column":53},"end":{"line":87,"column":122}},"15":{"start":{"line":103,"column":73},"end":{"line":103,"column":85}},"16":{"start":{"line":104,"column":63},"end":{"line":105,"column":87}},"17":{"start":{"line":107,"column":42},"end":{"line":107,"column":69}},"18":{"start":{"line":118,"column":35},"end":{"line":118,"column":107}},"19":{"start":{"line":126,"column":35},"end":{"line":126,"column":107}},"20":{"start":{"line":137,"column":35},"end":{"line":137,"column":111}}},"fnMap":{"0":{"name":"DialogContextTrial","decl":{"start":{"line":7,"column":9},"end":{"line":7,"column":27}},"loc":{"start":{"line":7,"column":30},"end":{"line":143,"column":1}},"line":7},"1":{"name":"(anonymous_1)","decl":{"start":{"line":16,"column":59},"end":{"line":16,"column":60}},"loc":{"start":{"line":16,"column":65},"end":{"line":18,"column":50}},"line":16},"2":{"name":"(anonymous_2)","decl":{"start":{"line":22,"column":59},"end":{"line":22,"column":60}},"loc":{"start":{"line":22,"column":65},"end":{"line":24,"column":50}},"line":22},"3":{"name":"(anonymous_3)","decl":{"start":{"line":28,"column":59},"end":{"line":28,"column":60}},"loc":{"start":{"line":28,"column":65},"end":{"line":30,"column":50}},"line":28},"4":{"name":"(anonymous_4)","decl":{"start":{"line":34,"column":59},"end":{"line":34,"column":60}},"loc":{"start":{"line":34,"column":65},"end":{"line":36,"column":50}},"line":34},"5":{"name":"(anonymous_5)","decl":{"start":{"line":38,"column":82},"end":{"line":38,"column":83}},"loc":{"start":{"line":38,"column":94},"end":{"line":38,"column":106}},"line":38},"6":{"name":"(anonymous_6)","decl":{"start":{"line":40,"column":66},"end":{"line":40,"column":67}},"loc":{"start":{"line":40,"column":78},"end":{"line":41,"column":106}},"line":40},"7":{"name":"(anonymous_7)","decl":{"start":{"line":42,"column":63},"end":{"line":42,"column":64}},"loc":{"start":{"line":42,"column":73},"end":{"line":44,"column":54}},"line":42},"8":{"name":"(anonymous_8)","decl":{"start":{"line":50,"column":59},"end":{"line":50,"column":60}},"loc":{"start":{"line":50,"column":65},"end":{"line":52,"column":50}},"line":50},"9":{"name":"(anonymous_9)","decl":{"start":{"line":56,"column":59},"end":{"line":56,"column":60}},"loc":{"start":{"line":56,"column":65},"end":{"line":58,"column":50}},"line":56},"10":{"name":"(anonymous_10)","decl":{"start":{"line":62,"column":59},"end":{"line":62,"column":60}},"loc":{"start":{"line":62,"column":65},"end":{"line":64,"column":50}},"line":62},"11":{"name":"(anonymous_11)","decl":{"start":{"line":68,"column":59},"end":{"line":68,"column":60}},"loc":{"start":{"line":68,"column":65},"end":{"line":70,"column":50}},"line":68},"12":{"name":"(anonymous_12)","decl":{"start":{"line":74,"column":59},"end":{"line":74,"column":60}},"loc":{"start":{"line":74,"column":65},"end":{"line":76,"column":50}},"line":74},"13":{"name":"(anonymous_13)","decl":{"start":{"line":80,"column":59},"end":{"line":80,"column":60}},"loc":{"start":{"line":80,"column":65},"end":{"line":82,"column":50}},"line":80},"14":{"name":"(anonymous_14)","decl":{"start":{"line":86,"column":59},"end":{"line":86,"column":60}},"loc":{"start":{"line":86,"column":65},"end":{"line":88,"column":50}},"line":86},"15":{"name":"(anonymous_15)","decl":{"start":{"line":103,"column":61},"end":{"line":103,"column":62}},"loc":{"start":{"line":103,"column":73},"end":{"line":103,"column":85}},"line":103},"16":{"name":"(anonymous_16)","decl":{"start":{"line":104,"column":51},"end":{"line":104,"column":52}},"loc":{"start":{"line":104,"column":63},"end":{"line":105,"column":87}},"line":104},"17":{"name":"(anonymous_17)","decl":{"start":{"line":106,"column":48},"end":{"line":106,"column":49}},"loc":{"start":{"line":106,"column":58},"end":{"line":108,"column":39}},"line":106},"18":{"name":"(anonymous_18)","decl":{"start":{"line":117,"column":41},"end":{"line":117,"column":42}},"loc":{"start":{"line":117,"column":47},"end":{"line":119,"column":32}},"line":117},"19":{"name":"(anonymous_19)","decl":{"start":{"line":125,"column":41},"end":{"line":125,"column":42}},"loc":{"start":{"line":125,"column":47},"end":{"line":127,"column":32}},"line":125},"20":{"name":"(anonymous_20)","decl":{"start":{"line":136,"column":41},"end":{"line":136,"column":42}},"loc":{"start":{"line":136,"column":47},"end":{"line":138,"column":32}},"line":136}},"branchMap":{},"s":{"0":2,"1":0,"2":0,"3":0,"4":0,"5":10,"6":2,"7":0,"8":0,"9":0,"10":0,"11":0,"12":0,"13":0,"14":0,"15":6,"16":2,"17":0,"18":0,"19":0,"20":0},"f":{"0":2,"1":0,"2":0,"3":0,"4":0,"5":10,"6":2,"7":0,"8":0,"9":0,"10":0,"11":0,"12":0,"13":0,"14":0,"15":6,"16":2,"17":0,"18":0,"19":0,"20":0},"b":{},"_coverageSchema":"1a1c01bbd47fc00a2c39e90264f33305004495a9","hash":"fd453e77541ee482f7ce047b7030acfdaaf18311"}
,"/home/johannes/DTU/5_semester/Complex_systems_and_DevOps/probe_springboot/web/src/components/Filter.jsx": {"path":"/home/johannes/DTU/5_semester/Complex_systems_and_DevOps/probe_springboot/web/src/components/Filter.jsx","statementMap":{"0":{"start":{"line":13,"column":4},"end":{"line":13,"column":28}},"1":{"start":{"line":16,"column":15},"end":{"line":162,"column":1}},"2":{"start":{"line":17,"column":18},"end":{"line":30,"column":5}},"3":{"start":{"line":32,"column":30},"end":{"line":32,"column":54}},"4":{"start":{"line":34,"column":34},"end":{"line":34,"column":54}},"5":{"start":{"line":36,"column":35},"end":{"line":38,"column":5}},"6":{"start":{"line":37,"column":8},"end":{"line":37,"column":41}},"7":{"start":{"line":40,"column":28},"end":{"line":42,"column":5}},"8":{"start":{"line":41,"column":8},"end":{"line":41,"column":27}},"9":{"start":{"line":44,"column":36},"end":{"line":44,"column":54}},"10":{"start":{"line":45,"column":33},"end":{"line":47,"column":5}},"11":{"start":{"line":46,"column":8},"end":{"line":46,"column":40}},"12":{"start":{"line":48,"column":28},"end":{"line":48,"column":46}},"13":{"start":{"line":49,"column":29},"end":{"line":51,"column":5}},"14":{"start":{"line":50,"column":8},"end":{"line":50,"column":36}},"15":{"start":{"line":52,"column":37},"end":{"line":52,"column":55}},"16":{"start":{"line":53,"column":31},"end":{"line":55,"column":5}},"17":{"start":{"line":54,"column":8},"end":{"line":54,"column":38}},"18":{"start":{"line":57,"column":4},"end":{"line":161,"column":6}},"19":{"start":{"line":75,"column":44},"end":{"line":75,"column":55}}},"fnMap":{"0":{"name":"valuetext","decl":{"start":{"line":12,"column":9},"end":{"line":12,"column":18}},"loc":{"start":{"line":12,"column":26},"end":{"line":14,"column":1}},"line":12},"1":{"name":"(anonymous_1)","decl":{"start":{"line":16,"column":15},"end":{"line":16,"column":16}},"loc":{"start":{"line":16,"column":21},"end":{"line":162,"column":1}},"line":16},"2":{"name":"(anonymous_2)","decl":{"start":{"line":36,"column":35},"end":{"line":36,"column":36}},"loc":{"start":{"line":36,"column":46},"end":{"line":38,"column":5}},"line":36},"3":{"name":"(anonymous_3)","decl":{"start":{"line":40,"column":28},"end":{"line":40,"column":29}},"loc":{"start":{"line":40,"column":49},"end":{"line":42,"column":5}},"line":40},"4":{"name":"(anonymous_4)","decl":{"start":{"line":45,"column":33},"end":{"line":45,"column":34}},"loc":{"start":{"line":45,"column":44},"end":{"line":47,"column":5}},"line":45},"5":{"name":"(anonymous_5)","decl":{"start":{"line":49,"column":29},"end":{"line":49,"column":30}},"loc":{"start":{"line":49,"column":40},"end":{"line":51,"column":5}},"line":49},"6":{"name":"(anonymous_6)","decl":{"start":{"line":53,"column":31},"end":{"line":53,"column":32}},"loc":{"start":{"line":53,"column":42},"end":{"line":55,"column":5}},"line":53},"7":{"name":"(anonymous_7)","decl":{"start":{"line":75,"column":38},"end":{"line":75,"column":39}},"loc":{"start":{"line":75,"column":44},"end":{"line":75,"column":55}},"line":75}},"branchMap":{"0":{"loc":{"start":{"line":67,"column":13},"end":{"line":158,"column":17}},"type":"binary-expr","locations":[{"start":{"line":67,"column":13},"end":{"line":67,"column":21}},{"start":{"line":67,"column":25},"end":{"line":158,"column":17}}],"line":67}},"s":{"0":0,"1":0,"2":0,"3":0,"4":0,"5":0,"6":0,"7":0,"8":0,"9":0,"10":0,"11":0,"12":0,"13":0,"14":0,"15":0,"16":0,"17":0,"18":0,"19":0},"f":{"0":0,"1":0,"2":0,"3":0,"4":0,"5":0,"6":0,"7":0},"b":{"0":[0,0]}}
,"/home/johannes/DTU/5_semester/Complex_systems_and_DevOps/probe_springboot/web/src/components/Footer.jsx": {"path":"/home/johannes/DTU/5_semester/Complex_systems_and_DevOps/probe_springboot/web/src/components/Footer.jsx","statementMap":{"0":{"start":{"line":1,"column":15},"end":{"line":7,"column":1}},"1":{"start":{"line":2,"column":4},"end":{"line":6,"column":8}}},"fnMap":{"0":{"name":"(anonymous_0)","decl":{"start":{"line":1,"column":15},"end":{"line":1,"column":16}},"loc":{"start":{"line":1,"column":21},"end":{"line":7,"column":1}},"line":1}},"branchMap":{},"s":{"0":0,"1":0},"f":{"0":0},"b":{}}
,"/home/johannes/DTU/5_semester/Complex_systems_and_DevOps/probe_springboot/web/src/components/Layout.jsx": {"path":"/home/johannes/DTU/5_semester/Complex_systems_and_DevOps/probe_springboot/web/src/components/Layout.jsx","statementMap":{"0":{"start":{"line":2,"column":14},"end":{"line":11,"column":1}},"1":{"start":{"line":3,"column":4},"end":{"line":10,"column":5}}},"fnMap":{"0":{"name":"(anonymous_0)","decl":{"start":{"line":2,"column":14},"end":{"line":2,"column":15}},"loc":{"start":{"line":2,"column":29},"end":{"line":11,"column":1}},"line":2}},"branchMap":{},"s":{"0":0,"1":0},"f":{"0":0},"b":{}}
,"/home/johannes/DTU/5_semester/Complex_systems_and_DevOps/probe_springboot/web/src/components/NavBar.jsx": {"path":"/home/johannes/DTU/5_semester/Complex_systems_and_DevOps/probe_springboot/web/src/components/NavBar.jsx","statementMap":{"0":{"start":{"line":7,"column":15},"end":{"line":62,"column":1}},"1":{"start":{"line":10,"column":8},"end":{"line":10,"column":57}},"2":{"start":{"line":11,"column":8},"end":{"line":11,"column":59}},"3":{"start":{"line":14,"column":34},"end":{"line":18,"column":5}},"4":{"start":{"line":16,"column":8},"end":{"line":16,"column":40}},"5":{"start":{"line":17,"column":8},"end":{"line":17,"column":52}},"6":{"start":{"line":20,"column":4},"end":{"line":20,"column":51}},"7":{"start":{"line":22,"column":4},"end":{"line":61,"column":6}},"8":{"start":{"line":49,"column":46},"end":{"line":49,"column":85}},"9":{"start":{"line":50,"column":24},"end":{"line":50,"column":58}}},"fnMap":{"0":{"name":"(anonymous_0)","decl":{"start":{"line":7,"column":15},"end":{"line":7,"column":16}},"loc":{"start":{"line":7,"column":21},"end":{"line":62,"column":1}},"line":7},"1":{"name":"handleResize","decl":{"start":{"line":9,"column":13},"end":{"line":9,"column":25}},"loc":{"start":{"line":9,"column":28},"end":{"line":12,"column":5}},"line":9},"2":{"name":"(anonymous_2)","decl":{"start":{"line":14,"column":34},"end":{"line":14,"column":35}},"loc":{"start":{"line":14,"column":40},"end":{"line":18,"column":5}},"line":14},"3":{"name":"(anonymous_3)","decl":{"start":{"line":49,"column":39},"end":{"line":49,"column":40}},"loc":{"start":{"line":49,"column":45},"end":{"line":50,"column":59}},"line":49}},"branchMap":{"0":{"loc":{"start":{"line":23,"column":8},"end":{"line":60,"column":22}},"type":"cond-expr","locations":[{"start":{"line":25,"column":12},"end":{"line":41,"column":18}},{"start":{"line":43,"column":12},"end":{"line":60,"column":22}}],"line":23},"1":{"loc":{"start":{"line":25,"column":12},"end":{"line":41,"column":18}},"type":"cond-expr","locations":[{"start":{"line":27,"column":12},"end":{"line":34,"column":18}},{"start":{"line":36,"column":12},"end":{"line":41,"column":18}}],"line":25},"2":{"loc":{"start":{"line":43,"column":12},"end":{"line":60,"column":22}},"type":"cond-expr","locations":[{"start":{"line":45,"column":16},"end":{"line":53,"column":22}},{"start":{"line":55,"column":16},"end":{"line":60,"column":22}}],"line":43}},"s":{"0":1,"1":0,"2":0,"3":1,"4":0,"5":0,"6":1,"7":1,"8":0,"9":0},"f":{"0":1,"1":0,"2":0,"3":0},"b":{"0":[1,0],"1":[1,0],"2":[0,0]},"_coverageSchema":"1a1c01bbd47fc00a2c39e90264f33305004495a9","hash":"73074792fa9362881a0f53e586fc1b1a940ed2ee"}
,"/home/johannes/DTU/5_semester/Complex_systems_and_DevOps/probe_springboot/web/src/components/StudyCard.jsx": {"path":"/home/johannes/DTU/5_semester/Complex_systems_and_DevOps/probe_springboot/web/src/components/StudyCard.jsx","statementMap":{"0":{"start":{"line":1,"column":18},"end":{"line":26,"column":1}},"1":{"start":{"line":3,"column":22},"end":{"line":3,"column":39}},"2":{"start":{"line":4,"column":4},"end":{"line":6,"column":5}},"3":{"start":{"line":5,"column":8},"end":{"line":5,"column":60}},"4":{"start":{"line":8,"column":4},"end":{"line":25,"column":6}}},"fnMap":{"0":{"name":"(anonymous_0)","decl":{"start":{"line":1,"column":18},"end":{"line":1,"column":19}},"loc":{"start":{"line":1,"column":29},"end":{"line":26,"column":1}},"line":1}},"branchMap":{"0":{"loc":{"start":{"line":4,"column":4},"end":{"line":6,"column":5}},"type":"if","locations":[{"start":{"line":4,"column":4},"end":{"line":6,"column":5}},{"start":{},"end":{}}],"line":4}},"s":{"0":1,"1":0,"2":0,"3":0,"4":0},"f":{"0":0},"b":{"0":[0,0]},"_coverageSchema":"1a1c01bbd47fc00a2c39e90264f33305004495a9","hash":"2b925860aa557fb3db52215cd27c5b1eb56c02f6"}
,"/home/johannes/DTU/5_semester/Complex_systems_and_DevOps/probe_springboot/web/src/components/StudyCardLarge.jsx": {"path":"/home/johannes/DTU/5_semester/Complex_systems_and_DevOps/probe_springboot/web/src/components/StudyCardLarge.jsx","statementMap":{"0":{"start":{"line":1,"column":23},"end":{"line":26,"column":1}},"1":{"start":{"line":2,"column":4},"end":{"line":2,"column":23}},"2":{"start":{"line":3,"column":22},"end":{"line":3,"column":39}},"3":{"start":{"line":4,"column":4},"end":{"line":6,"column":5}},"4":{"start":{"line":5,"column":8},"end":{"line":5,"column":61}},"5":{"start":{"line":8,"column":4},"end":{"line":25,"column":6}}},"fnMap":{"0":{"name":"(anonymous_0)","decl":{"start":{"line":1,"column":23},"end":{"line":1,"column":24}},"loc":{"start":{"line":1,"column":34},"end":{"line":26,"column":1}},"line":1}},"branchMap":{"0":{"loc":{"start":{"line":4,"column":4},"end":{"line":6,"column":5}},"type":"if","locations":[{"start":{"line":4,"column":4},"end":{"line":6,"column":5}},{"start":{},"end":{}}],"line":4}},"s":{"0":0,"1":0,"2":0,"3":0,"4":0,"5":0},"f":{"0":0},"b":{"0":[0,0]}}
,"/home/johannes/DTU/5_semester/Complex_systems_and_DevOps/probe_springboot/web/src/components/TrialView.jsx": {"path":"/home/johannes/DTU/5_semester/Complex_systems_and_DevOps/probe_springboot/web/src/components/TrialView.jsx","statementMap":{"0":{"start":{"line":7,"column":18},"end":{"line":38,"column":1}},"1":{"start":{"line":8,"column":21},"end":{"line":8,"column":23}},"2":{"start":{"line":9,"column":16},"end":{"line":9,"column":64}},"3":{"start":{"line":10,"column":4},"end":{"line":30,"column":17}},"4":{"start":{"line":20,"column":28},"end":{"line":30,"column":15}},"5":{"start":{"line":21,"column":22},"end":{"line":30,"column":14}},"6":{"start":{"line":22,"column":16},"end":{"line":29,"column":20}},"7":{"start":{"line":23,"column":20},"end":{"line":28,"column":83}},"8":{"start":{"line":32,"column":4},"end":{"line":37,"column":6}}},"fnMap":{"0":{"name":"(anonymous_0)","decl":{"start":{"line":7,"column":18},"end":{"line":7,"column":19}},"loc":{"start":{"line":7,"column":24},"end":{"line":38,"column":1}},"line":7},"1":{"name":"(anonymous_1)","decl":{"start":{"line":20,"column":8},"end":{"line":20,"column":9}},"loc":{"start":{"line":20,"column":28},"end":{"line":30,"column":15}},"line":20},"2":{"name":"(anonymous_2)","decl":{"start":{"line":21,"column":12},"end":{"line":21,"column":13}},"loc":{"start":{"line":21,"column":22},"end":{"line":30,"column":14}},"line":21},"3":{"name":"(anonymous_3)","decl":{"start":{"line":21,"column":34},"end":{"line":21,"column":35}},"loc":{"start":{"line":21,"column":46},"end":{"line":30,"column":13}},"line":21},"4":{"name":"(anonymous_4)","decl":{"start":{"line":22,"column":48},"end":{"line":22,"column":49}},"loc":{"start":{"line":22,"column":68},"end":{"line":29,"column":17}},"line":22}},"branchMap":{},"s":{"0":0,"1":0,"2":0,"3":0,"4":0,"5":0,"6":0,"7":0,"8":0},"f":{"0":0,"1":0,"2":0,"3":0,"4":0},"b":{}}
,"/home/johannes/DTU/5_semester/Complex_systems_and_DevOps/probe_springboot/web/src/components/UserInputFields.jsx": {"path":"/home/johannes/DTU/5_semester/Complex_systems_and_DevOps/probe_springboot/web/src/components/UserInputFields.jsx","statementMap":{"0":{"start":{"line":2,"column":24},"end":{"line":26,"column":1}},"1":{"start":{"line":4,"column":24},"end":{"line":16,"column":5}},"2":{"start":{"line":19,"column":22},"end":{"line":19,"column":24}},"3":{"start":{"line":20,"column":4},"end":{"line":22,"column":5}},"4":{"start":{"line":20,"column":17},"end":{"line":20,"column":18}},"5":{"start":{"line":21,"column":8},"end":{"line":21,"column":103}},"6":{"start":{"line":24,"column":4},"end":{"line":24,"column":20}}},"fnMap":{"0":{"name":"(anonymous_0)","decl":{"start":{"line":2,"column":24},"end":{"line":2,"column":25}},"loc":{"start":{"line":2,"column":30},"end":{"line":26,"column":1}},"line":2}},"branchMap":{},"s":{"0":0,"1":0,"2":0,"3":0,"4":0,"5":0,"6":0},"f":{"0":0},"b":{}}
,"/home/johannes/DTU/5_semester/Complex_systems_and_DevOps/probe_springboot/web/src/components/AdminPages/AdminLayout.jsx": {"path":"/home/johannes/DTU/5_semester/Complex_systems_and_DevOps/probe_springboot/web/src/components/AdminPages/AdminLayout.jsx","statementMap":{"0":{"start":{"line":3,"column":18},"end":{"line":12,"column":1}},"1":{"start":{"line":4,"column":2},"end":{"line":11,"column":4}}},"fnMap":{"0":{"name":"(anonymous_0)","decl":{"start":{"line":3,"column":18},"end":{"line":3,"column":19}},"loc":{"start":{"line":3,"column":36},"end":{"line":12,"column":1}},"line":3}},"branchMap":{},"s":{"0":0,"1":0},"f":{"0":0},"b":{}}
,"/home/johannes/DTU/5_semester/Complex_systems_and_DevOps/probe_springboot/web/src/components/AdminPages/AdminLogin.jsx": {"path":"/home/johannes/DTU/5_semester/Complex_systems_and_DevOps/probe_springboot/web/src/components/AdminPages/AdminLogin.jsx","statementMap":{"0":{"start":{"line":7,"column":19},"end":{"line":7,"column":32}},"1":{"start":{"line":8,"column":28},"end":{"line":8,"column":40}},"2":{"start":{"line":9,"column":34},"end":{"line":9,"column":46}},"3":{"start":{"line":10,"column":34},"end":{"line":10,"column":46}},"4":{"start":{"line":11,"column":40},"end":{"line":11,"column":54}},"5":{"start":{"line":13,"column":19},"end":{"line":20,"column":3}},"6":{"start":{"line":14,"column":4},"end":{"line":18,"column":5}},"7":{"start":{"line":15,"column":6},"end":{"line":15,"column":38}},"8":{"start":{"line":17,"column":6},"end":{"line":17,"column":38}},"9":{"start":{"line":19,"column":4},"end":{"line":19,"column":55}},"10":{"start":{"line":22,"column":18},"end":{"line":31,"column":3}},"11":{"start":{"line":23,"column":19},"end":{"line":23,"column":52}},"12":{"start":{"line":24,"column":4},"end":{"line":30,"column":5}},"13":{"start":{"line":25,"column":6},"end":{"line":25,"column":30}},"14":{"start":{"line":27,"column":6},"end":{"line":27,"column":22}},"15":{"start":{"line":28,"column":6},"end":{"line":28,"column":22}},"16":{"start":{"line":29,"column":6},"end":{"line":29,"column":45}},"17":{"start":{"line":33,"column":2},"end":{"line":82,"column":4}}},"fnMap":{"0":{"name":"Login","decl":{"start":{"line":6,"column":9},"end":{"line":6,"column":14}},"loc":{"start":{"line":6,"column":17},"end":{"line":83,"column":1}},"line":6},"1":{"name":"(anonymous_1)","decl":{"start":{"line":13,"column":19},"end":{"line":13,"column":20}},"loc":{"start":{"line":13,"column":30},"end":{"line":20,"column":3}},"line":13},"2":{"name":"(anonymous_2)","decl":{"start":{"line":22,"column":18},"end":{"line":22,"column":19}},"loc":{"start":{"line":22,"column":24},"end":{"line":31,"column":3}},"line":22}},"branchMap":{"0":{"loc":{"start":{"line":14,"column":4},"end":{"line":18,"column":5}},"type":"if","locations":[{"start":{"line":14,"column":4},"end":{"line":18,"column":5}},{"start":{"line":16,"column":11},"end":{"line":18,"column":5}}],"line":14},"1":{"loc":{"start":{"line":19,"column":19},"end":{"line":19,"column":53}},"type":"binary-expr","locations":[{"start":{"line":19,"column":19},"end":{"line":19,"column":34}},{"start":{"line":19,"column":38},"end":{"line":19,"column":53}}],"line":19},"2":{"loc":{"start":{"line":24,"column":4},"end":{"line":30,"column":5}},"type":"if","locations":[{"start":{"line":24,"column":4},"end":{"line":30,"column":5}},{"start":{"line":26,"column":11},"end":{"line":30,"column":5}}],"line":24}},"s":{"0":0,"1":0,"2":0,"3":0,"4":0,"5":0,"6":0,"7":0,"8":0,"9":0,"10":0,"11":0,"12":0,"13":0,"14":0,"15":0,"16":0,"17":0},"f":{"0":0,"1":0,"2":0},"b":{"0":[0,0],"1":[0,0],"2":[0,0]}}
,"/home/johannes/DTU/5_semester/Complex_systems_and_DevOps/probe_springboot/web/src/components/AdminPages/AdminPage.jsx": {"path":"/home/johannes/DTU/5_semester/Complex_systems_and_DevOps/probe_springboot/web/src/components/AdminPages/AdminPage.jsx","statementMap":{"0":{"start":{"line":7,"column":17},"end":{"line":19,"column":1}},"1":{"start":{"line":21,"column":18},"end":{"line":33,"column":1}},"2":{"start":{"line":35,"column":23},"end":{"line":44,"column":1}},"3":{"start":{"line":47,"column":26},"end":{"line":47,"column":50}},"4":{"start":{"line":48,"column":32},"end":{"line":48,"column":50}},"5":{"start":{"line":49,"column":36},"end":{"line":49,"column":53}},"6":{"start":{"line":51,"column":23},"end":{"line":72,"column":3}},"7":{"start":{"line":52,"column":4},"end":{"line":52,"column":31}},"8":{"start":{"line":53,"column":4},"end":{"line":71,"column":5}},"9":{"start":{"line":55,"column":8},"end":{"line":55,"column":50}},"10":{"start":{"line":56,"column":8},"end":{"line":56,"column":30}},"11":{"start":{"line":57,"column":8},"end":{"line":57,"column":14}},"12":{"start":{"line":59,"column":8},"end":{"line":59,"column":32}},"13":{"start":{"line":60,"column":8},"end":{"line":60,"column":29}},"14":{"start":{"line":61,"column":8},"end":{"line":61,"column":14}},"15":{"start":{"line":64,"column":8},"end":{"line":64,"column":20}},"16":{"start":{"line":65,"column":8},"end":{"line":65,"column":35}},"17":{"start":{"line":66,"column":8},"end":{"line":66,"column":14}},"18":{"start":{"line":68,"column":8},"end":{"line":68,"column":32}},"19":{"start":{"line":69,"column":8},"end":{"line":69,"column":29}},"20":{"start":{"line":70,"column":8},"end":{"line":70,"column":14}},"21":{"start":{"line":74,"column":2},"end":{"line":107,"column":4}}},"fnMap":{"0":{"name":"Page","decl":{"start":{"line":46,"column":9},"end":{"line":46,"column":13}},"loc":{"start":{"line":46,"column":16},"end":{"line":108,"column":1}},"line":46},"1":{"name":"(anonymous_1)","decl":{"start":{"line":51,"column":23},"end":{"line":51,"column":24}},"loc":{"start":{"line":51,"column":44},"end":{"line":72,"column":3}},"line":51}},"branchMap":{"0":{"loc":{"start":{"line":53,"column":4},"end":{"line":71,"column":5}},"type":"switch","locations":[{"start":{"line":54,"column":6},"end":{"line":57,"column":14}},{"start":{"line":58,"column":6},"end":{"line":61,"column":14}},{"start":{"line":62,"column":6},"end":{"line":66,"column":14}},{"start":{"line":67,"column":6},"end":{"line":70,"column":14}}],"line":53}},"s":{"0":0,"1":0,"2":0,"3":0,"4":0,"5":0,"6":0,"7":0,"8":0,"9":0,"10":0,"11":0,"12":0,"13":0,"14":0,"15":0,"16":0,"17":0,"18":0,"19":0,"20":0,"21":0},"f":{"0":0,"1":0},"b":{"0":[0,0,0,0]}}
,"/home/johannes/DTU/5_semester/Complex_systems_and_DevOps/probe_springboot/web/src/components/AdminPages/ListView.jsx": {"path":"/home/johannes/DTU/5_semester/Complex_systems_and_DevOps/probe_springboot/web/src/components/AdminPages/ListView.jsx","statementMap":{"0":{"start":{"line":6,"column":2},"end":{"line":10,"column":4}},"1":{"start":{"line":8,"column":65},"end":{"line":8,"column":71}}},"fnMap":{"0":{"name":"ListView","decl":{"start":{"line":5,"column":24},"end":{"line":5,"column":32}},"loc":{"start":{"line":5,"column":52},"end":{"line":11,"column":1}},"line":5},"1":{"name":"(anonymous_1)","decl":{"start":{"line":8,"column":56},"end":{"line":8,"column":57}},"loc":{"start":{"line":8,"column":65},"end":{"line":8,"column":71}},"line":8}},"branchMap":{},"s":{"0":0,"1":0},"f":{"0":0,"1":0},"b":{}}
,"/home/johannes/DTU/5_semester/Complex_systems_and_DevOps/probe_springboot/web/src/components/AdminPages/NavBar.jsx": {"path":"/home/johannes/DTU/5_semester/Complex_systems_and_DevOps/probe_springboot/web/src/components/AdminPages/NavBar.jsx","statementMap":{"0":{"start":{"line":4,"column":15},"end":{"line":21,"column":1}},"1":{"start":{"line":6,"column":4},"end":{"line":6,"column":54}},"2":{"start":{"line":7,"column":4},"end":{"line":7,"column":56}},"3":{"start":{"line":9,"column":2},"end":{"line":9,"column":50}},"4":{"start":{"line":11,"column":2},"end":{"line":20,"column":4}}},"fnMap":{"0":{"name":"(anonymous_0)","decl":{"start":{"line":4,"column":15},"end":{"line":4,"column":16}},"loc":{"start":{"line":4,"column":21},"end":{"line":21,"column":1}},"line":4},"1":{"name":"handleResize","decl":{"start":{"line":5,"column":11},"end":{"line":5,"column":23}},"loc":{"start":{"line":5,"column":26},"end":{"line":8,"column":3}},"line":5}},"branchMap":{"0":{"loc":{"start":{"line":11,"column":9},"end":{"line":20,"column":3}},"type":"cond-expr","locations":[{"start":{"line":12,"column":4},"end":{"line":14,"column":10}},{"start":{"line":16,"column":4},"end":{"line":19,"column":10}}],"line":11}},"s":{"0":0,"1":0,"2":0,"3":0,"4":0},"f":{"0":0,"1":0},"b":{"0":[0,0]}}
,"/home/johannes/DTU/5_semester/Complex_systems_and_DevOps/probe_springboot/web/src/components/UserPreferences/ActivateDeactivateButton.jsx": {"path":"/home/johannes/DTU/5_semester/Complex_systems_and_DevOps/probe_springboot/web/src/components/UserPreferences/ActivateDeactivateButton.jsx","statementMap":{"0":{"start":{"line":5,"column":33},"end":{"line":15,"column":1}},"1":{"start":{"line":6,"column":4},"end":{"line":14,"column":5}},"2":{"start":{"line":7,"column":8},"end":{"line":9,"column":9}},"3":{"start":{"line":8,"column":62},"end":{"line":8,"column":99}},"4":{"start":{"line":11,"column":8},"end":{"line":13,"column":9}},"5":{"start":{"line":12,"column":62},"end":{"line":12,"column":98}}},"fnMap":{"0":{"name":"(anonymous_0)","decl":{"start":{"line":5,"column":33},"end":{"line":5,"column":34}},"loc":{"start":{"line":5,"column":39},"end":{"line":15,"column":1}},"line":5},"1":{"name":"(anonymous_1)","decl":{"start":{"line":8,"column":56},"end":{"line":8,"column":57}},"loc":{"start":{"line":8,"column":62},"end":{"line":8,"column":99}},"line":8},"2":{"name":"(anonymous_2)","decl":{"start":{"line":12,"column":56},"end":{"line":12,"column":57}},"loc":{"start":{"line":12,"column":62},"end":{"line":12,"column":98}},"line":12}},"branchMap":{"0":{"loc":{"start":{"line":6,"column":4},"end":{"line":14,"column":5}},"type":"if","locations":[{"start":{"line":6,"column":4},"end":{"line":14,"column":5}},{"start":{"line":10,"column":11},"end":{"line":14,"column":5}}],"line":6}},"s":{"0":1,"1":2,"2":2,"3":0,"4":0,"5":0},"f":{"0":2,"1":0,"2":0},"b":{"0":[2,0]},"_coverageSchema":"1a1c01bbd47fc00a2c39e90264f33305004495a9","hash":"a784902db8a023fa7c68134562254481bf310b4c"}
,"/home/johannes/DTU/5_semester/Complex_systems_and_DevOps/probe_springboot/web/src/components/UserPreferences/PreferenceAdder.jsx": {"path":"/home/johannes/DTU/5_semester/Complex_systems_and_DevOps/probe_springboot/web/src/components/UserPreferences/PreferenceAdder.jsx","statementMap":{"0":{"start":{"line":7,"column":24},"end":{"line":57,"column":1}},"1":{"start":{"line":10,"column":7},"end":{"line":10,"column":38}},"2":{"start":{"line":14,"column":8},"end":{"line":14,"column":46}},"3":{"start":{"line":15,"column":8},"end":{"line":15,"column":82}},"4":{"start":{"line":18,"column":8},"end":{"line":18,"column":48}},"5":{"start":{"line":21,"column":21},"end":{"line":23,"column":5}},"6":{"start":{"line":22,"column":4},"end":{"line":22,"column":63}},"7":{"start":{"line":25,"column":23},"end":{"line":27,"column":5}},"8":{"start":{"line":26,"column":4},"end":{"line":26,"column":65}},"9":{"start":{"line":29,"column":4},"end":{"line":55,"column":5}},"10":{"start":{"line":36,"column":36},"end":{"line":36,"column":63}},"11":{"start":{"line":47,"column":50},"end":{"line":47,"column":79}}},"fnMap":{"0":{"name":"(anonymous_0)","decl":{"start":{"line":7,"column":24},"end":{"line":7,"column":25}},"loc":{"start":{"line":7,"column":30},"end":{"line":57,"column":1}},"line":7},"1":{"name":"addPref","decl":{"start":{"line":9,"column":13},"end":{"line":9,"column":20}},"loc":{"start":{"line":9,"column":23},"end":{"line":11,"column":5}},"line":9},"2":{"name":"setPref","decl":{"start":{"line":13,"column":13},"end":{"line":13,"column":20}},"loc":{"start":{"line":13,"column":28},"end":{"line":16,"column":5}},"line":13},"3":{"name":"setChoice","decl":{"start":{"line":17,"column":13},"end":{"line":17,"column":22}},"loc":{"start":{"line":17,"column":30},"end":{"line":19,"column":5}},"line":17},"4":{"name":"(anonymous_4)","decl":{"start":{"line":21,"column":60},"end":{"line":21,"column":61}},"loc":{"start":{"line":22,"column":4},"end":{"line":22,"column":63}},"line":22},"5":{"name":"(anonymous_5)","decl":{"start":{"line":25,"column":64},"end":{"line":25,"column":65}},"loc":{"start":{"line":26,"column":4},"end":{"line":26,"column":65}},"line":26},"6":{"name":"(anonymous_6)","decl":{"start":{"line":36,"column":26},"end":{"line":36,"column":27}},"loc":{"start":{"line":36,"column":35},"end":{"line":36,"column":64}},"line":36},"7":{"name":"(anonymous_7)","decl":{"start":{"line":47,"column":40},"end":{"line":47,"column":41}},"loc":{"start":{"line":47,"column":49},"end":{"line":47,"column":80}},"line":47}},"branchMap":{},"s":{"0":1,"1":0,"2":0,"3":0,"4":0,"5":1,"6":6,"7":1,"8":2,"9":1,"10":0,"11":0},"f":{"0":1,"1":0,"2":0,"3":0,"4":6,"5":2,"6":0,"7":0},"b":{},"_coverageSchema":"1a1c01bbd47fc00a2c39e90264f33305004495a9","hash":"081d1d966d30f09ae63dabde7c5ccbfee219374e"}
,"/home/johannes/DTU/5_semester/Complex_systems_and_DevOps/probe_springboot/web/src/components/UserPreferences/PreferenceArray.jsx": {"path":"/home/johannes/DTU/5_semester/Complex_systems_and_DevOps/probe_springboot/web/src/components/UserPreferences/PreferenceArray.jsx","statementMap":{"0":{"start":{"line":6,"column":24},"end":{"line":44,"column":1}},"1":{"start":{"line":8,"column":24},"end":{"line":8,"column":60}},"2":{"start":{"line":9,"column":29},"end":{"line":9,"column":31}},"3":{"start":{"line":12,"column":8},"end":{"line":12,"column":47}},"4":{"start":{"line":16,"column":0},"end":{"line":16,"column":39}},"5":{"start":{"line":17,"column":8},"end":{"line":17,"column":49}},"6":{"start":{"line":20,"column":4},"end":{"line":38,"column":6}},"7":{"start":{"line":21,"column":9},"end":{"line":37,"column":10}},"8":{"start":{"line":31,"column":61},"end":{"line":31,"column":78}},"9":{"start":{"line":34,"column":61},"end":{"line":34,"column":76}},"10":{"start":{"line":40,"column":4},"end":{"line":42,"column":5}}},"fnMap":{"0":{"name":"(anonymous_0)","decl":{"start":{"line":6,"column":24},"end":{"line":6,"column":25}},"loc":{"start":{"line":6,"column":30},"end":{"line":44,"column":1}},"line":6},"1":{"name":"editPref","decl":{"start":{"line":11,"column":13},"end":{"line":11,"column":21}},"loc":{"start":{"line":11,"column":29},"end":{"line":13,"column":5}},"line":11},"2":{"name":"deletePref","decl":{"start":{"line":15,"column":13},"end":{"line":15,"column":23}},"loc":{"start":{"line":15,"column":31},"end":{"line":18,"column":5}},"line":15},"3":{"name":"(anonymous_3)","decl":{"start":{"line":20,"column":24},"end":{"line":20,"column":25}},"loc":{"start":{"line":20,"column":47},"end":{"line":38,"column":5}},"line":20},"4":{"name":"(anonymous_4)","decl":{"start":{"line":31,"column":55},"end":{"line":31,"column":56}},"loc":{"start":{"line":31,"column":61},"end":{"line":31,"column":78}},"line":31},"5":{"name":"(anonymous_5)","decl":{"start":{"line":34,"column":55},"end":{"line":34,"column":56}},"loc":{"start":{"line":34,"column":61},"end":{"line":34,"column":76}},"line":34}},"branchMap":{},"s":{"0":1,"1":3,"2":3,"3":0,"4":0,"5":0,"6":3,"7":2,"8":0,"9":0,"10":3},"f":{"0":3,"1":0,"2":0,"3":2,"4":0,"5":0},"b":{},"_coverageSchema":"1a1c01bbd47fc00a2c39e90264f33305004495a9","hash":"a00c3fab0aacf7fdd1b61534ac585225f2c7841e"}
,"/home/johannes/DTU/5_semester/Complex_systems_and_DevOps/probe_springboot/web/src/components/createuser/CreateNewUserForm.jsx": {"path":"/home/johannes/DTU/5_semester/Complex_systems_and_DevOps/probe_springboot/web/src/components/createuser/CreateNewUserForm.jsx","statementMap":{"0":{"start":{"line":5,"column":26},"end":{"line":232,"column":1}},"1":{"start":{"line":7,"column":23},"end":{"line":7,"column":139}},"2":{"start":{"line":8,"column":38},"end":{"line":8,"column":52}},"3":{"start":{"line":10,"column":24},"end":{"line":12,"column":5}},"4":{"start":{"line":11,"column":8},"end":{"line":11,"column":46}},"5":{"start":{"line":13,"column":27},"end":{"line":16,"column":5}},"6":{"start":{"line":15,"column":8},"end":{"line":15,"column":49}},"7":{"start":{"line":17,"column":33},"end":{"line":19,"column":5}},"8":{"start":{"line":18,"column":8},"end":{"line":18,"column":55}},"9":{"start":{"line":20,"column":28},"end":{"line":22,"column":5}},"10":{"start":{"line":21,"column":8},"end":{"line":21,"column":50}},"11":{"start":{"line":23,"column":27},"end":{"line":25,"column":5}},"12":{"start":{"line":24,"column":8},"end":{"line":24,"column":49}},"13":{"start":{"line":26,"column":27},"end":{"line":28,"column":5}},"14":{"start":{"line":27,"column":8},"end":{"line":27,"column":44}},"15":{"start":{"line":29,"column":23},"end":{"line":31,"column":5}},"16":{"start":{"line":30,"column":8},"end":{"line":30,"column":45}},"17":{"start":{"line":32,"column":25},"end":{"line":34,"column":5}},"18":{"start":{"line":33,"column":8},"end":{"line":33,"column":47}},"19":{"start":{"line":35,"column":26},"end":{"line":37,"column":5}},"20":{"start":{"line":36,"column":8},"end":{"line":36,"column":48}},"21":{"start":{"line":38,"column":25},"end":{"line":40,"column":5}},"22":{"start":{"line":39,"column":8},"end":{"line":39,"column":47}},"23":{"start":{"line":41,"column":27},"end":{"line":43,"column":5}},"24":{"start":{"line":42,"column":8},"end":{"line":42,"column":55}},"25":{"start":{"line":44,"column":25},"end":{"line":46,"column":5}},"26":{"start":{"line":45,"column":8},"end":{"line":45,"column":47}},"27":{"start":{"line":47,"column":30},"end":{"line":49,"column":5}},"28":{"start":{"line":48,"column":8},"end":{"line":48,"column":52}},"29":{"start":{"line":51,"column":27},"end":{"line":115,"column":5}},"30":{"start":{"line":52,"column":8},"end":{"line":52,"column":31}},"31":{"start":{"line":53,"column":31},"end":{"line":53,"column":75}},"32":{"start":{"line":54,"column":23},"end":{"line":54,"column":28}},"33":{"start":{"line":56,"column":8},"end":{"line":105,"column":9}},"34":{"start":{"line":57,"column":12},"end":{"line":57,"column":27}},"35":{"start":{"line":58,"column":12},"end":{"line":58,"column":56}},"36":{"start":{"line":61,"column":12},"end":{"line":64,"column":13}},"37":{"start":{"line":62,"column":16},"end":{"line":62,"column":32}},"38":{"start":{"line":63,"column":16},"end":{"line":63,"column":45}},"39":{"start":{"line":66,"column":12},"end":{"line":69,"column":13}},"40":{"start":{"line":67,"column":16},"end":{"line":67,"column":32}},"41":{"start":{"line":68,"column":16},"end":{"line":68,"column":48}},"42":{"start":{"line":71,"column":12},"end":{"line":74,"column":13}},"43":{"start":{"line":72,"column":16},"end":{"line":72,"column":32}},"44":{"start":{"line":73,"column":16},"end":{"line":73,"column":57}},"45":{"start":{"line":76,"column":12},"end":{"line":79,"column":13}},"46":{"start":{"line":77,"column":16},"end":{"line":77,"column":32}},"47":{"start":{"line":78,"column":16},"end":{"line":78,"column":49}},"48":{"start":{"line":81,"column":12},"end":{"line":84,"column":13}},"49":{"start":{"line":82,"column":16},"end":{"line":82,"column":32}},"50":{"start":{"line":83,"column":16},"end":{"line":83,"column":48}},"51":{"start":{"line":86,"column":12},"end":{"line":89,"column":13}},"52":{"start":{"line":87,"column":16},"end":{"line":87,"column":32}},"53":{"start":{"line":88,"column":16},"end":{"line":88,"column":53}},"54":{"start":{"line":91,"column":12},"end":{"line":94,"column":13}},"55":{"start":{"line":92,"column":16},"end":{"line":92,"column":32}},"56":{"start":{"line":93,"column":16},"end":{"line":93,"column":44}},"57":{"start":{"line":96,"column":12},"end":{"line":99,"column":13}},"58":{"start":{"line":97,"column":16},"end":{"line":97,"column":32}},"59":{"start":{"line":98,"column":16},"end":{"line":98,"column":46}},"60":{"start":{"line":101,"column":12},"end":{"line":104,"column":13}},"61":{"start":{"line":102,"column":16},"end":{"line":102,"column":32}},"62":{"start":{"line":103,"column":16},"end":{"line":103,"column":47}},"63":{"start":{"line":106,"column":8},"end":{"line":106,"column":58}},"64":{"start":{"line":107,"column":8},"end":{"line":114,"column":9}},"65":{"start":{"line":108,"column":12},"end":{"line":108,"column":51}},"66":{"start":{"line":109,"column":12},"end":{"line":109,"column":36}},"67":{"start":{"line":112,"column":12},"end":{"line":112,"column":37}},"68":{"start":{"line":113,"column":12},"end":{"line":113,"column":31}},"69":{"start":{"line":117,"column":23},"end":{"line":164,"column":5}},"70":{"start":{"line":118,"column":8},"end":{"line":118,"column":31}},"71":{"start":{"line":119,"column":21},"end":{"line":127,"column":14}},"72":{"start":{"line":129,"column":31},"end":{"line":155,"column":9}},"73":{"start":{"line":157,"column":8},"end":{"line":163,"column":9}},"74":{"start":{"line":158,"column":29},"end":{"line":158,"column":68}},"75":{"start":{"line":159,"column":25},"end":{"line":159,"column":44}},"76":{"start":{"line":160,"column":12},"end":{"line":160,"column":62}},"77":{"start":{"line":162,"column":12},"end":{"line":162,"column":42}},"78":{"start":{"line":166,"column":4},"end":{"line":231,"column":6}}},"fnMap":{"0":{"name":"(anonymous_0)","decl":{"start":{"line":5,"column":26},"end":{"line":5,"column":27}},"loc":{"start":{"line":5,"column":32},"end":{"line":232,"column":1}},"line":5},"1":{"name":"(anonymous_1)","decl":{"start":{"line":10,"column":24},"end":{"line":10,"column":25}},"loc":{"start":{"line":10,"column":35},"end":{"line":12,"column":5}},"line":10},"2":{"name":"(anonymous_2)","decl":{"start":{"line":13,"column":27},"end":{"line":13,"column":28}},"loc":{"start":{"line":13,"column":38},"end":{"line":16,"column":5}},"line":13},"3":{"name":"(anonymous_3)","decl":{"start":{"line":17,"column":33},"end":{"line":17,"column":34}},"loc":{"start":{"line":17,"column":44},"end":{"line":19,"column":5}},"line":17},"4":{"name":"(anonymous_4)","decl":{"start":{"line":20,"column":28},"end":{"line":20,"column":29}},"loc":{"start":{"line":20,"column":39},"end":{"line":22,"column":5}},"line":20},"5":{"name":"(anonymous_5)","decl":{"start":{"line":23,"column":27},"end":{"line":23,"column":28}},"loc":{"start":{"line":23,"column":38},"end":{"line":25,"column":5}},"line":23},"6":{"name":"(anonymous_6)","decl":{"start":{"line":26,"column":27},"end":{"line":26,"column":28}},"loc":{"start":{"line":26,"column":38},"end":{"line":28,"column":5}},"line":26},"7":{"name":"(anonymous_7)","decl":{"start":{"line":29,"column":23},"end":{"line":29,"column":24}},"loc":{"start":{"line":29,"column":34},"end":{"line":31,"column":5}},"line":29},"8":{"name":"(anonymous_8)","decl":{"start":{"line":32,"column":25},"end":{"line":32,"column":26}},"loc":{"start":{"line":32,"column":36},"end":{"line":34,"column":5}},"line":32},"9":{"name":"(anonymous_9)","decl":{"start":{"line":35,"column":26},"end":{"line":35,"column":27}},"loc":{"start":{"line":35,"column":37},"end":{"line":37,"column":5}},"line":35},"10":{"name":"(anonymous_10)","decl":{"start":{"line":38,"column":25},"end":{"line":38,"column":26}},"loc":{"start":{"line":38,"column":36},"end":{"line":40,"column":5}},"line":38},"11":{"name":"(anonymous_11)","decl":{"start":{"line":41,"column":27},"end":{"line":41,"column":28}},"loc":{"start":{"line":41,"column":38},"end":{"line":43,"column":5}},"line":41},"12":{"name":"(anonymous_12)","decl":{"start":{"line":44,"column":25},"end":{"line":44,"column":26}},"loc":{"start":{"line":44,"column":36},"end":{"line":46,"column":5}},"line":44},"13":{"name":"(anonymous_13)","decl":{"start":{"line":47,"column":30},"end":{"line":47,"column":31}},"loc":{"start":{"line":47,"column":41},"end":{"line":49,"column":5}},"line":47},"14":{"name":"(anonymous_14)","decl":{"start":{"line":51,"column":27},"end":{"line":51,"column":28}},"loc":{"start":{"line":51,"column":38},"end":{"line":115,"column":5}},"line":51},"15":{"name":"(anonymous_15)","decl":{"start":{"line":117,"column":23},"end":{"line":117,"column":24}},"loc":{"start":{"line":117,"column":40},"end":{"line":164,"column":5}},"line":117}},"branchMap":{"0":{"loc":{"start":{"line":7,"column":23},"end":{"line":7,"column":139}},"type":"cond-expr","locations":[{"start":{"line":7,"column":65},"end":{"line":7,"column":97}},{"start":{"line":7,"column":100},"end":{"line":7,"column":139}}],"line":7},"1":{"loc":{"start":{"line":56,"column":8},"end":{"line":105,"column":9}},"type":"if","locations":[{"start":{"line":56,"column":8},"end":{"line":105,"column":9}},{"start":{"line":60,"column":12},"end":{"line":105,"column":9}}],"line":56},"2":{"loc":{"start":{"line":61,"column":12},"end":{"line":64,"column":13}},"type":"if","locations":[{"start":{"line":61,"column":12},"end":{"line":64,"column":13}},{"start":{},"end":{}}],"line":61},"3":{"loc":{"start":{"line":66,"column":12},"end":{"line":69,"column":13}},"type":"if","locations":[{"start":{"line":66,"column":12},"end":{"line":69,"column":13}},{"start":{},"end":{}}],"line":66},"4":{"loc":{"start":{"line":71,"column":12},"end":{"line":74,"column":13}},"type":"if","locations":[{"start":{"line":71,"column":12},"end":{"line":74,"column":13}},{"start":{},"end":{}}],"line":71},"5":{"loc":{"start":{"line":76,"column":12},"end":{"line":79,"column":13}},"type":"if","locations":[{"start":{"line":76,"column":12},"end":{"line":79,"column":13}},{"start":{},"end":{}}],"line":76},"6":{"loc":{"start":{"line":81,"column":12},"end":{"line":84,"column":13}},"type":"if","locations":[{"start":{"line":81,"column":12},"end":{"line":84,"column":13}},{"start":{},"end":{}}],"line":81},"7":{"loc":{"start":{"line":86,"column":12},"end":{"line":89,"column":13}},"type":"if","locations":[{"start":{"line":86,"column":12},"end":{"line":89,"column":13}},{"start":{},"end":{}}],"line":86},"8":{"loc":{"start":{"line":91,"column":12},"end":{"line":94,"column":13}},"type":"if","locations":[{"start":{"line":91,"column":12},"end":{"line":94,"column":13}},{"start":{},"end":{}}],"line":91},"9":{"loc":{"start":{"line":96,"column":12},"end":{"line":99,"column":13}},"type":"if","locations":[{"start":{"line":96,"column":12},"end":{"line":99,"column":13}},{"start":{},"end":{}}],"line":96},"10":{"loc":{"start":{"line":101,"column":12},"end":{"line":104,"column":13}},"type":"if","locations":[{"start":{"line":101,"column":12},"end":{"line":104,"column":13}},{"start":{},"end":{}}],"line":101},"11":{"loc":{"start":{"line":107,"column":8},"end":{"line":114,"column":9}},"type":"if","locations":[{"start":{"line":107,"column":8},"end":{"line":114,"column":9}},{"start":{"line":111,"column":12},"end":{"line":114,"column":9}}],"line":107},"12":{"loc":{"start":{"line":119,"column":21},"end":{"line":127,"column":14}},"type":"cond-expr","locations":[{"start":{"line":119,"column":57},"end":{"line":122,"column":14}},{"start":{"line":124,"column":12},"end":{"line":127,"column":14}}],"line":119},"13":{"loc":{"start":{"line":168,"column":8},"end":{"line":230,"column":19}},"type":"cond-expr","locations":[{"start":{"line":170,"column":12},"end":{"line":215,"column":22}},{"start":{"line":217,"column":12},"end":{"line":230,"column":19}}],"line":168},"14":{"loc":{"start":{"line":170,"column":12},"end":{"line":215,"column":22}},"type":"cond-expr","locations":[{"start":{"line":172,"column":16},"end":{"line":187,"column":23}},{"start":{"line":189,"column":16},"end":{"line":215,"column":22}}],"line":170},"15":{"loc":{"start":{"line":175,"column":88},"end":{"line":175,"column":131}},"type":"cond-expr","locations":[{"start":{"line":175,"column":106},"end":{"line":175,"column":121}},{"start":{"line":175,"column":124},"end":{"line":175,"column":131}}],"line":175},"16":{"loc":{"start":{"line":178,"column":79},"end":{"line":178,"column":138}},"type":"cond-expr","locations":[{"start":{"line":178,"column":101},"end":{"line":178,"column":120}},{"start":{"line":178,"column":123},"end":{"line":178,"column":138}}],"line":178},"17":{"loc":{"start":{"line":179,"column":78},"end":{"line":179,"column":131}},"type":"cond-expr","locations":[{"start":{"line":179,"column":99},"end":{"line":179,"column":117}},{"start":{"line":179,"column":120},"end":{"line":179,"column":131}}],"line":179},"18":{"loc":{"start":{"line":181,"column":113},"end":{"line":181,"column":147}},"type":"cond-expr","locations":[{"start":{"line":181,"column":129},"end":{"line":181,"column":142}},{"start":{"line":181,"column":145},"end":{"line":181,"column":147}}],"line":181},"19":{"loc":{"start":{"line":182,"column":74},"end":{"line":182,"column":114}},"type":"cond-expr","locations":[{"start":{"line":182,"column":91},"end":{"line":182,"column":105}},{"start":{"line":182,"column":108},"end":{"line":182,"column":114}}],"line":182},"20":{"loc":{"start":{"line":183,"column":76},"end":{"line":183,"column":122}},"type":"cond-expr","locations":[{"start":{"line":183,"column":95},"end":{"line":183,"column":111}},{"start":{"line":183,"column":114},"end":{"line":183,"column":122}}],"line":183},"21":{"loc":{"start":{"line":184,"column":77},"end":{"line":184,"column":122}},"type":"cond-expr","locations":[{"start":{"line":184,"column":97},"end":{"line":184,"column":111}},{"start":{"line":184,"column":114},"end":{"line":184,"column":122}}],"line":184},"22":{"loc":{"start":{"line":186,"column":21},"end":{"line":186,"column":103}},"type":"cond-expr","locations":[{"start":{"line":186,"column":39},"end":{"line":186,"column":93}},{"start":{"line":186,"column":96},"end":{"line":186,"column":103}}],"line":186},"23":{"loc":{"start":{"line":213,"column":25},"end":{"line":213,"column":107}},"type":"cond-expr","locations":[{"start":{"line":213,"column":43},"end":{"line":213,"column":97}},{"start":{"line":213,"column":100},"end":{"line":213,"column":107}}],"line":213},"24":{"loc":{"start":{"line":220,"column":84},"end":{"line":220,"column":127}},"type":"cond-expr","locations":[{"start":{"line":220,"column":102},"end":{"line":220,"column":117}},{"start":{"line":220,"column":120},"end":{"line":220,"column":127}}],"line":220},"25":{"loc":{"start":{"line":223,"column":75},"end":{"line":223,"column":134}},"type":"cond-expr","locations":[{"start":{"line":223,"column":97},"end":{"line":223,"column":116}},{"start":{"line":223,"column":119},"end":{"line":223,"column":134}}],"line":223},"26":{"loc":{"start":{"line":224,"column":74},"end":{"line":224,"column":127}},"type":"cond-expr","locations":[{"start":{"line":224,"column":95},"end":{"line":224,"column":113}},{"start":{"line":224,"column":116},"end":{"line":224,"column":127}}],"line":224},"27":{"loc":{"start":{"line":225,"column":70},"end":{"line":225,"column":110}},"type":"cond-expr","locations":[{"start":{"line":225,"column":87},"end":{"line":225,"column":101}},{"start":{"line":225,"column":104},"end":{"line":225,"column":110}}],"line":225},"28":{"loc":{"start":{"line":226,"column":72},"end":{"line":226,"column":118}},"type":"cond-expr","locations":[{"start":{"line":226,"column":91},"end":{"line":226,"column":107}},{"start":{"line":226,"column":110},"end":{"line":226,"column":118}}],"line":226},"29":{"loc":{"start":{"line":227,"column":73},"end":{"line":227,"column":118}},"type":"cond-expr","locations":[{"start":{"line":227,"column":93},"end":{"line":227,"column":107}},{"start":{"line":227,"column":110},"end":{"line":227,"column":118}}],"line":227},"30":{"loc":{"start":{"line":229,"column":17},"end":{"line":229,"column":99}},"type":"cond-expr","locations":[{"start":{"line":229,"column":35},"end":{"line":229,"column":89}},{"start":{"line":229,"column":92},"end":{"line":229,"column":99}}],"line":229}},"s":{"0":0,"1":0,"2":0,"3":0,"4":0,"5":0,"6":0,"7":0,"8":0,"9":0,"10":0,"11":0,"12":0,"13":0,"14":0,"15":0,"16":0,"17":0,"18":0,"19":0,"20":0,"21":0,"22":0,"23":0,"24":0,"25":0,"26":0,"27":0,"28":0,"29":0,"30":0,"31":0,"32":0,"33":0,"34":0,"35":0,"36":0,"37":0,"38":0,"39":0,"40":0,"41":0,"42":0,"43":0,"44":0,"45":0,"46":0,"47":0,"48":0,"49":0,"50":0,"51":0,"52":0,"53":0,"54":0,"55":0,"56":0,"57":0,"58":0,"59":0,"60":0,"61":0,"62":0,"63":0,"64":0,"65":0,"66":0,"67":0,"68":0,"69":0,"70":0,"71":0,"72":0,"73":0,"74":0,"75":0,"76":0,"77":0,"78":0},"f":{"0":0,"1":0,"2":0,"3":0,"4":0,"5":0,"6":0,"7":0,"8":0,"9":0,"10":0,"11":0,"12":0,"13":0,"14":0,"15":0},"b":{"0":[0,0],"1":[0,0],"2":[0,0],"3":[0,0],"4":[0,0],"5":[0,0],"6":[0,0],"7":[0,0],"8":[0,0],"9":[0,0],"10":[0,0],"11":[0,0],"12":[0,0],"13":[0,0],"14":[0,0],"15":[0,0],"16":[0,0],"17":[0,0],"18":[0,0],"19":[0,0],"20":[0,0],"21":[0,0],"22":[0,0],"23":[0,0],"24":[0,0],"25":[0,0],"26":[0,0],"27":[0,0],"28":[0,0],"29":[0,0],"30":[0,0]}}
,"/home/johannes/DTU/5_semester/Complex_systems_and_DevOps/probe_springboot/web/src/components/createuser/SelectUserType.jsx": {"path":"/home/johannes/DTU/5_semester/Complex_systems_and_DevOps/probe_springboot/web/src/components/createuser/SelectUserType.jsx","statementMap":{"0":{"start":{"line":2,"column":23},"end":{"line":29,"column":1}},"1":{"start":{"line":4,"column":23},"end":{"line":4,"column":36}},"2":{"start":{"line":5,"column":24},"end":{"line":5,"column":38}},"3":{"start":{"line":7,"column":28},"end":{"line":10,"column":5}},"4":{"start":{"line":8,"column":8},"end":{"line":8,"column":33}},"5":{"start":{"line":9,"column":8},"end":{"line":9,"column":68}},"6":{"start":{"line":12,"column":17},"end":{"line":14,"column":5}},"7":{"start":{"line":16,"column":4},"end":{"line":28,"column":6}}},"fnMap":{"0":{"name":"(anonymous_0)","decl":{"start":{"line":2,"column":23},"end":{"line":2,"column":24}},"loc":{"start":{"line":2,"column":29},"end":{"line":29,"column":1}},"line":2},"1":{"name":"(anonymous_1)","decl":{"start":{"line":7,"column":28},"end":{"line":7,"column":29}},"loc":{"start":{"line":7,"column":34},"end":{"line":10,"column":5}},"line":7}},"branchMap":{"0":{"loc":{"start":{"line":17,"column":8},"end":{"line":27,"column":18}},"type":"cond-expr","locations":[{"start":{"line":19,"column":12},"end":{"line":22,"column":18}},{"start":{"line":24,"column":12},"end":{"line":27,"column":18}}],"line":17}},"s":{"0":0,"1":0,"2":0,"3":0,"4":0,"5":0,"6":0,"7":0},"f":{"0":0,"1":0},"b":{"0":[0,0]}}
,"/home/johannes/DTU/5_semester/Complex_systems_and_DevOps/probe_springboot/web/src/components/landingPage/Carousel.jsx": {"path":"/home/johannes/DTU/5_semester/Complex_systems_and_DevOps/probe_springboot/web/src/components/landingPage/Carousel.jsx","statementMap":{"0":{"start":{"line":6,"column":19},"end":{"line":28,"column":1}},"1":{"start":{"line":30,"column":16},"end":{"line":30,"column":39}},"2":{"start":{"line":31,"column":17},"end":{"line":38,"column":2}},"3":{"start":{"line":32,"column":2},"end":{"line":37,"column":46}},"4":{"start":{"line":41,"column":23},"end":{"line":54,"column":1}},"5":{"start":{"line":42,"column":4},"end":{"line":53,"column":6}}},"fnMap":{"0":{"name":"(anonymous_0)","decl":{"start":{"line":31,"column":29},"end":{"line":31,"column":30}},"loc":{"start":{"line":31,"column":49},"end":{"line":38,"column":1}},"line":31},"1":{"name":"(anonymous_1)","decl":{"start":{"line":41,"column":23},"end":{"line":41,"column":24}},"loc":{"start":{"line":41,"column":29},"end":{"line":54,"column":1}},"line":41}},"branchMap":{},"s":{"0":1,"1":1,"2":1,"3":6,"4":1,"5":1},"f":{"0":6,"1":1},"b":{},"_coverageSchema":"1a1c01bbd47fc00a2c39e90264f33305004495a9","hash":"a7643d4c54e26f894f2aa799f3246bafa8ef4f24"}
,"/home/johannes/DTU/5_semester/Complex_systems_and_DevOps/probe_springboot/web/src/components/landingPage/TrialCard.jsx": {"path":"/home/johannes/DTU/5_semester/Complex_systems_and_DevOps/probe_springboot/web/src/components/landingPage/TrialCard.jsx","statementMap":{"0":{"start":{"line":6,"column":18},"end":{"line":46,"column":1}},"1":{"start":{"line":8,"column":22},"end":{"line":8,"column":39}},"2":{"start":{"line":9,"column":4},"end":{"line":11,"column":5}},"3":{"start":{"line":10,"column":8},"end":{"line":10,"column":59}},"4":{"start":{"line":13,"column":4},"end":{"line":45,"column":2}},"5":{"start":{"line":37,"column":24},"end":{"line":37,"column":57}},"6":{"start":{"line":38,"column":20},"end":{"line":38,"column":67}}},"fnMap":{"0":{"name":"(anonymous_0)","decl":{"start":{"line":6,"column":18},"end":{"line":6,"column":19}},"loc":{"start":{"line":6,"column":29},"end":{"line":46,"column":1}},"line":6},"1":{"name":"(anonymous_1)","decl":{"start":{"line":36,"column":56},"end":{"line":36,"column":57}},"loc":{"start":{"line":36,"column":60},"end":{"line":39,"column":17}},"line":36}},"branchMap":{"0":{"loc":{"start":{"line":9,"column":4},"end":{"line":11,"column":5}},"type":"if","locations":[{"start":{"line":9,"column":4},"end":{"line":11,"column":5}},{"start":{},"end":{}}],"line":9}},"s":{"0":1,"1":0,"2":0,"3":0,"4":0,"5":0,"6":0},"f":{"0":0,"1":0},"b":{"0":[0,0]},"_coverageSchema":"1a1c01bbd47fc00a2c39e90264f33305004495a9","hash":"c745b1e8163979611ffc1160a41fa76665ffb31c"}
,"/home/johannes/DTU/5_semester/Complex_systems_and_DevOps/probe_springboot/web/src/components/sign_in/CreateNewUser.jsx": {"path":"/home/johannes/DTU/5_semester/Complex_systems_and_DevOps/probe_springboot/web/src/components/sign_in/CreateNewUser.jsx","statementMap":{"0":{"start":{"line":3,"column":22},"end":{"line":13,"column":1}},"1":{"start":{"line":4,"column":4},"end":{"line":12,"column":7}}},"fnMap":{"0":{"name":"(anonymous_0)","decl":{"start":{"line":3,"column":22},"end":{"line":3,"column":23}},"loc":{"start":{"line":3,"column":28},"end":{"line":13,"column":1}},"line":3}},"branchMap":{},"s":{"0":1,"1":2},"f":{"0":2},"b":{},"_coverageSchema":"1a1c01bbd47fc00a2c39e90264f33305004495a9","hash":"6eb6c6f93650bba9962b5d0446efab3f91e948e9"}
,"/home/johannes/DTU/5_semester/Complex_systems_and_DevOps/probe_springboot/web/src/components/sign_in/Login.jsx": {"path":"/home/johannes/DTU/5_semester/Complex_systems_and_DevOps/probe_springboot/web/src/components/sign_in/Login.jsx","statementMap":{"0":{"start":{"line":8,"column":20},"end":{"line":10,"column":1}},"1":{"start":{"line":9,"column":4},"end":{"line":9,"column":55}},"2":{"start":{"line":12,"column":20},"end":{"line":14,"column":1}},"3":{"start":{"line":13,"column":4},"end":{"line":13,"column":56}},"4":{"start":{"line":16,"column":14},"end":{"line":63,"column":1}},"5":{"start":{"line":18,"column":21},"end":{"line":18,"column":34}},"6":{"start":{"line":20,"column":25},"end":{"line":43,"column":5}},"7":{"start":{"line":21,"column":8},"end":{"line":21,"column":44}},"8":{"start":{"line":22,"column":22},"end":{"line":22,"column":64}},"9":{"start":{"line":24,"column":8},"end":{"line":31,"column":9}},"10":{"start":{"line":25,"column":12},"end":{"line":25,"column":44}},"11":{"start":{"line":26,"column":12},"end":{"line":26,"column":35}},"12":{"start":{"line":29,"column":12},"end":{"line":29,"column":33}},"13":{"start":{"line":30,"column":12},"end":{"line":30,"column":30}},"14":{"start":{"line":44,"column":4},"end":{"line":62,"column":7}}},"fnMap":{"0":{"name":"(anonymous_0)","decl":{"start":{"line":8,"column":20},"end":{"line":8,"column":21}},"loc":{"start":{"line":8,"column":31},"end":{"line":10,"column":1}},"line":8},"1":{"name":"(anonymous_1)","decl":{"start":{"line":12,"column":20},"end":{"line":12,"column":21}},"loc":{"start":{"line":12,"column":31},"end":{"line":14,"column":1}},"line":12},"2":{"name":"(anonymous_2)","decl":{"start":{"line":16,"column":14},"end":{"line":16,"column":15}},"loc":{"start":{"line":16,"column":20},"end":{"line":63,"column":1}},"line":16},"3":{"name":"(anonymous_3)","decl":{"start":{"line":20,"column":25},"end":{"line":20,"column":26}},"loc":{"start":{"line":20,"column":38},"end":{"line":43,"column":5}},"line":20}},"branchMap":{"0":{"loc":{"start":{"line":24,"column":8},"end":{"line":31,"column":9}},"type":"if","locations":[{"start":{"line":24,"column":8},"end":{"line":31,"column":9}},{"start":{"line":28,"column":12},"end":{"line":31,"column":9}}],"line":24}},"s":{"0":1,"1":1,"2":1,"3":1,"4":1,"5":5,"6":5,"7":0,"8":0,"9":0,"10":0,"11":0,"12":0,"13":0,"14":5},"f":{"0":1,"1":1,"2":5,"3":0},"b":{"0":[0,0]},"_coverageSchema":"1a1c01bbd47fc00a2c39e90264f33305004495a9","hash":"930769972229439fc51c1c656acb9b7d1afe9ba5"}
,"/home/johannes/DTU/5_semester/Complex_systems_and_DevOps/probe_springboot/web/src/pages/About.jsx": {"path":"/home/johannes/DTU/5_semester/Complex_systems_and_DevOps/probe_springboot/web/src/pages/About.jsx","statementMap":{"0":{"start":{"line":1,"column":14},"end":{"line":5,"column":1}},"1":{"start":{"line":2,"column":4},"end":{"line":4,"column":7}}},"fnMap":{"0":{"name":"(anonymous_0)","decl":{"start":{"line":1,"column":14},"end":{"line":1,"column":15}},"loc":{"start":{"line":1,"column":20},"end":{"line":5,"column":1}},"line":1}},"branchMap":{},"s":{"0":0,"1":0},"f":{"0":0},"b":{}}
,"/home/johannes/DTU/5_semester/Complex_systems_and_DevOps/probe_springboot/web/src/pages/AdminLogin.jsx": {"path":"/home/johannes/DTU/5_semester/Complex_systems_and_DevOps/probe_springboot/web/src/pages/AdminLogin.jsx","statementMap":{"0":{"start":{"line":4,"column":2},"end":{"line":4,"column":19}}},"fnMap":{"0":{"name":"AdminLogin","decl":{"start":{"line":3,"column":24},"end":{"line":3,"column":34}},"loc":{"start":{"line":3,"column":37},"end":{"line":5,"column":1}},"line":3}},"branchMap":{},"s":{"0":0},"f":{"0":0},"b":{}}
,"/home/johannes/DTU/5_semester/Complex_systems_and_DevOps/probe_springboot/web/src/pages/AdminPage.jsx": {"path":"/home/johannes/DTU/5_semester/Complex_systems_and_DevOps/probe_springboot/web/src/pages/AdminPage.jsx","statementMap":{"0":{"start":{"line":4,"column":2},"end":{"line":4,"column":18}}},"fnMap":{"0":{"name":"AdminPage","decl":{"start":{"line":3,"column":24},"end":{"line":3,"column":33}},"loc":{"start":{"line":3,"column":36},"end":{"line":5,"column":1}},"line":3}},"branchMap":{},"s":{"0":0},"f":{"0":0},"b":{}}
,"/home/johannes/DTU/5_semester/Complex_systems_and_DevOps/probe_springboot/web/src/pages/CreateUser.jsx": {"path":"/home/johannes/DTU/5_semester/Complex_systems_and_DevOps/probe_springboot/web/src/pages/CreateUser.jsx","statementMap":{"0":{"start":{"line":5,"column":19},"end":{"line":15,"column":1}},"1":{"start":{"line":7,"column":4},"end":{"line":14,"column":7}}},"fnMap":{"0":{"name":"(anonymous_0)","decl":{"start":{"line":5,"column":19},"end":{"line":5,"column":20}},"loc":{"start":{"line":5,"column":25},"end":{"line":15,"column":1}},"line":5}},"branchMap":{},"s":{"0":0,"1":0},"f":{"0":0},"b":{}}
,"/home/johannes/DTU/5_semester/Complex_systems_and_DevOps/probe_springboot/web/src/pages/EditTrials.jsx": {"path":"/home/johannes/DTU/5_semester/Complex_systems_and_DevOps/probe_springboot/web/src/pages/EditTrials.jsx","statementMap":{"0":{"start":{"line":10,"column":19},"end":{"line":40,"column":1}},"1":{"start":{"line":11,"column":4},"end":{"line":39,"column":6}},"2":{"start":{"line":17,"column":42},"end":{"line":17,"column":80}},"3":{"start":{"line":24,"column":24},"end":{"line":33,"column":26}}},"fnMap":{"0":{"name":"(anonymous_0)","decl":{"start":{"line":10,"column":19},"end":{"line":10,"column":20}},"loc":{"start":{"line":10,"column":25},"end":{"line":40,"column":1}},"line":10},"1":{"name":"(anonymous_1)","decl":{"start":{"line":16,"column":47},"end":{"line":16,"column":48}},"loc":{"start":{"line":16,"column":53},"end":{"line":18,"column":39}},"line":16},"2":{"name":"(anonymous_2)","decl":{"start":{"line":23,"column":53},"end":{"line":23,"column":54}},"loc":{"start":{"line":23,"column":73},"end":{"line":34,"column":21}},"line":23}},"branchMap":{},"s":{"0":1,"1":6,"2":1,"3":0},"f":{"0":6,"1":1,"2":0},"b":{},"_coverageSchema":"1a1c01bbd47fc00a2c39e90264f33305004495a9","hash":"dbfdf189b5c53abe70476167544195d4f8354f18"}
,"/home/johannes/DTU/5_semester/Complex_systems_and_DevOps/probe_springboot/web/src/pages/Home.jsx": {"path":"/home/johannes/DTU/5_semester/Complex_systems_and_DevOps/probe_springboot/web/src/pages/Home.jsx","statementMap":{"0":{"start":{"line":9,"column":20},"end":{"line":39,"column":1}},"1":{"start":{"line":11,"column":4},"end":{"line":38,"column":5}}},"fnMap":{"0":{"name":"(anonymous_0)","decl":{"start":{"line":9,"column":20},"end":{"line":9,"column":21}},"loc":{"start":{"line":9,"column":26},"end":{"line":39,"column":1}},"line":9}},"branchMap":{},"s":{"0":1,"1":1},"f":{"0":1},"b":{},"_coverageSchema":"1a1c01bbd47fc00a2c39e90264f33305004495a9","hash":"6248b739cf9e23c7dd54574475be69e2b6adbf7a"}
,"/home/johannes/DTU/5_semester/Complex_systems_and_DevOps/probe_springboot/web/src/pages/Login.jsx": {"path":"/home/johannes/DTU/5_semester/Complex_systems_and_DevOps/probe_springboot/web/src/pages/Login.jsx","statementMap":{"0":{"start":{"line":5,"column":14},"end":{"line":12,"column":1}},"1":{"start":{"line":6,"column":4},"end":{"line":11,"column":6}}},"fnMap":{"0":{"name":"(anonymous_0)","decl":{"start":{"line":5,"column":14},"end":{"line":5,"column":15}},"loc":{"start":{"line":5,"column":20},"end":{"line":12,"column":1}},"line":5}},"branchMap":{},"s":{"0":0,"1":0},"f":{"0":0},"b":{}}
,"/home/johannes/DTU/5_semester/Complex_systems_and_DevOps/probe_springboot/web/src/pages/PageNotFound.jsx": {"path":"/home/johannes/DTU/5_semester/Complex_systems_and_DevOps/probe_springboot/web/src/pages/PageNotFound.jsx","statementMap":{"0":{"start":{"line":1,"column":21},"end":{"line":5,"column":1}},"1":{"start":{"line":2,"column":4},"end":{"line":4,"column":7}}},"fnMap":{"0":{"name":"(anonymous_0)","decl":{"start":{"line":1,"column":21},"end":{"line":1,"column":22}},"loc":{"start":{"line":1,"column":27},"end":{"line":5,"column":1}},"line":1}},"branchMap":{},"s":{"0":0,"1":0},"f":{"0":0},"b":{}}
,"/home/johannes/DTU/5_semester/Complex_systems_and_DevOps/probe_springboot/web/src/pages/UserProfile.jsx": {"path":"/home/johannes/DTU/5_semester/Complex_systems_and_DevOps/probe_springboot/web/src/pages/UserProfile.jsx","statementMap":{"0":{"start":{"line":11,"column":20},"end":{"line":47,"column":1}},"1":{"start":{"line":14,"column":4},"end":{"line":46,"column":5}}},"fnMap":{"0":{"name":"(anonymous_0)","decl":{"start":{"line":11,"column":20},"end":{"line":11,"column":21}},"loc":{"start":{"line":11,"column":26},"end":{"line":47,"column":1}},"line":11}},"branchMap":{},"s":{"0":1,"1":1},"f":{"0":1},"b":{},"_coverageSchema":"1a1c01bbd47fc00a2c39e90264f33305004495a9","hash":"b94f6de7f2385255af790c74f1ac6283f0ad3e35"}
,"/home/johannes/DTU/5_semester/Complex_systems_and_DevOps/probe_springboot/web/src/pages/ViewTrials.jsx": {"path":"/home/johannes/DTU/5_semester/Complex_systems_and_DevOps/probe_springboot/web/src/pages/ViewTrials.jsx","statementMap":{"0":{"start":{"line":5,"column":19},"end":{"line":16,"column":1}},"1":{"start":{"line":7,"column":4},"end":{"line":15,"column":6}}},"fnMap":{"0":{"name":"(anonymous_0)","decl":{"start":{"line":5,"column":19},"end":{"line":5,"column":20}},"loc":{"start":{"line":5,"column":25},"end":{"line":16,"column":1}},"line":5}},"branchMap":{},"s":{"0":0,"1":0},"f":{"0":0},"b":{}}
,"/home/johannes/DTU/5_semester/Complex_systems_and_DevOps/probe_springboot/web/src/requests/loginRequest.js": {"path":"/home/johannes/DTU/5_semester/Complex_systems_and_DevOps/probe_springboot/web/src/requests/loginRequest.js","statementMap":{"0":{"start":{"line":4,"column":17},"end":{"line":4,"column":159}},"1":{"start":{"line":6,"column":28},"end":{"line":66,"column":1}},"2":{"start":{"line":8,"column":4},"end":{"line":65,"column":5}},"3":{"start":{"line":9,"column":31},"end":{"line":14,"column":9}},"4":{"start":{"line":15,"column":25},"end":{"line":15,"column":62}},"5":{"start":{"line":16,"column":21},"end":{"line":16,"column":42}},"6":{"start":{"line":18,"column":8},"end":{"line":18,"column":52}},"7":{"start":{"line":19,"column":8},"end":{"line":19,"column":38}},"8":{"start":{"line":20,"column":8},"end":{"line":20,"column":34}},"9":{"start":{"line":21,"column":8},"end":{"line":21,"column":46}},"10":{"start":{"line":22,"column":8},"end":{"line":22,"column":44}},"11":{"start":{"line":23,"column":8},"end":{"line":23,"column":34}},"12":{"start":{"line":24,"column":8},"end":{"line":24,"column":40}},"13":{"start":{"line":25,"column":8},"end":{"line":25,"column":56}},"14":{"start":{"line":26,"column":8},"end":{"line":26,"column":38}},"15":{"start":{"line":27,"column":8},"end":{"line":27,"column":50}},"16":{"start":{"line":28,"column":8},"end":{"line":28,"column":48}},"17":{"start":{"line":29,"column":8},"end":{"line":29,"column":48}},"18":{"start":{"line":30,"column":8},"end":{"line":30,"column":42}},"19":{"start":{"line":31,"column":8},"end":{"line":31,"column":36}},"20":{"start":{"line":32,"column":8},"end":{"line":32,"column":42}},"21":{"start":{"line":33,"column":8},"end":{"line":33,"column":37}},"22":{"start":{"line":34,"column":8},"end":{"line":34,"column":45}},"23":{"start":{"line":35,"column":8},"end":{"line":35,"column":48}},"24":{"start":{"line":36,"column":8},"end":{"line":36,"column":29}},"25":{"start":{"line":64,"column":8},"end":{"line":64,"column":47}}},"fnMap":{"0":{"name":"(anonymous_0)","decl":{"start":{"line":6,"column":28},"end":{"line":6,"column":29}},"loc":{"start":{"line":6,"column":55},"end":{"line":66,"column":1}},"line":6}},"branchMap":{"0":{"loc":{"start":{"line":4,"column":17},"end":{"line":4,"column":159}},"type":"cond-expr","locations":[{"start":{"line":4,"column":59},"end":{"line":4,"column":104}},{"start":{"line":4,"column":107},"end":{"line":4,"column":159}}],"line":4}},"s":{"0":3,"1":3,"2":0,"3":0,"4":0,"5":0,"6":0,"7":0,"8":0,"9":0,"10":0,"11":0,"12":0,"13":0,"14":0,"15":0,"16":0,"17":0,"18":0,"19":0,"20":0,"21":0,"22":0,"23":0,"24":0,"25":0},"f":{"0":0},"b":{"0":[0,3]},"_coverageSchema":"1a1c01bbd47fc00a2c39e90264f33305004495a9","hash":"bfb8a2f7df2f53144f40e456742569c6346ef04b"}
,"/home/johannes/DTU/5_semester/Complex_systems_and_DevOps/probe_springboot/web/src/requests/submitNewUser.js": {"path":"/home/johannes/DTU/5_semester/Complex_systems_and_DevOps/probe_springboot/web/src/requests/submitNewUser.js","statementMap":{},"fnMap":{},"branchMap":{},"s":{},"f":{},"b":{}}
,"/home/johannes/DTU/5_semester/Complex_systems_and_DevOps/probe_springboot/web/src/stores/AuthenticationStore.js": {"path":"/home/johannes/DTU/5_semester/Complex_systems_and_DevOps/probe_springboot/web/src/stores/AuthenticationStore.js","statementMap":{"0":{"start":{"line":6,"column":15},"end":{"line":6,"column":20}},"1":{"start":{"line":7,"column":12},"end":{"line":7,"column":16}},"2":{"start":{"line":8,"column":16},"end":{"line":11,"column":5}},"3":{"start":{"line":15,"column":8},"end":{"line":18,"column":9}},"4":{"start":{"line":22,"column":8},"end":{"line":22,"column":26}},"5":{"start":{"line":23,"column":8},"end":{"line":23,"column":73}},"6":{"start":{"line":28,"column":8},"end":{"line":28,"column":40}},"7":{"start":{"line":32,"column":8},"end":{"line":32,"column":43}},"8":{"start":{"line":36,"column":8},"end":{"line":36,"column":27}},"9":{"start":{"line":40,"column":8},"end":{"line":40,"column":31}},"10":{"start":{"line":44,"column":8},"end":{"line":44,"column":29}},"11":{"start":{"line":48,"column":8},"end":{"line":48,"column":25}},"12":{"start":{"line":53,"column":35},"end":{"line":53,"column":60}}},"fnMap":{"0":{"name":"(anonymous_0)","decl":{"start":{"line":14,"column":4},"end":{"line":14,"column":5}},"loc":{"start":{"line":14,"column":18},"end":{"line":19,"column":5}},"line":14},"1":{"name":"(anonymous_1)","decl":{"start":{"line":21,"column":4},"end":{"line":21,"column":5}},"loc":{"start":{"line":21,"column":21},"end":{"line":25,"column":5}},"line":21},"2":{"name":"(anonymous_2)","decl":{"start":{"line":27,"column":4},"end":{"line":27,"column":5}},"loc":{"start":{"line":27,"column":26},"end":{"line":29,"column":5}},"line":27},"3":{"name":"(anonymous_3)","decl":{"start":{"line":31,"column":4},"end":{"line":31,"column":5}},"loc":{"start":{"line":31,"column":26},"end":{"line":33,"column":5}},"line":31},"4":{"name":"(anonymous_4)","decl":{"start":{"line":35,"column":4},"end":{"line":35,"column":5}},"loc":{"start":{"line":35,"column":20},"end":{"line":37,"column":5}},"line":35},"5":{"name":"(anonymous_5)","decl":{"start":{"line":39,"column":4},"end":{"line":39,"column":5}},"loc":{"start":{"line":39,"column":24},"end":{"line":41,"column":5}},"line":39},"6":{"name":"(anonymous_6)","decl":{"start":{"line":43,"column":4},"end":{"line":43,"column":5}},"loc":{"start":{"line":43,"column":18},"end":{"line":45,"column":5}},"line":43},"7":{"name":"(anonymous_7)","decl":{"start":{"line":47,"column":4},"end":{"line":47,"column":5}},"loc":{"start":{"line":47,"column":14},"end":{"line":49,"column":5}},"line":47}},"branchMap":{},"s":{"0":3,"1":3,"2":3,"3":3,"4":0,"5":0,"6":1,"7":1,"8":0,"9":0,"10":1,"11":0,"12":3},"f":{"0":3,"1":0,"2":1,"3":1,"4":0,"5":0,"6":1,"7":0},"b":{},"_coverageSchema":"1a1c01bbd47fc00a2c39e90264f33305004495a9","hash":"86923de84c410e91ee9ab6f3a216f4a2b4f5ece5"}
[...]
{"start":{"line":293,"column":4},"end":{"line":293,"column":5}},"loc":{"start":{"line":293,"column":19},"end":{"line":295,"column":5}},"line":293},"44":{"name":"(anonymous_44)","decl":{"start":{"line":297,"column":4},"end":{"line":297,"column":5}},"loc":{"start":{"line":297,"column":24},"end":{"line":299,"column":5}},"line":297},"45":{"name":"(anonymous_45)","decl":{"start":{"line":301,"column":4},"end":{"line":301,"column":5}},"loc":{"start":{"line":301,"column":13},"end":{"line":303,"column":5}},"line":301},"46":{"name":"(anonymous_46)","decl":{"start":{"line":305,"column":4},"end":{"line":305,"column":5}},"loc":{"start":{"line":305,"column":18},"end":{"line":307,"column":5}},"line":305},"47":{"name":"(anonymous_47)","decl":{"start":{"line":309,"column":4},"end":{"line":309,"column":5}},"loc":{"start":{"line":309,"column":18},"end":{"line":311,"column":5}},"line":309},"48":{"name":"(anonymous_48)","decl":{"start":{"line":313,"column":4},"end":{"line":313,"column":5}},"loc":{"start":{"line":313,"column":23},"end":{"line":315,"column":5}},"line":313},"49":{"name":"(anonymous_49)","decl":{"start":{"line":317,"column":4},"end":{"line":317,"column":5}},"loc":{"start":{"line":317,"column":12},"end":{"line":319,"column":5}},"line":317},"50":{"name":"(anonymous_50)","decl":{"start":{"line":321,"column":4},"end":{"line":321,"column":5}},"loc":{"start":{"line":321,"column":17},"end":{"line":323,"column":5}},"line":321},"51":{"name":"(anonymous_51)","decl":{"start":{"line":325,"column":4},"end":{"line":325,"column":5}},"loc":{"start":{"line":325,"column":18},"end":{"line":327,"column":5}},"line":325},"52":{"name":"(anonymous_52)","decl":{"start":{"line":329,"column":4},"end":{"line":329,"column":5}},"loc":{"start":{"line":329,"column":23},"end":{"line":331,"column":5}},"line":329},"53":{"name":"(anonymous_53)","decl":{"start":{"line":333,"column":4},"end":{"line":333,"column":5}},"loc":{"start":{"line":333,"column":20},"end":{"line":335,"column":5}},"line":333},"54":{"name":"(anonymous_54)","decl":{"start":{"line":337,"column":4},"end":{"line":337,"column":5}},"loc":{"start":{"line":337,"column":25},"end":{"line":339,"column":5}},"line":337},"55":{"name":"(anonymous_55)","decl":{"start":{"line":341,"column":4},"end":{"line":341,"column":5}},"loc":{"start":{"line":341,"column":18},"end":{"line":344,"column":5}},"line":341},"56":{"name":"(anonymous_56)","decl":{"start":{"line":346,"column":4},"end":{"line":346,"column":5}},"loc":{"start":{"line":346,"column":13},"end":{"line":348,"column":5}},"line":346}},"branchMap":{"0":{"loc":{"start":{"line":7,"column":13},"end":{"line":7,"column":130}},"type":"cond-expr","locations":[{"start":{"line":7,"column":54},"end":{"line":7,"column":87}},{"start":{"line":7,"column":90},"end":{"line":7,"column":130}}],"line":7},"1":{"loc":{"start":{"line":106,"column":8},"end":{"line":123,"column":9}},"type":"if","locations":[{"start":{"line":106,"column":8},"end":{"line":123,"column":9}},{"start":{},"end":{}}],"line":106}},"s":{"0":1,"1":1,"2":1,"3":1,"4":1,"5":1,"6":1,"7":1,"8":1,"9":1,"10":1,"11":1,"12":1,"13":1,"14":1,"15":1,"16":1,"17":1,"18":1,"19":1,"20":1,"21":1,"22":1,"23":1,"24":1,"25":1,"26":1,"27":1,"28":1,"29":1,"30":1,"31":1,"32":1,"33":1,"34":1,"35":1,"36":1,"37":1,"38":1,"39":1,"40":1,"41":1,"42":0,"43":0,"44":0,"45":0,"46":0,"47":0,"48":0,"49":0,"50":0,"51":0,"52":0,"53":0,"54":0,"55":0,"56":0,"57":0,"58":0,"59":0,"60":0,"61":0,"62":0,"63":0,"64":0,"65":0,"66":0,"67":0,"68":0,"69":0,"70":0,"71":0,"72":0,"73":0,"74":0,"75":0,"76":0,"77":1,"78":0,"79":0,"80":1,"81":1,"82":0,"83":6,"84":0,"85":0,"86":0,"87":2,"88":1,"89":2,"90":1,"91":2,"92":1,"93":2,"94":1,"95":2,"96":1,"97":2,"98":1,"99":2,"100":1,"101":2,"102":1,"103":2,"104":1,"105":2,"106":1,"107":2,"108":1,"109":2,"110":1,"111":2,"112":1,"113":2,"114":1,"115":12,"116":1,"117":2,"118":1,"119":2,"120":1,"121":1,"122":2,"123":1},"f":{"0":1,"1":1,"2":0,"3":0,"4":0,"5":0,"6":0,"7":0,"8":0,"9":0,"10":0,"11":0,"12":0,"13":0,"14":1,"15":0,"16":1,"17":0,"18":6,"19":0,"20":0,"21":2,"22":1,"23":2,"24":1,"25":2,"26":1,"27":2,"28":1,"29":2,"30":1,"31":2,"32":1,"33":2,"34":1,"35":2,"36":1,"37":2,"38":1,"39":2,"40":1,"41":2,"42":1,"43":2,"44":1,"45":2,"46":1,"47":2,"48":1,"49":12,"50":1,"51":2,"52":1,"53":2,"54":1,"55":1,"56":2},"b":{"0":[0,1],"1":[0,0]},"_coverageSchema":"1a1c01bbd47fc00a2c39e90264f33305004495a9","hash":"cd0496cdc4ac7f51fa0555113122a05fbf5dc425"}
,"/home/johannes/DTU/5_semester/Complex_systems_and_DevOps/probe_springboot/web/src/stores/HomepageStore.js": {"path":"/home/johannes/DTU/5_semester/Complex_systems_and_DevOps/probe_springboot/web/src/stores/HomepageStore.js","statementMap":{"0":{"start":{"line":5,"column":24},"end":{"line":5,"column":29}},"1":{"start":{"line":9,"column":8},"end":{"line":12,"column":9}},"2":{"start":{"line":16,"column":8},"end":{"line":16,"column":56}},"3":{"start":{"line":20,"column":29},"end":{"line":20,"column":48}}},"fnMap":{"0":{"name":"(anonymous_0)","decl":{"start":{"line":8,"column":4},"end":{"line":8,"column":5}},"loc":{"start":{"line":8,"column":18},"end":{"line":13,"column":6}},"line":8},"1":{"name":"(anonymous_1)","decl":{"start":{"line":15,"column":4},"end":{"line":15,"column":5}},"loc":{"start":{"line":15,"column":22},"end":{"line":17,"column":5}},"line":15}},"branchMap":{},"s":{"0":1,"1":1,"2":0,"3":1},"f":{"0":1,"1":0},"b":{},"_coverageSchema":"1a1c01bbd47fc00a2c39e90264f33305004495a9","hash":"664ee43faad5dcca680c429db1ef9a1a330695ef"}
,"/home/johannes/DTU/5_semester/Complex_systems_and_DevOps/probe_springboot/web/src/stores/UserPreferencesStore.js": {"path":"/home/johannes/DTU/5_semester/Complex_systems_and_DevOps/probe_springboot/web/src/stores/UserPreferencesStore.js","statementMap":{"0":{"start":{"line":7,"column":27},"end":{"line":9,"column":5}},"1":{"start":{"line":11,"column":13},"end":{"line":11,"column":17}},"2":{"start":{"line":13,"column":26},"end":{"line":20,"column":5}},"3":{"start":{"line":22,"column":18},"end":{"line":22,"column":50}},"4":{"start":{"line":23,"column":20},"end":{"line":23,"column":58}},"5":{"start":{"line":27,"column":12},"end":{"line":27,"column":58}},"6":{"start":{"line":31,"column":8},"end":{"line":31,"column":32}},"7":{"start":{"line":34,"column":8},"end":{"line":34,"column":34}},"8":{"start":{"line":39,"column":30},"end":{"line":39,"column":156}},"9":{"start":{"line":39,"column":69},"end":{"line":39,"column":100}},"10":{"start":{"line":40,"column":8},"end":{"line":40,"column":34}},"11":{"start":{"line":41,"column":8},"end":{"line":41,"column":37}},"12":{"start":{"line":45,"column":8},"end":{"line":49,"column":9}},"13":{"start":{"line":46,"column":12},"end":{"line":46,"column":53}},"14":{"start":{"line":48,"column":12},"end":{"line":48,"column":48}},"15":{"start":{"line":54,"column":23},"end":{"line":54,"column":25}},"16":{"start":{"line":55,"column":8},"end":{"line":57,"column":10}},"17":{"start":{"line":56,"column":12},"end":{"line":56,"column":38}},"18":{"start":{"line":58,"column":8},"end":{"line":58,"column":24}},"19":{"start":{"line":62,"column":8},"end":{"line":62,"column":51}},"20":{"start":{"line":65,"column":20},"end":{"line":70,"column":5}},"21":{"start":{"line":66,"column":8},"end":{"line":68,"column":9}},"22":{"start":{"line":67,"column":12},"end":{"line":67,"column":49}},"23":{"start":{"line":69,"column":8},"end":{"line":69,"column":90}},"24":{"start":{"line":73,"column":8},"end":{"line":73,"column":27}},"25":{"start":{"line":80,"column":31},"end":{"line":80,"column":57}}},"fnMap":{"0":{"name":"(anonymous_0)","decl":{"start":{"line":26,"column":8},"end":{"line":26,"column":9}},"loc":{"start":{"line":26,"column":22},"end":{"line":28,"column":9}},"line":26},"1":{"name":"(anonymous_1)","decl":{"start":{"line":30,"column":4},"end":{"line":30,"column":5}},"loc":{"start":{"line":30,"column":26},"end":{"line":32,"column":5}},"line":30},"2":{"name":"(anonymous_2)","decl":{"start":{"line":33,"column":4},"end":{"line":33,"column":5}},"loc":{"start":{"line":33,"column":28},"end":{"line":35,"column":5}},"line":33},"3":{"name":"(anonymous_3)","decl":{"start":{"line":38,"column":4},"end":{"line":38,"column":5}},"loc":{"start":{"line":38,"column":25},"end":{"line":42,"column":5}},"line":38},"4":{"name":"(anonymous_4)","decl":{"start":{"line":39,"column":60},"end":{"line":39,"column":61}},"loc":{"start":{"line":39,"column":69},"end":{"line":39,"column":100}},"line":39},"5":{"name":"(anonymous_5)","decl":{"start":{"line":44,"column":4},"end":{"line":44,"column":5}},"loc":{"start":{"line":44,"column":23},"end":{"line":50,"column":5}},"line":44},"6":{"name":"(anonymous_6)","decl":{"start":{"line":53,"column":4},"end":{"line":53,"column":5}},"loc":{"start":{"line":53,"column":24},"end":{"line":59,"column":5}},"line":53},"7":{"name":"(anonymous_7)","decl":{"start":{"line":55,"column":41},"end":{"line":55,"column":42}},"loc":{"start":{"line":55,"column":50},"end":{"line":57,"column":9}},"line":55},"8":{"name":"(anonymous_8)","decl":{"start":{"line":61,"column":4},"end":{"line":61,"column":5}},"loc":{"start":{"line":61,"column":28},"end":{"line":63,"column":5}},"line":61},"9":{"name":"(anonymous_9)","decl":{"start":{"line":65,"column":20},"end":{"line":65,"column":21}},"loc":{"start":{"line":65,"column":26},"end":{"line":70,"column":5}},"line":65},"10":{"name":"(anonymous_10)","decl":{"start":{"line":72,"column":4},"end":{"line":72,"column":5}},"loc":{"start":{"line":72,"column":26},"end":{"line":74,"column":5}},"line":72}},"branchMap":{"0":{"loc":{"start":{"line":39,"column":30},"end":{"line":39,"column":156}},"type":"binary-expr","locations":[{"start":{"line":39,"column":30},"end":{"line":39,"column":101}},{"start":{"line":39,"column":105},"end":{"line":39,"column":156}}],"line":39},"1":{"loc":{"start":{"line":45,"column":8},"end":{"line":49,"column":9}},"type":"if","locations":[{"start":{"line":45,"column":8},"end":{"line":49,"column":9}},{"start":{"line":47,"column":15},"end":{"line":49,"column":9}}],"line":45},"2":{"loc":{"start":{"line":66,"column":8},"end":{"line":68,"column":9}},"type":"if","locations":[{"start":{"line":66,"column":8},"end":{"line":68,"column":9}},{"start":{},"end":{}}],"line":66},"3":{"loc":{"start":{"line":66,"column":12},"end":{"line":66,"column":112}},"type":"binary-expr","locations":[{"start":{"line":66,"column":12},"end":{"line":66,"column":50}},{"start":{"line":66,"column":54},"end":{"line":66,"column":112}}],"line":66}},"s":{"0":1,"1":1,"2":1,"3":1,"4":1,"5":1,"6":4,"7":4,"8":2,"9":2,"10":2,"11":2,"12":1,"13":1,"14":0,"15":2,"16":2,"17":12,"18":2,"19":0,"20":1,"21":4,"22":0,"23":4,"24":0,"25":1},"f":{"0":1,"1":4,"2":4,"3":2,"4":2,"5":1,"6":2,"7":12,"8":0,"9":4,"10":0},"b":{"0":[2,0],"1":[1,0],"2":[0,4],"3":[4,1]},"_coverageSchema":"1a1c01bbd47fc00a2c39e90264f33305004495a9","hash":"b9d11464da1e0f54bd13aedf6c3cc72ac7e553b8"}
,"/home/johannes/DTU/5_semester/Complex_systems_and_DevOps/probe_springboot/web/src/stores/UserStore.js": {"path":"/home/johannes/DTU/5_semester/Complex_systems_and_DevOps/probe_springboot/web/src/stores/UserStore.js","statementMap":{"0":{"start":{"line":23,"column":24},"end":{"line":23,"column":29}},"1":{"start":{"line":24,"column":12},"end":{"line":24,"column":17}},"2":{"start":{"line":25,"column":15},"end":{"line":25,"column":17}},"3":{"start":{"line":29,"column":8},"end":{"line":32,"column":9}},"4":{"start":{"line":36,"column":8},"end":{"line":36,"column":26}},"5":{"start":{"line":40,"column":8},"end":{"line":40,"column":32}},"6":{"start":{"line":43,"column":8},"end":{"line":43,"column":44}},"7":{"start":{"line":46,"column":8},"end":{"line":46,"column":35}},"8":{"start":{"line":49,"column":8},"end":{"line":49,"column":32}},"9":{"start":{"line":52,"column":8},"end":{"line":52,"column":23}},"10":{"start":{"line":55,"column":8},"end":{"line":55,"column":29}},"11":{"start":{"line":58,"column":8},"end":{"line":58,"column":36}},"12":{"start":{"line":61,"column":8},"end":{"line":61,"column":32}},"13":{"start":{"line":64,"column":8},"end":{"line":64,"column":32}},"14":{"start":{"line":67,"column":8},"end":{"line":67,"column":29}},"15":{"start":{"line":70,"column":8},"end":{"line":70,"column":24}},"16":{"start":{"line":73,"column":8},"end":{"line":73,"column":28}},"17":{"start":{"line":76,"column":8},"end":{"line":76,"column":30}},"18":{"start":{"line":79,"column":8},"end":{"line":79,"column":28}},"19":{"start":{"line":83,"column":8},"end":{"line":83,"column":25}},"20":{"start":{"line":87,"column":8},"end":{"line":87,"column":33}},"21":{"start":{"line":91,"column":8},"end":{"line":91,"column":38}},"22":{"start":{"line":94,"column":8},"end":{"line":94,"column":26}},"23":{"start":{"line":97,"column":8},"end":{"line":97,"column":27}},"24":{"start":{"line":100,"column":8},"end":{"line":100,"column":24}},"25":{"start":{"line":104,"column":8},"end":{"line":104,"column":24}},"26":{"start":{"line":112,"column":8},"end":{"line":112,"column":34}},"27":{"start":{"line":113,"column":8},"end":{"line":137,"column":9}},"28":{"start":{"line":141,"column":8},"end":{"line":165,"column":9}},"29":{"start":{"line":168,"column":25},"end":{"line":168,"column":40}}},"fnMap":{"0":{"name":"(anonymous_0)","decl":{"start":{"line":28,"column":4},"end":{"line":28,"column":5}},"loc":{"start":{"line":28,"column":18},"end":{"line":33,"column":5}},"line":28},"1":{"name":"(anonymous_1)","decl":{"start":{"line":35,"column":4},"end":{"line":35,"column":5}},"loc":{"start":{"line":35,"column":19},"end":{"line":37,"column":5}},"line":35},"2":{"name":"(anonymous_2)","decl":{"start":{"line":39,"column":4},"end":{"line":39,"column":5}},"loc":{"start":{"line":39,"column":25},"end":{"line":41,"column":5}},"line":39},"3":{"name":"(anonymous_3)","decl":{"start":{"line":42,"column":4},"end":{"line":42,"column":5}},"loc":{"start":{"line":42,"column":37},"end":{"line":44,"column":5}},"line":42},"4":{"name":"(anonymous_4)","decl":{"start":{"line":45,"column":4},"end":{"line":45,"column":5}},"loc":{"start":{"line":45,"column":27},"end":{"line":47,"column":5}},"line":45},"5":{"name":"(anonymous_5)","decl":{"start":{"line":48,"column":4},"end":{"line":48,"column":5}},"loc":{"start":{"line":48,"column":25},"end":{"line":50,"column":5}},"line":48},"6":{"name":"(anonymous_6)","decl":{"start":{"line":51,"column":4},"end":{"line":51,"column":5}},"loc":{"start":{"line":51,"column":15},"end":{"line":53,"column":5}},"line":51},"7":{"name":"(anonymous_7)","decl":{"start":{"line":54,"column":4},"end":{"line":54,"column":5}},"loc":{"start":{"line":54,"column":21},"end":{"line":56,"column":5}},"line":54},"8":{"name":"(anonymous_8)","decl":{"start":{"line":57,"column":4},"end":{"line":57,"column":5}},"loc":{"start":{"line":57,"column":28},"end":{"line":59,"column":5}},"line":57},"9":{"name":"(anonymous_9)","decl":{"start":{"line":60,"column":4},"end":{"line":60,"column":5}},"loc":{"start":{"line":60,"column":24},"end":{"line":62,"column":5}},"line":60},"10":{"name":"(anonymous_10)","decl":{"start":{"line":63,"column":4},"end":{"line":63,"column":5}},"loc":{"start":{"line":63,"column":24},"end":{"line":65,"column":5}},"line":63},"11":{"name":"(anonymous_11)","decl":{"start":{"line":66,"column":4},"end":{"line":66,"column":5}},"loc":{"start":{"line":66,"column":21},"end":{"line":68,"column":5}},"line":66},"12":{"name":"(anonymous_12)","decl":{"start":{"line":69,"column":4},"end":{"line":69,"column":5}},"loc":{"start":{"line":69,"column":17},"end":{"line":71,"column":5}},"line":69},"13":{"name":"(anonymous_13)","decl":{"start":{"line":72,"column":4},"end":{"line":72,"column":5}},"loc":{"start":{"line":72,"column":21},"end":{"line":74,"column":5}},"line":72},"14":{"name":"(anonymous_14)","decl":{"start":{"line":75,"column":4},"end":{"line":75,"column":5}},"loc":{"start":{"line":75,"column":23},"end":{"line":77,"column":5}},"line":75},"15":{"name":"(anonymous_15)","decl":{"start":{"line":78,"column":4},"end":{"line":78,"column":5}},"loc":{"start":{"line":78,"column":21},"end":{"line":80,"column":5}},"line":78},"16":{"name":"(anonymous_16)","decl":{"start":{"line":82,"column":4},"end":{"line":82,"column":5}},"loc":{"start":{"line":82,"column":18},"end":{"line":84,"column":5}},"line":82},"17":{"name":"(anonymous_17)","decl":{"start":{"line":86,"column":4},"end":{"line":86,"column":5}},"loc":{"start":{"line":86,"column":26},"end":{"line":88,"column":5}},"line":86},"18":{"name":"(anonymous_18)","decl":{"start":{"line":90,"column":4},"end":{"line":90,"column":5}},"loc":{"start":{"line":90,"column":31},"end":{"line":92,"column":5}},"line":90},"19":{"name":"(anonymous_19)","decl":{"start":{"line":93,"column":4},"end":{"line":93,"column":5}},"loc":{"start":{"line":93,"column":19},"end":{"line":95,"column":5}},"line":93},"20":{"name":"(anonymous_20)","decl":{"start":{"line":96,"column":4},"end":{"line":96,"column":5}},"loc":{"start":{"line":96,"column":20},"end":{"line":98,"column":5}},"line":96},"21":{"name":"(anonymous_21)","decl":{"start":{"line":99,"column":4},"end":{"line":99,"column":5}},"loc":{"start":{"line":99,"column":17},"end":{"line":101,"column":5}},"line":99},"22":{"name":"(anonymous_22)","decl":{"start":{"line":103,"column":4},"end":{"line":103,"column":5}},"loc":{"start":{"line":103,"column":13},"end":{"line":105,"column":5}},"line":103},"23":{"name":"(anonymous_23)","decl":{"start":{"line":107,"column":4},"end":{"line":107,"column":5}},"loc":{"start":{"line":107,"column":26},"end":{"line":138,"column":5}},"line":107},"24":{"name":"(anonymous_24)","decl":{"start":{"line":140,"column":4},"end":{"line":140,"column":5}},"loc":{"start":{"line":140,"column":27},"end":{"line":166,"column":5}},"line":140}},"branchMap":{"0":{"loc":{"start":{"line":128,"column":18},"end":{"line":136,"column":18}},"type":"cond-expr","locations":[{"start":{"line":130,"column":16},"end":{"line":132,"column":18}},{"start":{"line":134,"column":16},"end":{"line":136,"column":18}}],"line":128},"1":{"loc":{"start":{"line":156,"column":18},"end":{"line":164,"column":18}},"type":"cond-expr","locations":[{"start":{"line":158,"column":16},"end":{"line":160,"column":18}},{"start":{"line":162,"column":16},"end":{"line":164,"column":18}}],"line":156}},"s":{"0":3,"1":3,"2":3,"3":3,"4":0,"5":0,"6":0,"7":0,"8":0,"9":0,"10":0,"11":0,"12":0,"13":0,"14":0,"15":0,"16":0,"17":0,"18":0,"19":0,"20":0,"21":0,"22":0,"23":0,"24":0,"25":0,"26":0,"27":0,"28":0,"29":3},"f":{"0":3,"1":0,"2":0,"3":0,"4":0,"5":0,"6":0,"7":0,"8":0,"9":0,"10":0,"11":0,"12":0,"13":0,"14":0,"15":0,"16":0,"17":0,"18":0,"19":0,"20":0,"21":0,"22":0,"23":0,"24":0},"b":{"0":[0,0],"1":[0,0]},"_coverageSchema":"1a1c01bbd47fc00a2c39e90264f33305004495a9","hash":"43675345148c0bdf1203fa0f255ce9f1a2238a19"}
,"/home/johannes/DTU/5_semester/Complex_systems_and_DevOps/probe_springboot/web/src/stores/WindowSizeStore.js": {"path":"/home/johannes/DTU/5_semester/Complex_systems_and_DevOps/probe_springboot/web/src/stores/WindowSizeStore.js","statementMap":{"0":{"start":{"line":5,"column":18},"end":{"line":5,"column":35}},"1":{"start":{"line":6,"column":19},"end":{"line":6,"column":37}},"2":{"start":{"line":9,"column":8},"end":{"line":12,"column":9}},"3":{"start":{"line":16,"column":8},"end":{"line":16,"column":38}},"4":{"start":{"line":19,"column":8},"end":{"line":19,"column":40}},"5":{"start":{"line":22,"column":31},"end":{"line":22,"column":52}}},"fnMap":{"0":{"name":"(anonymous_0)","decl":{"start":{"line":8,"column":4},"end":{"line":8,"column":5}},"loc":{"start":{"line":8,"column":18},"end":{"line":13,"column":6}},"line":8},"1":{"name":"(anonymous_1)","decl":{"start":{"line":15,"column":4},"end":{"line":15,"column":5}},"loc":{"start":{"line":15,"column":31},"end":{"line":17,"column":5}},"line":15},"2":{"name":"(anonymous_2)","decl":{"start":{"line":18,"column":4},"end":{"line":18,"column":5}},"loc":{"start":{"line":18,"column":33},"end":{"line":20,"column":5}},"line":18}},"branchMap":{},"s":{"0":1,"1":1,"2":1,"3":0,"4":0,"5":1},"f":{"0":1,"1":0,"2":0},"b":{},"_coverageSchema":"1a1c01bbd47fc00a2c39e90264f33305004495a9","hash":"4f9ee9d68fae76ccc9a0142d191a329e5b1f4556"}
}
