{"C:\\Users\\E_hle\\OneDrive\\Skrivebord\\probe\\web\\src\\App.js": {"path":"C:\\Users\\E_hle\\OneDrive\\Skrivebord\\probe\\web\\src\\App.js","statementMap":{"0":{"start":{"line":22,"column":2},"end":{"line":40,"column":4}}},"fnMap":{"0":{"name":"App","decl":{"start":{"line":21,"column":9},"end":{"line":21,"column":12}},"loc":{"start":{"line":21,"column":15},"end":{"line":41,"column":1}},"line":21}},"branchMap":{},"s":{"0":0},"f":{"0":0},"b":{}}
,"C:\\Users\\E_hle\\OneDrive\\Skrivebord\\probe\\web\\src\\index.js": {"path":"C:\\Users\\E_hle\\OneDrive\\Skrivebord\\probe\\web\\src\\index.js","statementMap":{"0":{"start":{"line":10,"column":0},"end":{"line":18,"column":3}},"1":{"start":{"line":21,"column":13},"end":{"line":21,"column":65}},"2":{"start":{"line":22,"column":0},"end":{"line":26,"column":2}},"3":{"start":{"line":31,"column":0},"end":{"line":31,"column":18}}},"fnMap":{},"branchMap":{},"s":{"0":0,"1":0,"2":0,"3":0},"f":{},"b":{}}
,"C:\\Users\\E_hle\\OneDrive\\Skrivebord\\probe\\web\\src\\reportWebVitals.js": {"path":"C:\\Users\\E_hle\\OneDrive\\Skrivebord\\probe\\web\\src\\reportWebVitals.js","statementMap":{"0":{"start":{"line":1,"column":24},"end":{"line":11,"column":1}},"1":{"start":{"line":2,"column":2},"end":{"line":10,"column":3}},"2":{"start":{"line":3,"column":4},"end":{"line":9,"column":7}},"3":{"start":{"line":4,"column":6},"end":{"line":4,"column":26}},"4":{"start":{"line":5,"column":6},"end":{"line":5,"column":26}},"5":{"start":{"line":6,"column":6},"end":{"line":6,"column":26}},"6":{"start":{"line":7,"column":6},"end":{"line":7,"column":26}},"7":{"start":{"line":8,"column":6},"end":{"line":8,"column":27}}},"fnMap":{"0":{"name":"(anonymous_0)","decl":{"start":{"line":1,"column":24},"end":{"line":1,"column":25}},"loc":{"start":{"line":1,"column":39},"end":{"line":11,"column":1}},"line":1},"1":{"name":"(anonymous_1)","decl":{"start":{"line":3,"column":30},"end":{"line":3,"column":31}},"loc":{"start":{"line":3,"column":79},"end":{"line":9,"column":5}},"line":3}},"branchMap":{"0":{"loc":{"start":{"line":2,"column":2},"end":{"line":10,"column":3}},"type":"if","locations":[{"start":{"line":2,"column":2},"end":{"line":10,"column":3}},{"start":{},"end":{}}],"line":2},"1":{"loc":{"start":{"line":2,"column":6},"end":{"line":2,"column":52}},"type":"binary-expr","locations":[{"start":{"line":2,"column":6},"end":{"line":2,"column":17}},{"start":{"line":2,"column":21},"end":{"line":2,"column":52}}],"line":2}},"s":{"0":0,"1":0,"2":0,"3":0,"4":0,"5":0,"6":0,"7":0},"f":{"0":0,"1":0},"b":{"0":[0,0],"1":[0,0]}}
,"C:\\Users\\E_hle\\OneDrive\\Skrivebord\\probe\\web\\src\\api\\admin_login_mock.js": {"path":"C:\\Users\\E_hle\\OneDrive\\Skrivebord\\probe\\web\\src\\api\\admin_login_mock.js","statementMap":{"0":{"start":{"line":1,"column":25},"end":{"line":4,"column":1}},"1":{"start":{"line":7,"column":12},"end":{"line":12,"column":5}},"2":{"start":{"line":8,"column":8},"end":{"line":10,"column":9}},"3":{"start":{"line":9,"column":12},"end":{"line":9,"column":24}},"4":{"start":{"line":11,"column":8},"end":{"line":11,"column":21}},"5":{"start":{"line":15,"column":13},"end":{"line":15,"column":26}}},"fnMap":{"0":{"name":"(anonymous_0)","decl":{"start":{"line":7,"column":12},"end":{"line":7,"column":13}},"loc":{"start":{"line":7,"column":35},"end":{"line":12,"column":5}},"line":7}},"branchMap":{"0":{"loc":{"start":{"line":8,"column":8},"end":{"line":10,"column":9}},"type":"if","locations":[{"start":{"line":8,"column":8},"end":{"line":10,"column":9}},{"start":{},"end":{}}],"line":8},"1":{"loc":{"start":{"line":8,"column":11},"end":{"line":8,"column":91}},"type":"binary-expr","locations":[{"start":{"line":8,"column":11},"end":{"line":8,"column":49}},{"start":{"line":8,"column":53},"end":{"line":8,"column":91}}],"line":8}},"s":{"0":0,"1":0,"2":0,"3":0,"4":0,"5":0},"f":{"0":0},"b":{"0":[0,0],"1":[0,0]}}
,"C:\\Users\\E_hle\\OneDrive\\Skrivebord\\probe\\web\\src\\api\\clinical_trial_api_mock.js": {"path":"C:\\Users\\E_hle\\OneDrive\\Skrivebord\\probe\\web\\src\\api\\clinical_trial_api_mock.js","statementMap":{"0":{"start":{"line":1,"column":23},"end":{"line":158,"column":1}}},"fnMap":{},"branchMap":{},"s":{"0":1},"f":{},"b":{},"_coverageSchema":"1a1c01bbd47fc00a2c39e90264f33305004495a9","hash":"ba3f48626f1c410c5205315aa8f3751e4c29c32a"}
,"C:\\Users\\E_hle\\OneDrive\\Skrivebord\\probe\\web\\src\\api\\match_codes_api.js": {"path":"C:\\Users\\E_hle\\OneDrive\\Skrivebord\\probe\\web\\src\\api\\match_codes_api.js","statementMap":{"0":{"start":{"line":1,"column":19},"end":{"line":6,"column":29}}},"fnMap":{},"branchMap":{},"s":{"0":1},"f":{},"b":{},"_coverageSchema":"1a1c01bbd47fc00a2c39e90264f33305004495a9","hash":"c775ea8bf2dfa48fe0e8cfe8223aa5c61db21673"}
,"C:\\Users\\E_hle\\OneDrive\\Skrivebord\\probe\\web\\src\\api\\user_api_mock.js": {"path":"C:\\Users\\E_hle\\OneDrive\\Skrivebord\\probe\\web\\src\\api\\user_api_mock.js","statementMap":{"0":{"start":{"line":2,"column":0},"end":{"line":35,"column":1}}},"fnMap":{},"branchMap":{},"s":{"0":0},"f":{},"b":{}}
,"C:\\Users\\E_hle\\OneDrive\\Skrivebord\\probe\\web\\src\\components\\DialogModalTrial.jsx": {"path":"C:\\Users\\E_hle\\OneDrive\\Skrivebord\\probe\\web\\src\\components\\DialogModalTrial.jsx","statementMap":{"0":{"start":{"line":7,"column":4},"end":{"line":10,"column":5}},"1":{"start":{"line":8,"column":8},"end":{"line":9,"column":18}},"2":{"start":{"line":11,"column":4},"end":{"line":17,"column":6}},"3":{"start":{"line":13,"column":12},"end":{"line":13,"column":44}},"4":{"start":{"line":14,"column":12},"end":{"line":14,"column":44}},"5":{"start":{"line":21,"column":4},"end":{"line":26,"column":5}},"6":{"start":{"line":22,"column":8},"end":{"line":25,"column":61}},"7":{"start":{"line":23,"column":12},"end":{"line":23,"column":44}},"8":{"start":{"line":24,"column":12},"end":{"line":24,"column":44}},"9":{"start":{"line":27,"column":4},"end":{"line":30,"column":58}},"10":{"start":{"line":28,"column":8},"end":{"line":28,"column":35}},"11":{"start":{"line":29,"column":8},"end":{"line":29,"column":40}},"12":{"start":{"line":33,"column":14},"end":{"line":53,"column":1}},"13":{"start":{"line":34,"column":4},"end":{"line":52,"column":9}}},"fnMap":{"0":{"name":"DeleteButtonPick","decl":{"start":{"line":6,"column":9},"end":{"line":6,"column":25}},"loc":{"start":{"line":6,"column":28},"end":{"line":18,"column":1}},"line":6},"1":{"name":"(anonymous_1)","decl":{"start":{"line":12,"column":25},"end":{"line":12,"column":26}},"loc":{"start":{"line":12,"column":31},"end":{"line":15,"column":9}},"line":12},"2":{"name":"SaveButtonPick","decl":{"start":{"line":20,"column":9},"end":{"line":20,"column":23}},"loc":{"start":{"line":20,"column":26},"end":{"line":31,"column":1}},"line":20},"3":{"name":"(anonymous_3)","decl":{"start":{"line":22,"column":32},"end":{"line":22,"column":33}},"loc":{"start":{"line":22,"column":38},"end":{"line":25,"column":9}},"line":22},"4":{"name":"(anonymous_4)","decl":{"start":{"line":27,"column":29},"end":{"line":27,"column":30}},"loc":{"start":{"line":27,"column":35},"end":{"line":30,"column":5}},"line":27},"5":{"name":"(anonymous_5)","decl":{"start":{"line":33,"column":14},"end":{"line":33,"column":15}},"loc":{"start":{"line":33,"column":20},"end":{"line":53,"column":1}},"line":33}},"branchMap":{"0":{"loc":{"start":{"line":7,"column":4},"end":{"line":10,"column":5}},"type":"if","locations":[{"start":{"line":7,"column":4},"end":{"line":10,"column":5}},{"start":{},"end":{}}],"line":7},"1":{"loc":{"start":{"line":21,"column":4},"end":{"line":26,"column":5}},"type":"if","locations":[{"start":{"line":21,"column":4},"end":{"line":26,"column":5}},{"start":{},"end":{}}],"line":21}},"s":{"0":6,"1":6,"2":0,"3":0,"4":0,"5":6,"6":6,"7":0,"8":0,"9":0,"10":0,"11":0,"12":1,"13":6},"f":{"0":6,"1":0,"2":6,"3":0,"4":0,"5":6},"b":{"0":[6,0],"1":[6,0]},"_coverageSchema":"1a1c01bbd47fc00a2c39e90264f33305004495a9","hash":"faed1f5ea97c3dde0c5e1c76337266ee59ecb3f5"}
,"C:\\Users\\E_hle\\OneDrive\\Skrivebord\\probe\\web\\src\\components\\EditTrialDialogContext.jsx": {"path":"C:\\Users\\E_hle\\OneDrive\\Skrivebord\\probe\\web\\src\\components\\EditTrialDialogContext.jsx","statementMap":{"0":{"start":{"line":9,"column":4},"end":{"line":142,"column":9}},"1":{"start":{"line":17,"column":53},"end":{"line":17,"column":121}},"2":{"start":{"line":23,"column":53},"end":{"line":23,"column":123}},"3":{"start":{"line":29,"column":53},"end":{"line":29,"column":119}},"4":{"start":{"line":35,"column":53},"end":{"line":35,"column":117}},"5":{"start":{"line":38,"column":94},"end":{"line":38,"column":106}},"6":{"start":{"line":40,"column":78},"end":{"line":41,"column":106}},"7":{"start":{"line":43,"column":57},"end":{"line":43,"column":86}},"8":{"start":{"line":51,"column":53},"end":{"line":51,"column":123}},"9":{"start":{"line":57,"column":53},"end":{"line":57,"column":121}},"10":{"start":{"line":63,"column":53},"end":{"line":63,"column":123}},"11":{"start":{"line":69,"column":53},"end":{"line":69,"column":121}},"12":{"start":{"line":75,"column":53},"end":{"line":75,"column":127}},"13":{"start":{"line":81,"column":53},"end":{"line":81,"column":137}},"14":{"start":{"line":87,"column":53},"end":{"line":87,"column":122}},"15":{"start":{"line":103,"column":73},"end":{"line":103,"column":85}},"16":{"start":{"line":104,"column":63},"end":{"line":105,"column":87}},"17":{"start":{"line":107,"column":42},"end":{"line":107,"column":69}},"18":{"start":{"line":118,"column":35},"end":{"line":118,"column":107}},"19":{"start":{"line":126,"column":35},"end":{"line":126,"column":107}},"20":{"start":{"line":137,"column":35},"end":{"line":137,"column":111}}},"fnMap":{"0":{"name":"DialogContextTrial","decl":{"start":{"line":7,"column":9},"end":{"line":7,"column":27}},"loc":{"start":{"line":7,"column":30},"end":{"line":143,"column":1}},"line":7},"1":{"name":"(anonymous_1)","decl":{"start":{"line":16,"column":59},"end":{"line":16,"column":60}},"loc":{"start":{"line":16,"column":65},"end":{"line":18,"column":50}},"line":16},"2":{"name":"(anonymous_2)","decl":{"start":{"line":22,"column":59},"end":{"line":22,"column":60}},"loc":{"start":{"line":22,"column":65},"end":{"line":24,"column":50}},"line":22},"3":{"name":"(anonymous_3)","decl":{"start":{"line":28,"column":59},"end":{"line":28,"column":60}},"loc":{"start":{"line":28,"column":65},"end":{"line":30,"column":50}},"line":28},"4":{"name":"(anonymous_4)","decl":{"start":{"line":34,"column":59},"end":{"line":34,"column":60}},"loc":{"start":{"line":34,"column":65},"end":{"line":36,"column":50}},"line":34},"5":{"name":"(anonymous_5)","decl":{"start":{"line":38,"column":82},"end":{"line":38,"column":83}},"loc":{"start":{"line":38,"column":94},"end":{"line":38,"column":106}},"line":38},"6":{"name":"(anonymous_6)","decl":{"start":{"line":40,"column":66},"end":{"line":40,"column":67}},"loc":{"start":{"line":40,"column":78},"end":{"line":41,"column":106}},"line":40},"7":{"name":"(anonymous_7)","decl":{"start":{"line":42,"column":63},"end":{"line":42,"column":64}},"loc":{"start":{"line":42,"column":73},"end":{"line":44,"column":54}},"line":42},"8":{"name":"(anonymous_8)","decl":{"start":{"line":50,"column":59},"end":{"line":50,"column":60}},"loc":{"start":{"line":50,"column":65},"end":{"line":52,"column":50}},"line":50},"9":{"name":"(anonymous_9)","decl":{"start":{"line":56,"column":59},"end":{"line":56,"column":60}},"loc":{"start":{"line":56,"column":65},"end":{"line":58,"column":50}},"line":56},"10":{"name":"(anonymous_10)","decl":{"start":{"line":62,"column":59},"end":{"line":62,"column":60}},"loc":{"start":{"line":62,"column":65},"end":{"line":64,"column":50}},"line":62},"11":{"name":"(anonymous_11)","decl":{"start":{"line":68,"column":59},"end":{"line":68,"column":60}},"loc":{"start":{"line":68,"column":65},"end":{"line":70,"column":50}},"line":68},"12":{"name":"(anonymous_12)","decl":{"start":{"line":74,"column":59},"end":{"line":74,"column":60}},"loc":{"start":{"line":74,"column":65},"end":{"line":76,"column":50}},"line":74},"13":{"name":"(anonymous_13)","decl":{"start":{"line":80,"column":59},"end":{"line":80,"column":60}},"loc":{"start":{"line":80,"column":65},"end":{"line":82,"column":50}},"line":80},"14":{"name":"(anonymous_14)","decl":{"start":{"line":86,"column":59},"end":{"line":86,"column":60}},"loc":{"start":{"line":86,"column":65},"end":{"line":88,"column":50}},"line":86},"15":{"name":"(anonymous_15)","decl":{"start":{"line":103,"column":61},"end":{"line":103,"column":62}},"loc":{"start":{"line":103,"column":73},"end":{"line":103,"column":85}},"line":103},"16":{"name":"(anonymous_16)","decl":{"start":{"line":104,"column":51},"end":{"line":104,"column":52}},"loc":{"start":{"line":104,"column":63},"end":{"line":105,"column":87}},"line":104},"17":{"name":"(anonymous_17)","decl":{"start":{"line":106,"column":48},"end":{"line":106,"column":49}},"loc":{"start":{"line":106,"column":58},"end":{"line":108,"column":39}},"line":106},"18":{"name":"(anonymous_18)","decl":{"start":{"line":117,"column":41},"end":{"line":117,"column":42}},"loc":{"start":{"line":117,"column":47},"end":{"line":119,"column":32}},"line":117},"19":{"name":"(anonymous_19)","decl":{"start":{"line":125,"column":41},"end":{"line":125,"column":42}},"loc":{"start":{"line":125,"column":47},"end":{"line":127,"column":32}},"line":125},"20":{"name":"(anonymous_20)","decl":{"start":{"line":136,"column":41},"end":{"line":136,"column":42}},"loc":{"start":{"line":136,"column":47},"end":{"line":138,"column":32}},"line":136}},"branchMap":{},"s":{"0":2,"1":0,"2":0,"3":0,"4":0,"5":10,"6":2,"7":0,"8":0,"9":0,"10":0,"11":0,"12":0,"13":0,"14":0,"15":6,"16":2,"17":0,"18":0,"19":0,"20":0},"f":{"0":2,"1":0,"2":0,"3":0,"4":0,"5":10,"6":2,"7":0,"8":0,"9":0,"10":0,"11":0,"12":0,"13":0,"14":0,"15":6,"16":2,"17":0,"18":0,"19":0,"20":0},"b":{},"_coverageSchema":"1a1c01bbd47fc00a2c39e90264f33305004495a9","hash":"4da19c6d595f2fbcdb3ad91b88dd811783bebc02"}
,"C:\\Users\\E_hle\\OneDrive\\Skrivebord\\probe\\web\\src\\components\\Filter.jsx": {"path":"C:\\Users\\E_hle\\OneDrive\\Skrivebord\\probe\\web\\src\\components\\Filter.jsx","statementMap":{"0":{"start":{"line":13,"column":4},"end":{"line":13,"column":28}},"1":{"start":{"line":16,"column":4},"end":{"line":16,"column":29}},"2":{"start":{"line":19,"column":15},"end":{"line":304,"column":1}},"3":{"start":{"line":20,"column":18},"end":{"line":33,"column":5}},"4":{"start":{"line":34,"column":24},"end":{"line":47,"column":5}},"5":{"start":{"line":49,"column":30},"end":{"line":49,"column":54}},"6":{"start":{"line":50,"column":42},"end":{"line":50,"column":60}},"7":{"start":{"line":52,"column":34},"end":{"line":52,"column":54}},"8":{"start":{"line":54,"column":35},"end":{"line":56,"column":5}},"9":{"start":{"line":55,"column":8},"end":{"line":55,"column":41}},"10":{"start":{"line":58,"column":28},"end":{"line":60,"column":5}},"11":{"start":{"line":59,"column":8},"end":{"line":59,"column":27}},"12":{"start":{"line":61,"column":31},"end":{"line":63,"column":5}},"13":{"start":{"line":62,"column":8},"end":{"line":62,"column":33}},"14":{"start":{"line":65,"column":36},"end":{"line":65,"column":54}},"15":{"start":{"line":66,"column":33},"end":{"line":68,"column":5}},"16":{"start":{"line":67,"column":8},"end":{"line":67,"column":40}},"17":{"start":{"line":69,"column":28},"end":{"line":69,"column":46}},"18":{"start":{"line":70,"column":29},"end":{"line":72,"column":5}},"19":{"start":{"line":71,"column":8},"end":{"line":71,"column":36}},"20":{"start":{"line":73,"column":37},"end":{"line":73,"column":55}},"21":{"start":{"line":74,"column":31},"end":{"line":76,"column":5}},"22":{"start":{"line":75,"column":8},"end":{"line":75,"column":38}},"23":{"start":{"line":78,"column":4},"end":{"line":303,"column":6}},"24":{"start":{"line":98,"column":44},"end":{"line":98,"column":55}},"25":{"start":{"line":152,"column":32},"end":{"line":152,"column":80}},"26":{"start":{"line":291,"column":44},"end":{"line":291,"column":56}}},"fnMap":{"0":{"name":"valuetext","decl":{"start":{"line":12,"column":9},"end":{"line":12,"column":18}},"loc":{"start":{"line":12,"column":26},"end":{"line":14,"column":1}},"line":12},"1":{"name":"valuevisits","decl":{"start":{"line":15,"column":9},"end":{"line":15,"column":20}},"loc":{"start":{"line":15,"column":28},"end":{"line":17,"column":1}},"line":15},"2":{"name":"(anonymous_2)","decl":{"start":{"line":19,"column":15},"end":{"line":19,"column":16}},"loc":{"start":{"line":19,"column":21},"end":{"line":304,"column":1}},"line":19},"3":{"name":"(anonymous_3)","decl":{"start":{"line":54,"column":35},"end":{"line":54,"column":36}},"loc":{"start":{"line":54,"column":46},"end":{"line":56,"column":5}},"line":54},"4":{"name":"(anonymous_4)","decl":{"start":{"line":58,"column":28},"end":{"line":58,"column":29}},"loc":{"start":{"line":58,"column":49},"end":{"line":60,"column":5}},"line":58},"5":{"name":"(anonymous_5)","decl":{"start":{"line":61,"column":31},"end":{"line":61,"column":32}},"loc":{"start":{"line":61,"column":52},"end":{"line":63,"column":5}},"line":61},"6":{"name":"(anonymous_6)","decl":{"start":{"line":66,"column":33},"end":{"line":66,"column":34}},"loc":{"start":{"line":66,"column":44},"end":{"line":68,"column":5}},"line":66},"7":{"name":"(anonymous_7)","decl":{"start":{"line":70,"column":29},"end":{"line":70,"column":30}},"loc":{"start":{"line":70,"column":40},"end":{"line":72,"column":5}},"line":70},"8":{"name":"(anonymous_8)","decl":{"start":{"line":74,"column":31},"end":{"line":74,"column":32}},"loc":{"start":{"line":74,"column":42},"end":{"line":76,"column":5}},"line":74},"9":{"name":"(anonymous_9)","decl":{"start":{"line":98,"column":38},"end":{"line":98,"column":39}},"loc":{"start":{"line":98,"column":44},"end":{"line":98,"column":55}},"line":98},"10":{"name":"(anonymous_10)","decl":{"start":{"line":151,"column":65},"end":{"line":151,"column":66}},"loc":{"start":{"line":152,"column":32},"end":{"line":152,"column":80}},"line":152},"11":{"name":"(anonymous_11)","decl":{"start":{"line":291,"column":38},"end":{"line":291,"column":39}},"loc":{"start":{"line":291,"column":44},"end":{"line":291,"column":56}},"line":291}},"branchMap":{},"s":{"0":0,"1":0,"2":0,"3":0,"4":0,"5":0,"6":0,"7":0,"8":0,"9":0,"10":0,"11":0,"12":0,"13":0,"14":0,"15":0,"16":0,"17":0,"18":0,"19":0,"20":0,"21":0,"22":0,"23":0,"24":0,"25":0,"26":0},"f":{"0":0,"1":0,"2":0,"3":0,"4":0,"5":0,"6":0,"7":0,"8":0,"9":0,"10":0,"11":0},"b":{}}
,"C:\\Users\\E_hle\\OneDrive\\Skrivebord\\probe\\web\\src\\components\\Footer.jsx": {"path":"C:\\Users\\E_hle\\OneDrive\\Skrivebord\\probe\\web\\src\\components\\Footer.jsx","statementMap":{"0":{"start":{"line":1,"column":15},"end":{"line":7,"column":1}},"1":{"start":{"line":2,"column":4},"end":{"line":6,"column":8}}},"fnMap":{"0":{"name":"(anonymous_0)","decl":{"start":{"line":1,"column":15},"end":{"line":1,"column":16}},"loc":{"start":{"line":1,"column":21},"end":{"line":7,"column":1}},"line":1}},"branchMap":{},"s":{"0":0,"1":0},"f":{"0":0},"b":{}}
,"C:\\Users\\E_hle\\OneDrive\\Skrivebord\\probe\\web\\src\\components\\Layout.jsx": {"path":"C:\\Users\\E_hle\\OneDrive\\Skrivebord\\probe\\web\\src\\components\\Layout.jsx","statementMap":{"0":{"start":{"line":2,"column":14},"end":{"line":11,"column":1}},"1":{"start":{"line":3,"column":4},"end":{"line":10,"column":5}}},"fnMap":{"0":{"name":"(anonymous_0)","decl":{"start":{"line":2,"column":14},"end":{"line":2,"column":15}},"loc":{"start":{"line":2,"column":29},"end":{"line":11,"column":1}},"line":2}},"branchMap":{},"s":{"0":0,"1":0},"f":{"0":0},"b":{}}
,"C:\\Users\\E_hle\\OneDrive\\Skrivebord\\probe\\web\\src\\components\\NavBar.jsx": {"path":"C:\\Users\\E_hle\\OneDrive\\Skrivebord\\probe\\web\\src\\components\\NavBar.jsx","statementMap":{"0":{"start":{"line":7,"column":15},"end":{"line":63,"column":1}},"1":{"start":{"line":10,"column":8},"end":{"line":10,"column":57}},"2":{"start":{"line":11,"column":8},"end":{"line":11,"column":59}},"3":{"start":{"line":14,"column":34},"end":{"line":18,"column":5}},"4":{"start":{"line":16,"column":8},"end":{"line":16,"column":40}},"5":{"start":{"line":17,"column":8},"end":{"line":17,"column":52}},"6":{"start":{"line":20,"column":4},"end":{"line":20,"column":51}},"7":{"start":{"line":22,"column":4},"end":{"line":62,"column":6}},"8":{"start":{"line":50,"column":46},"end":{"line":50,"column":85}},"9":{"start":{"line":51,"column":24},"end":{"line":51,"column":58}}},"fnMap":{"0":{"name":"(anonymous_0)","decl":{"start":{"line":7,"column":15},"end":{"line":7,"column":16}},"loc":{"start":{"line":7,"column":21},"end":{"line":63,"column":1}},"line":7},"1":{"name":"handleResize","decl":{"start":{"line":9,"column":13},"end":{"line":9,"column":25}},"loc":{"start":{"line":9,"column":28},"end":{"line":12,"column":5}},"line":9},"2":{"name":"(anonymous_2)","decl":{"start":{"line":14,"column":34},"end":{"line":14,"column":35}},"loc":{"start":{"line":14,"column":40},"end":{"line":18,"column":5}},"line":14},"3":{"name":"(anonymous_3)","decl":{"start":{"line":50,"column":39},"end":{"line":50,"column":40}},"loc":{"start":{"line":50,"column":45},"end":{"line":51,"column":59}},"line":50}},"branchMap":{"0":{"loc":{"start":{"line":23,"column":8},"end":{"line":61,"column":22}},"type":"cond-expr","locations":[{"start":{"line":25,"column":12},"end":{"line":42,"column":18}},{"start":{"line":44,"column":12},"end":{"line":61,"column":22}}],"line":23},"1":{"loc":{"start":{"line":25,"column":12},"end":{"line":42,"column":18}},"type":"cond-expr","locations":[{"start":{"line":27,"column":12},"end":{"line":35,"column":18}},{"start":{"line":37,"column":12},"end":{"line":42,"column":18}}],"line":25},"2":{"loc":{"start":{"line":44,"column":12},"end":{"line":61,"column":22}},"type":"cond-expr","locations":[{"start":{"line":46,"column":16},"end":{"line":54,"column":22}},{"start":{"line":56,"column":16},"end":{"line":61,"column":22}}],"line":44}},"s":{"0":1,"1":0,"2":0,"3":1,"4":0,"5":0,"6":1,"7":1,"8":0,"9":0},"f":{"0":1,"1":0,"2":0,"3":0},"b":{"0":[1,0],"1":[1,0],"2":[0,0]},"_coverageSchema":"1a1c01bbd47fc00a2c39e90264f33305004495a9","hash":"12b561f38b32ac6aec8452d4bbe18b64d891945d"}
,"C:\\Users\\E_hle\\OneDrive\\Skrivebord\\probe\\web\\src\\components\\StudyCard.jsx": {"path":"C:\\Users\\E_hle\\OneDrive\\Skrivebord\\probe\\web\\src\\components\\StudyCard.jsx","statementMap":{"0":{"start":{"line":1,"column":18},"end":{"line":26,"column":1}},"1":{"start":{"line":3,"column":22},"end":{"line":3,"column":39}},"2":{"start":{"line":4,"column":4},"end":{"line":6,"column":5}},"3":{"start":{"line":5,"column":8},"end":{"line":5,"column":60}},"4":{"start":{"line":8,"column":4},"end":{"line":25,"column":6}}},"fnMap":{"0":{"name":"(anonymous_0)","decl":{"start":{"line":1,"column":18},"end":{"line":1,"column":19}},"loc":{"start":{"line":1,"column":29},"end":{"line":26,"column":1}},"line":1}},"branchMap":{"0":{"loc":{"start":{"line":4,"column":4},"end":{"line":6,"column":5}},"type":"if","locations":[{"start":{"line":4,"column":4},"end":{"line":6,"column":5}},{"start":{},"end":{}}],"line":4}},"s":{"0":1,"1":0,"2":0,"3":0,"4":0},"f":{"0":0},"b":{"0":[0,0]},"_coverageSchema":"1a1c01bbd47fc00a2c39e90264f33305004495a9","hash":"92badb92e2e5a3a6c477c82abac093e8f0daeafd"}
,"C:\\Users\\E_hle\\OneDrive\\Skrivebord\\probe\\web\\src\\components\\StudyCardLarge.jsx": {"path":"C:\\Users\\E_hle\\OneDrive\\Skrivebord\\probe\\web\\src\\components\\StudyCardLarge.jsx","statementMap":{"0":{"start":{"line":8,"column":4},"end":{"line":8,"column":58}},"1":{"start":{"line":12,"column":4},"end":{"line":16,"column":5}},"2":{"start":{"line":13,"column":8},"end":{"line":13,"column":85}},"3":{"start":{"line":15,"column":8},"end":{"line":15,"column":89}},"4":{"start":{"line":19,"column":23},"end":{"line":49,"column":1}},"5":{"start":{"line":20,"column":4},"end":{"line":20,"column":23}},"6":{"start":{"line":21,"column":22},"end":{"line":21,"column":39}},"7":{"start":{"line":22,"column":4},"end":{"line":24,"column":5}},"8":{"start":{"line":23,"column":8},"end":{"line":23,"column":61}},"9":{"start":{"line":26,"column":4},"end":{"line":48,"column":6}}},"fnMap":{"0":{"name":"SignUp","decl":{"start":{"line":7,"column":9},"end":{"line":7,"column":15}},"loc":{"start":{"line":7,"column":18},"end":{"line":9,"column":1}},"line":7},"1":{"name":"JoinButton","decl":{"start":{"line":11,"column":9},"end":{"line":11,"column":19}},"loc":{"start":{"line":11,"column":22},"end":{"line":17,"column":1}},"line":11},"2":{"name":"(anonymous_2)","decl":{"start":{"line":19,"column":23},"end":{"line":19,"column":24}},"loc":{"start":{"line":19,"column":34},"end":{"line":49,"column":1}},"line":19}},"branchMap":{"0":{"loc":{"start":{"line":12,"column":4},"end":{"line":16,"column":5}},"type":"if","locations":[{"start":{"line":12,"column":4},"end":{"line":16,"column":5}},{"start":{"line":14,"column":11},"end":{"line":16,"column":5}}],"line":12},"1":{"loc":{"start":{"line":22,"column":4},"end":{"line":24,"column":5}},"type":"if","locations":[{"start":{"line":22,"column":4},"end":{"line":24,"column":5}},{"start":{},"end":{}}],"line":22}},"s":{"0":0,"1":0,"2":0,"3":0,"4":0,"5":0,"6":0,"7":0,"8":0,"9":0},"f":{"0":0,"1":0,"2":0},"b":{"0":[0,0],"1":[0,0]}}
,"C:\\Users\\E_hle\\OneDrive\\Skrivebord\\probe\\web\\src\\components\\TrialView.jsx": {"path":"C:\\Users\\E_hle\\OneDrive\\Skrivebord\\probe\\web\\src\\components\\TrialView.jsx","statementMap":{"0":{"start":{"line":11,"column":18},"end":{"line":70,"column":1}},"1":{"start":{"line":12,"column":18},"end":{"line":12,"column":65}},"2":{"start":{"line":13,"column":4},"end":{"line":21,"column":5}},"3":{"start":{"line":15,"column":8},"end":{"line":15,"column":44}},"4":{"start":{"line":16,"column":8},"end":{"line":16,"column":46}},"5":{"start":{"line":17,"column":8},"end":{"line":17,"column":88}},"6":{"start":{"line":19,"column":8},"end":{"line":19,"column":44}},"7":{"start":{"line":20,"column":8},"end":{"line":20,"column":52}},"8":{"start":{"line":23,"column":36},"end":{"line":23,"column":46}},"9":{"start":{"line":24,"column":16},"end":{"line":24,"column":64}},"10":{"start":{"line":25,"column":4},"end":{"line":63,"column":13}},"11":{"start":{"line":25,"column":22},"end":{"line":63,"column":5}},"12":{"start":{"line":26,"column":8},"end":{"line":59,"column":9}},"13":{"start":{"line":36,"column":32},"end":{"line":58,"column":19}},"14":{"start":{"line":37,"column":26},"end":{"line":58,"column":18}},"15":{"start":{"line":39,"column":32},"end":{"line":46,"column":24}},"16":{"start":{"line":40,"column":24},"end":{"line":45,"column":88}},"17":{"start":{"line":47,"column":36},"end":{"line":47,"column":59}},"18":{"start":{"line":48,"column":20},"end":{"line":57,"column":21}},"19":{"start":{"line":49,"column":24},"end":{"line":56,"column":29}},"20":{"start":{"line":50,"column":28},"end":{"line":55,"column":92}},"21":{"start":{"line":62,"column":8},"end":{"line":62,"column":37}},"22":{"start":{"line":65,"column":4},"end":{"line":69,"column":6}}},"fnMap":{"0":{"name":"(anonymous_0)","decl":{"start":{"line":11,"column":18},"end":{"line":11,"column":19}},"loc":{"start":{"line":11,"column":24},"end":{"line":70,"column":1}},"line":11},"1":{"name":"(anonymous_1)","decl":{"start":{"line":25,"column":14},"end":{"line":25,"column":15}},"loc":{"start":{"line":25,"column":20},"end":{"line":63,"column":7}},"line":25},"2":{"name":"(anonymous_2)","decl":{"start":{"line":36,"column":12},"end":{"line":36,"column":13}},"loc":{"start":{"line":36,"column":32},"end":{"line":58,"column":19}},"line":36},"3":{"name":"(anonymous_3)","decl":{"start":{"line":37,"column":16},"end":{"line":37,"column":17}},"loc":{"start":{"line":37,"column":26},"end":{"line":58,"column":18}},"line":37},"4":{"name":"(anonymous_4)","decl":{"start":{"line":37,"column":38},"end":{"line":37,"column":39}},"loc":{"start":{"line":37,"column":50},"end":{"line":58,"column":17}},"line":37},"5":{"name":"(anonymous_5)","decl":{"start":{"line":39,"column":60},"end":{"line":39,"column":61}},"loc":{"start":{"line":39,"column":80},"end":{"line":46,"column":21}},"line":39},"6":{"name":"(anonymous_6)","decl":{"start":{"line":49,"column":49},"end":{"line":49,"column":50}},"loc":{"start":{"line":49,"column":69},"end":{"line":56,"column":25}},"line":49}},"branchMap":{"0":{"loc":{"start":{"line":13,"column":4},"end":{"line":21,"column":5}},"type":"if","locations":[{"start":{"line":13,"column":4},"end":{"line":21,"column":5}},{"start":{},"end":{}}],"line":13},"1":{"loc":{"start":{"line":13,"column":8},"end":{"line":13,"column":41}},"type":"binary-expr","locations":[{"start":{"line":13,"column":8},"end":{"line":13,"column":21}},{"start":{"line":13,"column":25},"end":{"line":13,"column":41}}],"line":13},"2":{"loc":{"start":{"line":48,"column":20},"end":{"line":57,"column":21}},"type":"if","locations":[{"start":{"line":48,"column":20},"end":{"line":57,"column":21}},{"start":{},"end":{}}],"line":48}},"s":{"0":0,"1":0,"2":0,"3":0,"4":0,"5":0,"6":0,"7":0,"8":0,"9":0,"10":0,"11":0,"12":0,"13":0,"14":0,"15":0,"16":0,"17":0,"18":0,"19":0,"20":0,"21":0,"22":0},"f":{"0":0,"1":0,"2":0,"3":0,"4":0,"5":0,"6":0},"b":{"0":[0,0],"1":[0,0],"2":[0,0]}}
,"C:\\Users\\E_hle\\OneDrive\\Skrivebord\\probe\\web\\src\\components\\UserInputFields.jsx": {"path":"C:\\Users\\E_hle\\OneDrive\\Skrivebord\\probe\\web\\src\\components\\UserInputFields.jsx","statementMap":{"0":{"start":{"line":2,"column":24},"end":{"line":26,"column":1}},"1":{"start":{"line":4,"column":24},"end":{"line":16,"column":5}},"2":{"start":{"line":19,"column":22},"end":{"line":19,"column":24}},"3":{"start":{"line":20,"column":4},"end":{"line":22,"column":5}},"4":{"start":{"line":20,"column":17},"end":{"line":20,"column":18}},"5":{"start":{"line":21,"column":8},"end":{"line":21,"column":103}},"6":{"start":{"line":24,"column":4},"end":{"line":24,"column":20}}},"fnMap":{"0":{"name":"(anonymous_0)","decl":{"start":{"line":2,"column":24},"end":{"line":2,"column":25}},"loc":{"start":{"line":2,"column":30},"end":{"line":26,"column":1}},"line":2}},"branchMap":{},"s":{"0":0,"1":0,"2":0,"3":0,"4":0,"5":0,"6":0},"f":{"0":0},"b":{}}
,"C:\\Users\\E_hle\\OneDrive\\Skrivebord\\probe\\web\\src\\components\\AdminPages\\AdminLayout.jsx": {"path":"C:\\Users\\E_hle\\OneDrive\\Skrivebord\\probe\\web\\src\\components\\AdminPages\\AdminLayout.jsx","statementMap":{"0":{"start":{"line":3,"column":18},"end":{"line":12,"column":1}},"1":{"start":{"line":4,"column":2},"end":{"line":11,"column":4}}},"fnMap":{"0":{"name":"(anonymous_0)","decl":{"start":{"line":3,"column":18},"end":{"line":3,"column":19}},"loc":{"start":{"line":3,"column":36},"end":{"line":12,"column":1}},"line":3}},"branchMap":{},"s":{"0":0,"1":0},"f":{"0":0},"b":{}}
,"C:\\Users\\E_hle\\OneDrive\\Skrivebord\\probe\\web\\src\\components\\AdminPages\\AdminLogin.jsx": {"path":"C:\\Users\\E_hle\\OneDrive\\Skrivebord\\probe\\web\\src\\components\\AdminPages\\AdminLogin.jsx","statementMap":{"0":{"start":{"line":7,"column":19},"end":{"line":7,"column":32}},"1":{"start":{"line":8,"column":28},"end":{"line":8,"column":40}},"2":{"start":{"line":9,"column":34},"end":{"line":9,"column":46}},"3":{"start":{"line":10,"column":34},"end":{"line":10,"column":46}},"4":{"start":{"line":11,"column":40},"end":{"line":11,"column":55}},"5":{"start":{"line":13,"column":2},"end":{"line":15,"column":27}},"6":{"start":{"line":14,"column":4},"end":{"line":14,"column":55}},"7":{"start":{"line":17,"column":19},"end":{"line":23,"column":3}},"8":{"start":{"line":18,"column":4},"end":{"line":22,"column":5}},"9":{"start":{"line":19,"column":6},"end":{"line":19,"column":38}},"10":{"start":{"line":21,"column":6},"end":{"line":21,"column":38}},"11":{"start":{"line":25,"column":18},"end":{"line":36,"column":3}},"12":{"start":{"line":26,"column":4},"end":{"line":35,"column":7}},"13":{"start":{"line":27,"column":6},"end":{"line":34,"column":7}},"14":{"start":{"line":28,"column":8},"end":{"line":28,"column":45}},"15":{"start":{"line":29,"column":8},"end":{"line":29,"column":32}},"16":{"start":{"line":31,"column":8},"end":{"line":31,"column":24}},"17":{"start":{"line":32,"column":8},"end":{"line":32,"column":24}},"18":{"start":{"line":33,"column":8},"end":{"line":33,"column":47}},"19":{"start":{"line":38,"column":2},"end":{"line":87,"column":4}}},"fnMap":{"0":{"name":"Login","decl":{"start":{"line":6,"column":9},"end":{"line":6,"column":14}},"loc":{"start":{"line":6,"column":17},"end":{"line":88,"column":1}},"line":6},"1":{"name":"(anonymous_1)","decl":{"start":{"line":13,"column":12},"end":{"line":13,"column":13}},"loc":{"start":{"line":13,"column":18},"end":{"line":15,"column":3}},"line":13},"2":{"name":"(anonymous_2)","decl":{"start":{"line":17,"column":19},"end":{"line":17,"column":20}},"loc":{"start":{"line":17,"column":30},"end":{"line":23,"column":3}},"line":17},"3":{"name":"(anonymous_3)","decl":{"start":{"line":25,"column":18},"end":{"line":25,"column":19}},"loc":{"start":{"line":25,"column":25},"end":{"line":36,"column":3}},"line":25},"4":{"name":"(anonymous_4)","decl":{"start":{"line":26,"column":44},"end":{"line":26,"column":45}},"loc":{"start":{"line":26,"column":55},"end":{"line":35,"column":5}},"line":26}},"branchMap":{"0":{"loc":{"start":{"line":14,"column":19},"end":{"line":14,"column":53}},"type":"binary-expr","locations":[{"start":{"line":14,"column":19},"end":{"line":14,"column":34}},{"start":{"line":14,"column":38},"end":{"line":14,"column":53}}],"line":14},"1":{"loc":{"start":{"line":18,"column":4},"end":{"line":22,"column":5}},"type":"if","locations":[{"start":{"line":18,"column":4},"end":{"line":22,"column":5}},{"start":{"line":20,"column":11},"end":{"line":22,"column":5}}],"line":18},"2":{"loc":{"start":{"line":27,"column":6},"end":{"line":34,"column":7}},"type":"if","locations":[{"start":{"line":27,"column":6},"end":{"line":34,"column":7}},{"start":{"line":30,"column":13},"end":{"line":34,"column":7}}],"line":27}},"s":{"0":16,"1":16,"2":16,"3":16,"4":16,"5":16,"6":8,"7":16,"8":4,"9":2,"10":2,"11":16,"12":0,"13":0,"14":0,"15":0,"16":0,"17":0,"18":0,"19":16},"f":{"0":16,"1":8,"2":4,"3":0,"4":0},"b":{"0":[8,3],"1":[2,2],"2":[0,0]},"_coverageSchema":"1a1c01bbd47fc00a2c39e90264f33305004495a9","hash":"6e9fcceddb4e9b632a0abd41b1df77af0e99560c"}
,"C:\\Users\\E_hle\\OneDrive\\Skrivebord\\probe\\web\\src\\components\\AdminPages\\AdminPage.jsx": {"path":"C:\\Users\\E_hle\\OneDrive\\Skrivebord\\probe\\web\\src\\components\\AdminPages\\AdminPage.jsx","statementMap":{"0":{"start":{"line":8,"column":12},"end":{"line":26,"column":1}},"1":{"start":{"line":9,"column":19},"end":{"line":9,"column":32}},"2":{"start":{"line":10,"column":18},"end":{"line":12,"column":3}},"3":{"start":{"line":11,"column":4},"end":{"line":11,"column":49}},"4":{"start":{"line":14,"column":2},"end":{"line":25,"column":4}},"5":{"start":{"line":20,"column":8},"end":{"line":20,"column":21}},"6":{"start":{"line":28,"column":17},"end":{"line":46,"column":1}},"7":{"start":{"line":34,"column":27},"end":{"line":34,"column":48}},"8":{"start":{"line":48,"column":18},"end":{"line":60,"column":1}},"9":{"start":{"line":62,"column":23},"end":{"line":71,"column":1}},"10":{"start":{"line":74,"column":2},"end":{"line":78,"column":4}},"11":{"start":{"line":76,"column":65},"end":{"line":76,"column":74}},"12":{"start":{"line":82,"column":26},"end":{"line":82,"column":38}},"13":{"start":{"line":83,"column":32},"end":{"line":83,"column":50}},"14":{"start":{"line":84,"column":36},"end":{"line":84,"column":53}},"15":{"start":{"line":86,"column":2},"end":{"line":88,"column":18}},"16":{"start":{"line":87,"column":4},"end":{"line":87,"column":25}},"17":{"start":{"line":90,"column":20},"end":{"line":112,"column":3}},"18":{"start":{"line":91,"column":4},"end":{"line":111,"column":5}},"19":{"start":{"line":93,"column":8},"end":{"line":93,"column":20}},"20":{"start":{"line":94,"column":8},"end":{"line":94,"column":30}},"21":{"start":{"line":95,"column":8},"end":{"line":95,"column":14}},"22":{"start":{"line":97,"column":8},"end":{"line":97,"column":20}},"23":{"start":{"line":98,"column":8},"end":{"line":98,"column":35}},"24":{"start":{"line":99,"column":8},"end":{"line":99,"column":14}},"25":{"start":{"line":101,"column":8},"end":{"line":101,"column":29}},"26":{"start":{"line":102,"column":8},"end":{"line":104,"column":11}},"27":{"start":{"line":103,"column":10},"end":{"line":103,"column":21}},"28":{"start":{"line":105,"column":8},"end":{"line":105,"column":14}},"29":{"start":{"line":107,"column":8},"end":{"line":107,"column":29}},"30":{"start":{"line":108,"column":8},"end":{"line":110,"column":11}},"31":{"start":{"line":109,"column":10},"end":{"line":109,"column":21}},"32":{"start":{"line":114,"column":23},"end":{"line":116,"column":3}},"33":{"start":{"line":115,"column":4},"end":{"line":115,"column":31}},"34":{"start":{"line":118,"column":2},"end":{"line":151,"column":4}}},"fnMap":{"0":{"name":"(anonymous_0)","decl":{"start":{"line":8,"column":12},"end":{"line":8,"column":13}},"loc":{"start":{"line":8,"column":21},"end":{"line":26,"column":1}},"line":8},"1":{"name":"(anonymous_1)","decl":{"start":{"line":10,"column":18},"end":{"line":10,"column":19}},"loc":{"start":{"line":10,"column":27},"end":{"line":12,"column":3}},"line":10},"2":{"name":"(anonymous_2)","decl":{"start":{"line":19,"column":15},"end":{"line":19,"column":16}},"loc":{"start":{"line":19,"column":21},"end":{"line":21,"column":7}},"line":19},"3":{"name":"(anonymous_3)","decl":{"start":{"line":34,"column":16},"end":{"line":34,"column":17}},"loc":{"start":{"line":34,"column":27},"end":{"line":34,"column":48}},"line":34},"4":{"name":"ListView","decl":{"start":{"line":73,"column":9},"end":{"line":73,"column":17}},"loc":{"start":{"line":73,"column":37},"end":{"line":79,"column":1}},"line":73},"5":{"name":"(anonymous_5)","decl":{"start":{"line":76,"column":56},"end":{"line":76,"column":57}},"loc":{"start":{"line":76,"column":65},"end":{"line":76,"column":74}},"line":76},"6":{"name":"Page","decl":{"start":{"line":81,"column":9},"end":{"line":81,"column":13}},"loc":{"start":{"line":81,"column":16},"end":{"line":152,"column":1}},"line":81},"7":{"name":"(anonymous_7)","decl":{"start":{"line":86,"column":12},"end":{"line":86,"column":13}},"loc":{"start":{"line":86,"column":18},"end":{"line":88,"column":3}},"line":86},"8":{"name":"(anonymous_8)","decl":{"start":{"line":90,"column":20},"end":{"line":90,"column":21}},"loc":{"start":{"line":90,"column":32},"end":{"line":112,"column":3}},"line":90},"9":{"name":"(anonymous_9)","decl":{"start":{"line":102,"column":32},"end":{"line":102,"column":33}},"loc":{"start":{"line":102,"column":39},"end":{"line":104,"column":9}},"line":102},"10":{"name":"(anonymous_10)","decl":{"start":{"line":108,"column":32},"end":{"line":108,"column":33}},"loc":{"start":{"line":108,"column":39},"end":{"line":110,"column":9}},"line":108},"11":{"name":"(anonymous_11)","decl":{"start":{"line":114,"column":23},"end":{"line":114,"column":24}},"loc":{"start":{"line":114,"column":44},"end":{"line":116,"column":3}},"line":114}},"branchMap":{"0":{"loc":{"start":{"line":91,"column":4},"end":{"line":111,"column":5}},"type":"switch","locations":[{"start":{"line":92,"column":6},"end":{"line":95,"column":14}},{"start":{"line":96,"column":6},"end":{"line":99,"column":14}},{"start":{"line":100,"column":6},"end":{"line":105,"column":14}},{"start":{"line":106,"column":6},"end":{"line":110,"column":11}}],"line":91}},"s":{"0":1,"1":0,"2":0,"3":0,"4":0,"5":0,"6":1,"7":0,"8":1,"9":1,"10":7,"11":0,"12":7,"13":7,"14":7,"15":7,"16":5,"17":7,"18":5,"19":1,"20":1,"21":1,"22":1,"23":1,"24":1,"25":3,"26":3,"27":0,"28":3,"29":0,"30":0,"31":0,"32":7,"33":2,"34":7},"f":{"0":0,"1":0,"2":0,"3":0,"4":7,"5":0,"6":7,"7":5,"8":5,"9":0,"10":0,"11":2},"b":{"0":[1,1,3,0]},"_coverageSchema":"1a1c01bbd47fc00a2c39e90264f33305004495a9","hash":"15aef0f93d94b8e079de8aa10e21772c9c667aed"}
,"C:\\Users\\E_hle\\OneDrive\\Skrivebord\\probe\\web\\src\\components\\AdminPages\\NavBar.jsx": {"path":"C:\\Users\\E_hle\\OneDrive\\Skrivebord\\probe\\web\\src\\components\\AdminPages\\NavBar.jsx","statementMap":{"0":{"start":{"line":5,"column":21},"end":{"line":16,"column":1}},"1":{"start":{"line":6,"column":2},"end":{"line":15,"column":4}},"2":{"start":{"line":18,"column":15},"end":{"line":33,"column":1}},"3":{"start":{"line":19,"column":19},"end":{"line":19,"column":32}},"4":{"start":{"line":21,"column":17},"end":{"line":24,"column":3}},"5":{"start":{"line":22,"column":4},"end":{"line":22,"column":37}},"6":{"start":{"line":23,"column":4},"end":{"line":23,"column":23}},"7":{"start":{"line":26,"column":2},"end":{"line":32,"column":4}}},"fnMap":{"0":{"name":"(anonymous_0)","decl":{"start":{"line":5,"column":21},"end":{"line":5,"column":22}},"loc":{"start":{"line":5,"column":34},"end":{"line":16,"column":1}},"line":5},"1":{"name":"(anonymous_1)","decl":{"start":{"line":18,"column":15},"end":{"line":18,"column":16}},"loc":{"start":{"line":18,"column":21},"end":{"line":33,"column":1}},"line":18},"2":{"name":"(anonymous_2)","decl":{"start":{"line":21,"column":17},"end":{"line":21,"column":18}},"loc":{"start":{"line":21,"column":23},"end":{"line":24,"column":3}},"line":21}},"branchMap":{},"s":{"0":0,"1":0,"2":0,"3":0,"4":0,"5":0,"6":0,"7":0},"f":{"0":0,"1":0,"2":0},"b":{}}
,"C:\\Users\\E_hle\\OneDrive\\Skrivebord\\probe\\web\\src\\components\\AdminPages\\ViewUser.jsx": {"path":"C:\\Users\\E_hle\\OneDrive\\Skrivebord\\probe\\web\\src\\components\\AdminPages\\ViewUser.jsx","statementMap":{"0":{"start":{"line":10,"column":2},"end":{"line":27,"column":4}},"1":{"start":{"line":32,"column":16},"end":{"line":42,"column":3}},"2":{"start":{"line":43,"column":2},"end":{"line":63,"column":4}},"3":{"start":{"line":66,"column":18},"end":{"line":81,"column":1}},"4":{"start":{"line":84,"column":15},"end":{"line":84,"column":26}},"5":{"start":{"line":85,"column":38},"end":{"line":85,"column":53}},"6":{"start":{"line":86,"column":32},"end":{"line":86,"column":48}},"7":{"start":{"line":87,"column":26},"end":{"line":87,"column":45}},"8":{"start":{"line":88,"column":36},"end":{"line":88,"column":51}},"9":{"start":{"line":89,"column":19},"end":{"line":89,"column":32}},"10":{"start":{"line":90,"column":19},"end":{"line":90,"column":55}},"11":{"start":{"line":92,"column":23},"end":{"line":97,"column":3}},"12":{"start":{"line":93,"column":4},"end":{"line":96,"column":7}},"13":{"start":{"line":99,"column":2},"end":{"line":103,"column":16}},"14":{"start":{"line":100,"column":4},"end":{"line":102,"column":7}},"15":{"start":{"line":101,"column":6},"end":{"line":101,"column":20}},"16":{"start":{"line":105,"column":26},"end":{"line":105,"column":50}},"17":{"start":{"line":105,"column":32},"end":{"line":105,"column":50}},"18":{"start":{"line":106,"column":27},"end":{"line":106,"column":52}},"19":{"start":{"line":106,"column":33},"end":{"line":106,"column":52}},"20":{"start":{"line":108,"column":21},"end":{"line":111,"column":3}},"21":{"start":{"line":109,"column":4},"end":{"line":109,"column":35}},"22":{"start":{"line":110,"column":4},"end":{"line":110,"column":29}},"23":{"start":{"line":113,"column":25},"end":{"line":115,"column":3}},"24":{"start":{"line":114,"column":4},"end":{"line":114,"column":22}},"25":{"start":{"line":117,"column":25},"end":{"line":126,"column":3}},"26":{"start":{"line":118,"column":4},"end":{"line":125,"column":5}},"27":{"start":{"line":119,"column":6},"end":{"line":119,"column":31}},"28":{"start":{"line":120,"column":6},"end":{"line":120,"column":27}},"29":{"start":{"line":121,"column":6},"end":{"line":121,"column":25}},"30":{"start":{"line":123,"column":6},"end":{"line":123,"column":26}},"31":{"start":{"line":124,"column":6},"end":{"line":124,"column":25}},"32":{"start":{"line":128,"column":2},"end":{"line":269,"column":4}}},"fnMap":{"0":{"name":"TableEntry","decl":{"start":{"line":9,"column":9},"end":{"line":9,"column":19}},"loc":{"start":{"line":9,"column":65},"end":{"line":28,"column":1}},"line":9},"1":{"name":"ModalDelete","decl":{"start":{"line":31,"column":9},"end":{"line":31,"column":20}},"loc":{"start":{"line":31,"column":66},"end":{"line":64,"column":1}},"line":31},"2":{"name":"ViewUser","decl":{"start":{"line":83,"column":9},"end":{"line":83,"column":17}},"loc":{"start":{"line":83,"column":20},"end":{"line":270,"column":1}},"line":83},"3":{"name":"(anonymous_3)","decl":{"start":{"line":92,"column":23},"end":{"line":92,"column":24}},"loc":{"start":{"line":92,"column":30},"end":{"line":97,"column":3}},"line":92},"4":{"name":"(anonymous_4)","decl":{"start":{"line":99,"column":12},"end":{"line":99,"column":13}},"loc":{"start":{"line":99,"column":18},"end":{"line":103,"column":3}},"line":99},"5":{"name":"(anonymous_5)","decl":{"start":{"line":100,"column":34},"end":{"line":100,"column":35}},"loc":{"start":{"line":100,"column":44},"end":{"line":102,"column":5}},"line":100},"6":{"name":"(anonymous_6)","decl":{"start":{"line":105,"column":26},"end":{"line":105,"column":27}},"loc":{"start":{"line":105,"column":32},"end":{"line":105,"column":50}},"line":105},"7":{"name":"(anonymous_7)","decl":{"start":{"line":106,"column":27},"end":{"line":106,"column":28}},"loc":{"start":{"line":106,"column":33},"end":{"line":106,"column":52}},"line":106},"8":{"name":"(anonymous_8)","decl":{"start":{"line":108,"column":21},"end":{"line":108,"column":22}},"loc":{"start":{"line":108,"column":27},"end":{"line":111,"column":3}},"line":108},"9":{"name":"(anonymous_9)","decl":{"start":{"line":113,"column":25},"end":{"line":113,"column":26}},"loc":{"start":{"line":113,"column":32},"end":{"line":115,"column":3}},"line":113},"10":{"name":"(anonymous_10)","decl":{"start":{"line":117,"column":25},"end":{"line":117,"column":26}},"loc":{"start":{"line":117,"column":32},"end":{"line":126,"column":3}},"line":117}},"branchMap":{"0":{"loc":{"start":{"line":118,"column":4},"end":{"line":125,"column":5}},"type":"if","locations":[{"start":{"line":118,"column":4},"end":{"line":125,"column":5}},{"start":{"line":122,"column":11},"end":{"line":125,"column":5}}],"line":118}},"s":{"0":0,"1":0,"2":0,"3":0,"4":0,"5":0,"6":0,"7":0,"8":0,"9":0,"10":0,"11":0,"12":0,"13":0,"14":0,"15":0,"16":0,"17":0,"18":0,"19":0,"20":0,"21":0,"22":0,"23":0,"24":0,"25":0,"26":0,"27":0,"28":0,"29":0,"30":0,"31":0,"32":0},"f":{"0":0,"1":0,"2":0,"3":0,"4":0,"5":0,"6":0,"7":0,"8":0,"9":0,"10":0},"b":{"0":[0,0]}}
,"C:\\Users\\E_hle\\OneDrive\\Skrivebord\\probe\\web\\src\\components\\UserPreferences\\ActivateDeactivateButton.jsx": {"path":"C:\\Users\\E_hle\\OneDrive\\Skrivebord\\probe\\web\\src\\components\\UserPreferences\\ActivateDeactivateButton.jsx","statementMap":{"0":{"start":{"line":5,"column":33},"end":{"line":15,"column":1}},"1":{"start":{"line":6,"column":4},"end":{"line":14,"column":5}},"2":{"start":{"line":7,"column":8},"end":{"line":9,"column":9}},"3":{"start":{"line":8,"column":62},"end":{"line":8,"column":97}},"4":{"start":{"line":11,"column":8},"end":{"line":13,"column":9}},"5":{"start":{"line":12,"column":62},"end":{"line":12,"column":96}}},"fnMap":{"0":{"name":"(anonymous_0)","decl":{"start":{"line":5,"column":33},"end":{"line":5,"column":34}},"loc":{"start":{"line":5,"column":39},"end":{"line":15,"column":1}},"line":5},"1":{"name":"(anonymous_1)","decl":{"start":{"line":8,"column":56},"end":{"line":8,"column":57}},"loc":{"start":{"line":8,"column":62},"end":{"line":8,"column":97}},"line":8},"2":{"name":"(anonymous_2)","decl":{"start":{"line":12,"column":56},"end":{"line":12,"column":57}},"loc":{"start":{"line":12,"column":62},"end":{"line":12,"column":96}},"line":12}},"branchMap":{"0":{"loc":{"start":{"line":6,"column":4},"end":{"line":14,"column":5}},"type":"if","locations":[{"start":{"line":6,"column":4},"end":{"line":14,"column":5}},{"start":{"line":10,"column":11},"end":{"line":14,"column":5}}],"line":6}},"s":{"0":1,"1":3,"2":2,"3":0,"4":1,"5":0},"f":{"0":3,"1":0,"2":0},"b":{"0":[2,1]},"_coverageSchema":"1a1c01bbd47fc00a2c39e90264f33305004495a9","hash":"f72f4f85d3fefb43e2e59bbd7f7544595b1eb8df"}
,"C:\\Users\\E_hle\\OneDrive\\Skrivebord\\probe\\web\\src\\components\\UserPreferences\\BasicSelect.jsx": {"path":"C:\\Users\\E_hle\\OneDrive\\Skrivebord\\probe\\web\\src\\components\\UserPreferences\\BasicSelect.jsx","statementMap":{"0":{"start":{"line":9,"column":30},"end":{"line":9,"column":48}},"1":{"start":{"line":11,"column":25},"end":{"line":14,"column":5}},"2":{"start":{"line":12,"column":8},"end":{"line":12,"column":37}},"3":{"start":{"line":13,"column":8},"end":{"line":13,"column":48}},"4":{"start":{"line":16,"column":26},"end":{"line":18,"column":10}},"5":{"start":{"line":17,"column":12},"end":{"line":17,"column":100}},"6":{"start":{"line":20,"column":4},"end":{"line":43,"column":5}},"7":{"start":{"line":22,"column":8},"end":{"line":37,"column":10}},"8":{"start":{"line":40,"column":8},"end":{"line":42,"column":9}}},"fnMap":{"0":{"name":"BasicSelect","decl":{"start":{"line":8,"column":24},"end":{"line":8,"column":35}},"loc":{"start":{"line":8,"column":43},"end":{"line":44,"column":1}},"line":8},"1":{"name":"(anonymous_1)","decl":{"start":{"line":11,"column":25},"end":{"line":11,"column":26}},"loc":{"start":{"line":11,"column":36},"end":{"line":14,"column":5}},"line":11},"2":{"name":"(anonymous_2)","decl":{"start":{"line":16,"column":44},"end":{"line":16,"column":45}},"loc":{"start":{"line":17,"column":12},"end":{"line":17,"column":100}},"line":17}},"branchMap":{"0":{"loc":{"start":{"line":20,"column":4},"end":{"line":43,"column":5}},"type":"if","locations":[{"start":{"line":20,"column":4},"end":{"line":43,"column":5}},{"start":{"line":39,"column":11},"end":{"line":43,"column":5}}],"line":20}},"s":{"0":0,"1":0,"2":0,"3":0,"4":0,"5":0,"6":0,"7":0,"8":0},"f":{"0":0,"1":0,"2":0},"b":{"0":[0,0]}}
,"C:\\Users\\E_hle\\OneDrive\\Skrivebord\\probe\\web\\src\\components\\UserPreferences\\PreferenceAdder.jsx": {"path":"C:\\Users\\E_hle\\OneDrive\\Skrivebord\\probe\\web\\src\\components\\UserPreferences\\PreferenceAdder.jsx","statementMap":{"0":{"start":{"line":7,"column":24},"end":{"line":31,"column":1}},"1":{"start":{"line":10,"column":7},"end":{"line":10,"column":39}},"2":{"start":{"line":14,"column":8},"end":{"line":14,"column":44}},"3":{"start":{"line":15,"column":8},"end":{"line":15,"column":44}},"4":{"start":{"line":19,"column":8},"end":{"line":19,"column":46}},"5":{"start":{"line":20,"column":8},"end":{"line":20,"column":46}},"6":{"start":{"line":23,"column":4},"end":{"line":29,"column":5}}},"fnMap":{"0":{"name":"(anonymous_0)","decl":{"start":{"line":7,"column":24},"end":{"line":7,"column":25}},"loc":{"start":{"line":7,"column":30},"end":{"line":31,"column":1}},"line":7},"1":{"name":"addPref","decl":{"start":{"line":9,"column":13},"end":{"line":9,"column":20}},"loc":{"start":{"line":9,"column":23},"end":{"line":11,"column":5}},"line":9},"2":{"name":"prefChanged","decl":{"start":{"line":13,"column":13},"end":{"line":13,"column":24}},"loc":{"start":{"line":13,"column":35},"end":{"line":16,"column":5}},"line":13},"3":{"name":"choiceChanged","decl":{"start":{"line":18,"column":13},"end":{"line":18,"column":26}},"loc":{"start":{"line":18,"column":37},"end":{"line":21,"column":5}},"line":18}},"branchMap":{},"s":{"0":0,"1":0,"2":0,"3":0,"4":0,"5":0,"6":0},"f":{"0":0,"1":0,"2":0,"3":0},"b":{}}
,"C:\\Users\\E_hle\\OneDrive\\Skrivebord\\probe\\web\\src\\components\\UserPreferences\\PreferenceArray.jsx": {"path":"C:\\Users\\E_hle\\OneDrive\\Skrivebord\\probe\\web\\src\\components\\UserPreferences\\PreferenceArray.jsx","statementMap":{"0":{"start":{"line":8,"column":24},"end":{"line":53,"column":1}},"1":{"start":{"line":10,"column":24},"end":{"line":10,"column":60}},"2":{"start":{"line":13,"column":8},"end":{"line":13,"column":35}},"3":{"start":{"line":14,"column":8},"end":{"line":14,"column":47}},"4":{"start":{"line":18,"column":8},"end":{"line":18,"column":47}},"5":{"start":{"line":19,"column":8},"end":{"line":19,"column":49}},"6":{"start":{"line":22,"column":4},"end":{"line":51,"column":5}},"7":{"start":{"line":23,"column":4},"end":{"line":44,"column":5}},"8":{"start":{"line":26,"column":20},"end":{"line":39,"column":27}},"9":{"start":{"line":34,"column":73},"end":{"line":34,"column":90}},"10":{"start":{"line":37,"column":73},"end":{"line":37,"column":88}},"11":{"start":{"line":46,"column":8},"end":{"line":50,"column":9}}},"fnMap":{"0":{"name":"(anonymous_0)","decl":{"start":{"line":8,"column":24},"end":{"line":8,"column":25}},"loc":{"start":{"line":8,"column":30},"end":{"line":53,"column":1}},"line":8},"1":{"name":"editPref","decl":{"start":{"line":12,"column":13},"end":{"line":12,"column":21}},"loc":{"start":{"line":12,"column":29},"end":{"line":15,"column":5}},"line":12},"2":{"name":"deletePref","decl":{"start":{"line":17,"column":13},"end":{"line":17,"column":23}},"loc":{"start":{"line":17,"column":31},"end":{"line":20,"column":5}},"line":17},"3":{"name":"(anonymous_3)","decl":{"start":{"line":25,"column":48},"end":{"line":25,"column":49}},"loc":{"start":{"line":25,"column":71},"end":{"line":40,"column":17}},"line":25},"4":{"name":"(anonymous_4)","decl":{"start":{"line":34,"column":67},"end":{"line":34,"column":68}},"loc":{"start":{"line":34,"column":73},"end":{"line":34,"column":90}},"line":34},"5":{"name":"(anonymous_5)","decl":{"start":{"line":37,"column":67},"end":{"line":37,"column":68}},"loc":{"start":{"line":37,"column":73},"end":{"line":37,"column":88}},"line":37}},"branchMap":{"0":{"loc":{"start":{"line":22,"column":4},"end":{"line":51,"column":5}},"type":"if","locations":[{"start":{"line":22,"column":4},"end":{"line":51,"column":5}},{"start":{"line":45,"column":11},"end":{"line":51,"column":5}}],"line":22},"1":{"loc":{"start":{"line":25,"column":17},"end":{"line":40,"column":18}},"type":"binary-expr","locations":[{"start":{"line":25,"column":17},"end":{"line":25,"column":28}},{"start":{"line":25,"column":32},"end":{"line":40,"column":18}}],"line":25}},"s":{"0":0,"1":0,"2":0,"3":0,"4":0,"5":0,"6":0,"7":0,"8":0,"9":0,"10":0,"11":0},"f":{"0":0,"1":0,"2":0,"3":0,"4":0,"5":0},"b":{"0":[0,0],"1":[0,0]}}
,"C:\\Users\\E_hle\\OneDrive\\Skrivebord\\probe\\web\\src\\components\\createuser\\CreateNewUserForm.jsx": {"path":"C:\\Users\\E_hle\\OneDrive\\Skrivebord\\probe\\web\\src\\components\\createuser\\CreateNewUserForm.jsx","statementMap":{"0":{"start":{"line":9,"column":26},"end":{"line":245,"column":1}},"1":{"start":{"line":11,"column":23},"end":{"line":11,"column":139}},"2":{"start":{"line":12,"column":38},"end":{"line":12,"column":52}},"3":{"start":{"line":13,"column":21},"end":{"line":13,"column":34}},"4":{"start":{"line":15,"column":24},"end":{"line":17,"column":5}},"5":{"start":{"line":16,"column":8},"end":{"line":16,"column":46}},"6":{"start":{"line":18,"column":27},"end":{"line":21,"column":5}},"7":{"start":{"line":20,"column":8},"end":{"line":20,"column":49}},"8":{"start":{"line":22,"column":33},"end":{"line":24,"column":5}},"9":{"start":{"line":23,"column":8},"end":{"line":23,"column":55}},"10":{"start":{"line":25,"column":28},"end":{"line":27,"column":5}},"11":{"start":{"line":26,"column":8},"end":{"line":26,"column":50}},"12":{"start":{"line":28,"column":27},"end":{"line":30,"column":5}},"13":{"start":{"line":29,"column":8},"end":{"line":29,"column":49}},"14":{"start":{"line":31,"column":27},"end":{"line":33,"column":5}},"15":{"start":{"line":32,"column":8},"end":{"line":32,"column":44}},"16":{"start":{"line":34,"column":23},"end":{"line":36,"column":5}},"17":{"start":{"line":35,"column":8},"end":{"line":35,"column":45}},"18":{"start":{"line":37,"column":25},"end":{"line":39,"column":5}},"19":{"start":{"line":38,"column":8},"end":{"line":38,"column":47}},"20":{"start":{"line":40,"column":26},"end":{"line":42,"column":5}},"21":{"start":{"line":41,"column":8},"end":{"line":41,"column":48}},"22":{"start":{"line":43,"column":25},"end":{"line":45,"column":5}},"23":{"start":{"line":44,"column":8},"end":{"line":44,"column":47}},"24":{"start":{"line":46,"column":27},"end":{"line":48,"column":5}},"25":{"start":{"line":47,"column":8},"end":{"line":47,"column":55}},"26":{"start":{"line":49,"column":25},"end":{"line":51,"column":5}},"27":{"start":{"line":50,"column":8},"end":{"line":50,"column":47}},"28":{"start":{"line":52,"column":30},"end":{"line":54,"column":5}},"29":{"start":{"line":53,"column":8},"end":{"line":53,"column":52}},"30":{"start":{"line":56,"column":27},"end":{"line":120,"column":5}},"31":{"start":{"line":57,"column":8},"end":{"line":57,"column":31}},"32":{"start":{"line":58,"column":31},"end":{"line":58,"column":75}},"33":{"start":{"line":59,"column":23},"end":{"line":59,"column":28}},"34":{"start":{"line":61,"column":8},"end":{"line":110,"column":9}},"35":{"start":{"line":62,"column":12},"end":{"line":62,"column":27}},"36":{"start":{"line":63,"column":12},"end":{"line":63,"column":56}},"37":{"start":{"line":66,"column":12},"end":{"line":69,"column":13}},"38":{"start":{"line":67,"column":16},"end":{"line":67,"column":32}},"39":{"start":{"line":68,"column":16},"end":{"line":68,"column":45}},"40":{"start":{"line":71,"column":12},"end":{"line":74,"column":13}},"41":{"start":{"line":72,"column":16},"end":{"line":72,"column":32}},"42":{"start":{"line":73,"column":16},"end":{"line":73,"column":48}},"43":{"start":{"line":76,"column":12},"end":{"line":79,"column":13}},"44":{"start":{"line":77,"column":16},"end":{"line":77,"column":32}},"45":{"start":{"line":78,"column":16},"end":{"line":78,"column":57}},"46":{"start":{"line":81,"column":12},"end":{"line":84,"column":13}},"47":{"start":{"line":82,"column":16},"end":{"line":82,"column":32}},"48":{"start":{"line":83,"column":16},"end":{"line":83,"column":49}},"49":{"start":{"line":86,"column":12},"end":{"line":89,"column":13}},"50":{"start":{"line":87,"column":16},"end":{"line":87,"column":32}},"51":{"start":{"line":88,"column":16},"end":{"line":88,"column":48}},"52":{"start":{"line":91,"column":12},"end":{"line":94,"column":13}},"53":{"start":{"line":92,"column":16},"end":{"line":92,"column":32}},"54":{"start":{"line":93,"column":16},"end":{"line":93,"column":53}},"55":{"start":{"line":96,"column":12},"end":{"line":99,"column":13}},"56":{"start":{"line":97,"column":16},"end":{"line":97,"column":32}},"57":{"start":{"line":98,"column":16},"end":{"line":98,"column":44}},"58":{"start":{"line":101,"column":12},"end":{"line":104,"column":13}},"59":{"start":{"line":102,"column":16},"end":{"line":102,"column":32}},"60":{"start":{"line":103,"column":16},"end":{"line":103,"column":46}},"61":{"start":{"line":106,"column":12},"end":{"line":109,"column":13}},"62":{"start":{"line":107,"column":16},"end":{"line":107,"column":32}},"63":{"start":{"line":108,"column":16},"end":{"line":108,"column":47}},"64":{"start":{"line":111,"column":8},"end":{"line":111,"column":58}},"65":{"start":{"line":112,"column":8},"end":{"line":119,"column":9}},"66":{"start":{"line":113,"column":12},"end":{"line":113,"column":51}},"67":{"start":{"line":114,"column":12},"end":{"line":114,"column":36}},"68":{"start":{"line":117,"column":12},"end":{"line":117,"column":37}},"69":{"start":{"line":118,"column":12},"end":{"line":118,"column":31}},"70":{"start":{"line":122,"column":23},"end":{"line":177,"column":5}},"71":{"start":{"line":123,"column":8},"end":{"line":123,"column":31}},"72":{"start":{"line":125,"column":8},"end":{"line":125,"column":51}},"73":{"start":{"line":126,"column":21},"end":{"line":134,"column":14}},"74":{"start":{"line":136,"column":31},"end":{"line":162,"column":9}},"75":{"start":{"line":164,"column":8},"end":{"line":175,"column":9}},"76":{"start":{"line":165,"column":12},"end":{"line":165,"column":41}},"77":{"start":{"line":166,"column":29},"end":{"line":166,"column":68}},"78":{"start":{"line":167,"column":25},"end":{"line":167,"column":44}},"79":{"start":{"line":168,"column":12},"end":{"line":168,"column":42}},"80":{"start":{"line":169,"column":12},"end":{"line":169,"column":62}},"81":{"start":{"line":170,"column":12},"end":{"line":170,"column":31}},"82":{"start":{"line":171,"column":12},"end":{"line":171,"column":118}},"83":{"start":{"line":174,"column":12},"end":{"line":174,"column":42}},"84":{"start":{"line":179,"column":4},"end":{"line":244,"column":6}}},"fnMap":{"0":{"name":"(anonymous_0)","decl":{"start":{"line":9,"column":26},"end":{"line":9,"column":27}},"loc":{"start":{"line":9,"column":32},"end":{"line":245,"column":1}},"line":9},"1":{"name":"(anonymous_1)","decl":{"start":{"line":15,"column":24},"end":{"line":15,"column":25}},"loc":{"start":{"line":15,"column":35},"end":{"line":17,"column":5}},"line":15},"2":{"name":"(anonymous_2)","decl":{"start":{"line":18,"column":27},"end":{"line":18,"column":28}},"loc":{"start":{"line":18,"column":38},"end":{"line":21,"column":5}},"line":18},"3":{"name":"(anonymous_3)","decl":{"start":{"line":22,"column":33},"end":{"line":22,"column":34}},"loc":{"start":{"line":22,"column":44},"end":{"line":24,"column":5}},"line":22},"4":{"name":"(anonymous_4)","decl":{"start":{"line":25,"column":28},"end":{"line":25,"column":29}},"loc":{"start":{"line":25,"column":39},"end":{"line":27,"column":5}},"line":25},"5":{"name":"(anonymous_5)","decl":{"start":{"line":28,"column":27},"end":{"line":28,"column":28}},"loc":{"start":{"line":28,"column":38},"end":{"line":30,"column":5}},"line":28},"6":{"name":"(anonymous_6)","decl":{"start":{"line":31,"column":27},"end":{"line":31,"column":28}},"loc":{"start":{"line":31,"column":38},"end":{"line":33,"column":5}},"line":31},"7":{"name":"(anonymous_7)","decl":{"start":{"line":34,"column":23},"end":{"line":34,"column":24}},"loc":{"start":{"line":34,"column":34},"end":{"line":36,"column":5}},"line":34},"8":{"name":"(anonymous_8)","decl":{"start":{"line":37,"column":25},"end":{"line":37,"column":26}},"loc":{"start":{"line":37,"column":36},"end":{"line":39,"column":5}},"line":37},"9":{"name":"(anonymous_9)","decl":{"start":{"line":40,"column":26},"end":{"line":40,"column":27}},"loc":{"start":{"line":40,"column":37},"end":{"line":42,"column":5}},"line":40},"10":{"name":"(anonymous_10)","decl":{"start":{"line":43,"column":25},"end":{"line":43,"column":26}},"loc":{"start":{"line":43,"column":36},"end":{"line":45,"column":5}},"line":43},"11":{"name":"(anonymous_11)","decl":{"start":{"line":46,"column":27},"end":{"line":46,"column":28}},"loc":{"start":{"line":46,"column":38},"end":{"line":48,"column":5}},"line":46},"12":{"name":"(anonymous_12)","decl":{"start":{"line":49,"column":25},"end":{"line":49,"column":26}},"loc":{"start":{"line":49,"column":36},"end":{"line":51,"column":5}},"line":49},"13":{"name":"(anonymous_13)","decl":{"start":{"line":52,"column":30},"end":{"line":52,"column":31}},"loc":{"start":{"line":52,"column":41},"end":{"line":54,"column":5}},"line":52},"14":{"name":"(anonymous_14)","decl":{"start":{"line":56,"column":27},"end":{"line":56,"column":28}},"loc":{"start":{"line":56,"column":38},"end":{"line":120,"column":5}},"line":56},"15":{"name":"(anonymous_15)","decl":{"start":{"line":122,"column":23},"end":{"line":122,"column":24}},"loc":{"start":{"line":122,"column":40},"end":{"line":177,"column":5}},"line":122}},"branchMap":{"0":{"loc":{"start":{"line":11,"column":23},"end":{"line":11,"column":139}},"type":"cond-expr","locations":[{"start":{"line":11,"column":65},"end":{"line":11,"column":97}},{"start":{"line":11,"column":100},"end":{"line":11,"column":139}}],"line":11},"1":{"loc":{"start":{"line":61,"column":8},"end":{"line":110,"column":9}},"type":"if","locations":[{"start":{"line":61,"column":8},"end":{"line":110,"column":9}},{"start":{"line":65,"column":12},"end":{"line":110,"column":9}}],"line":61},"2":{"loc":{"start":{"line":66,"column":12},"end":{"line":69,"column":13}},"type":"if","locations":[{"start":{"line":66,"column":12},"end":{"line":69,"column":13}},{"start":{},"end":{}}],"line":66},"3":{"loc":{"start":{"line":71,"column":12},"end":{"line":74,"column":13}},"type":"if","locations":[{"start":{"line":71,"column":12},"end":{"line":74,"column":13}},{"start":{},"end":{}}],"line":71},"4":{"loc":{"start":{"line":76,"column":12},"end":{"line":79,"column":13}},"type":"if","locations":[{"start":{"line":76,"column":12},"end":{"line":79,"column":13}},{"start":{},"end":{}}],"line":76},"5":{"loc":{"start":{"line":81,"column":12},"end":{"line":84,"column":13}},"type":"if","locations":[{"start":{"line":81,"column":12},"end":{"line":84,"column":13}},{"start":{},"end":{}}],"line":81},"6":{"loc":{"start":{"line":86,"column":12},"end":{"line":89,"column":13}},"type":"if","locations":[{"start":{"line":86,"column":12},"end":{"line":89,"column":13}},{"start":{},"end":{}}],"line":86},"7":{"loc":{"start":{"line":91,"column":12},"end":{"line":94,"column":13}},"type":"if","locations":[{"start":{"line":91,"column":12},"end":{"line":94,"column":13}},{"start":{},"end":{}}],"line":91},"8":{"loc":{"start":{"line":96,"column":12},"end":{"line":99,"column":13}},"type":"if","locations":[{"start":{"line":96,"column":12},"end":{"line":99,"column":13}},{"start":{},"end":{}}],"line":96},"9":{"loc":{"start":{"line":101,"column":12},"end":{"line":104,"column":13}},"type":"if","locations":[{"start":{"line":101,"column":12},"end":{"line":104,"column":13}},{"start":{},"end":{}}],"line":101},"10":{"loc":{"start":{"line":106,"column":12},"end":{"line":109,"column":13}},"type":"if","locations":[{"start":{"line":106,"column":12},"end":{"line":109,"column":13}},{"start":{},"end":{}}],"line":106},"11":{"loc":{"start":{"line":112,"column":8},"end":{"line":119,"column":9}},"type":"if","locations":[{"start":{"line":112,"column":8},"end":{"line":119,"column":9}},{"start":{"line":116,"column":12},"end":{"line":119,"column":9}}],"line":112},"12":{"loc":{"start":{"line":126,"column":21},"end":{"line":134,"column":14}},"type":"cond-expr","locations":[{"start":{"line":126,"column":67},"end":{"line":129,"column":14}},{"start":{"line":131,"column":12},"end":{"line":134,"column":14}}],"line":126},"13":{"loc":{"start":{"line":181,"column":8},"end":{"line":243,"column":15}},"type":"cond-expr","locations":[{"start":{"line":183,"column":8},"end":{"line":228,"column":18}},{"start":{"line":230,"column":8},"end":{"line":243,"column":15}}],"line":181},"14":{"loc":{"start":{"line":183,"column":8},"end":{"line":228,"column":18}},"type":"cond-expr","locations":[{"start":{"line":185,"column":12},"end":{"line":200,"column":19}},{"start":{"line":202,"column":12},"end":{"line":228,"column":18}}],"line":183},"15":{"loc":{"start":{"line":199,"column":17},"end":{"line":199,"column":123}},"type":"cond-expr","locations":[{"start":{"line":199,"column":35},"end":{"line":199,"column":113}},{"start":{"line":199,"column":116},"end":{"line":199,"column":123}}],"line":199},"16":{"loc":{"start":{"line":226,"column":21},"end":{"line":226,"column":127}},"type":"cond-expr","locations":[{"start":{"line":226,"column":39},"end":{"line":226,"column":117}},{"start":{"line":226,"column":120},"end":{"line":226,"column":127}}],"line":226},"17":{"loc":{"start":{"line":242,"column":13},"end":{"line":242,"column":119}},"type":"cond-expr","locations":[{"start":{"line":242,"column":31},"end":{"line":242,"column":109}},{"start":{"line":242,"column":112},"end":{"line":242,"column":119}}],"line":242}},"s":{"0":1,"1":7,"2":7,"3":7,"4":7,"5":1,"6":7,"7":2,"8":7,"9":1,"10":7,"11":1,"12":7,"13":1,"14":7,"15":0,"16":7,"17":1,"18":7,"19":1,"20":7,"21":1,"22":7,"23":0,"24":7,"25":0,"26":7,"27":0,"28":7,"29":0,"30":7,"31":1,"32":1,"33":1,"34":1,"35":1,"36":1,"37":0,"38":0,"39":0,"40":0,"41":0,"42":0,"43":0,"44":0,"45":0,"46":0,"47":0,"48":0,"49":0,"50":0,"51":0,"52":0,"53":0,"54":0,"55":0,"56":0,"57":0,"58":0,"59":0,"60":0,"61":0,"62":0,"63":0,"64":1,"65":1,"66":1,"67":1,"68":0,"69":0,"70":7,"71":0,"72":0,"73":0,"74":0,"75":0,"76":0,"77":0,"78":0,"79":0,"80":0,"81":0,"82":0,"83":0,"84":7},"f":{"0":7,"1":1,"2":2,"3":1,"4":1,"5":1,"6":0,"7":1,"8":1,"9":1,"10":0,"11":0,"12":0,"13":0,"14":1,"15":0},"b":{"0":[0,7],"1":[1,0],"2":[0,0],"3":[0,0],"4":[0,0],"5":[0,0],"6":[0,0],"7":[0,0],"8":[0,0],"9":[0,0],"10":[0,0],"11":[1,0],"12":[0,0],"13":[5,2],"14":[5,0],"15":[2,3],"16":[0,0],"17":[0,2]},"_coverageSchema":"1a1c01bbd47fc00a2c39e90264f33305004495a9","hash":"682c556a5f77a736a7080475ad9d3c811a258ae3"}
,"C:\\Users\\E_hle\\OneDrive\\Skrivebord\\probe\\web\\src\\components\\createuser\\SelectUserType.jsx": {"path":"C:\\Users\\E_hle\\OneDrive\\Skrivebord\\probe\\web\\src\\components\\createuser\\SelectUserType.jsx","statementMap":{"0":{"start":{"line":2,"column":23},"end":{"line":38,"column":1}},"1":{"start":{"line":4,"column":23},"end":{"line":4,"column":36}},"2":{"start":{"line":5,"column":24},"end":{"line":5,"column":38}},"3":{"start":{"line":7,"column":34},"end":{"line":12,"column":5}},"4":{"start":{"line":8,"column":8},"end":{"line":8,"column":33}},"5":{"start":{"line":9,"column":8},"end":{"line":9,"column":45}},"6":{"start":{"line":10,"column":8},"end":{"line":10,"column":42}},"7":{"start":{"line":11,"column":8},"end":{"line":11,"column":64}},"8":{"start":{"line":14,"column":33},"end":{"line":19,"column":5}},"9":{"start":{"line":15,"column":8},"end":{"line":15,"column":33}},"10":{"start":{"line":16,"column":8},"end":{"line":16,"column":44}},"11":{"start":{"line":17,"column":8},"end":{"line":17,"column":41}},"12":{"start":{"line":18,"column":8},"end":{"line":18,"column":64}},"13":{"start":{"line":21,"column":17},"end":{"line":23,"column":5}},"14":{"start":{"line":25,"column":4},"end":{"line":37,"column":6}}},"fnMap":{"0":{"name":"(anonymous_0)","decl":{"start":{"line":2,"column":23},"end":{"line":2,"column":24}},"loc":{"start":{"line":2,"column":29},"end":{"line":38,"column":1}},"line":2},"1":{"name":"(anonymous_1)","decl":{"start":{"line":7,"column":34},"end":{"line":7,"column":35}},"loc":{"start":{"line":7,"column":40},"end":{"line":12,"column":5}},"line":7},"2":{"name":"(anonymous_2)","decl":{"start":{"line":14,"column":33},"end":{"line":14,"column":34}},"loc":{"start":{"line":14,"column":39},"end":{"line":19,"column":5}},"line":14}},"branchMap":{"0":{"loc":{"start":{"line":26,"column":8},"end":{"line":36,"column":18}},"type":"cond-expr","locations":[{"start":{"line":28,"column":12},"end":{"line":31,"column":18}},{"start":{"line":33,"column":12},"end":{"line":36,"column":18}}],"line":26}},"s":{"0":1,"1":7,"2":7,"3":7,"4":1,"5":1,"6":1,"7":1,"8":7,"9":1,"10":1,"11":1,"12":1,"13":7,"14":7},"f":{"0":7,"1":1,"2":1},"b":{"0":[5,2]},"_coverageSchema":"1a1c01bbd47fc00a2c39e90264f33305004495a9","hash":"d037310b9aee53b3de0c2ceb76d5afe9e2bdd191"}
,"C:\\Users\\E_hle\\OneDrive\\Skrivebord\\probe\\web\\src\\components\\landingPage\\Carousel.jsx": {"path":"C:\\Users\\E_hle\\OneDrive\\Skrivebord\\probe\\web\\src\\components\\landingPage\\Carousel.jsx","statementMap":{"0":{"start":{"line":6,"column":19},"end":{"line":28,"column":1}},"1":{"start":{"line":30,"column":16},"end":{"line":30,"column":39}},"2":{"start":{"line":31,"column":17},"end":{"line":38,"column":2}},"3":{"start":{"line":32,"column":2},"end":{"line":37,"column":46}},"4":{"start":{"line":41,"column":23},"end":{"line":54,"column":1}},"5":{"start":{"line":42,"column":4},"end":{"line":53,"column":6}}},"fnMap":{"0":{"name":"(anonymous_0)","decl":{"start":{"line":31,"column":29},"end":{"line":31,"column":30}},"loc":{"start":{"line":31,"column":49},"end":{"line":38,"column":1}},"line":31},"1":{"name":"(anonymous_1)","decl":{"start":{"line":41,"column":23},"end":{"line":41,"column":24}},"loc":{"start":{"line":41,"column":29},"end":{"line":54,"column":1}},"line":41}},"branchMap":{},"s":{"0":1,"1":1,"2":1,"3":6,"4":1,"5":1},"f":{"0":6,"1":1},"b":{},"_coverageSchema":"1a1c01bbd47fc00a2c39e90264f33305004495a9","hash":"9b09e1357f4bbd94d6d59d7c49da3f72463f5d0e"}
,"C:\\Users\\E_hle\\OneDrive\\Skrivebord\\probe\\web\\src\\components\\landingPage\\TrialCard.jsx": {"path":"C:\\Users\\E_hle\\OneDrive\\Skrivebord\\probe\\web\\src\\components\\landingPage\\TrialCard.jsx","statementMap":{"0":{"start":{"line":6,"column":18},"end":{"line":46,"column":1}},"1":{"start":{"line":8,"column":22},"end":{"line":8,"column":39}},"2":{"start":{"line":9,"column":4},"end":{"line":11,"column":5}},"3":{"start":{"line":10,"column":8},"end":{"line":10,"column":59}},"4":{"start":{"line":13,"column":4},"end":{"line":45,"column":2}},"5":{"start":{"line":37,"column":24},"end":{"line":37,"column":57}},"6":{"start":{"line":38,"column":20},"end":{"line":38,"column":67}}},"fnMap":{"0":{"name":"(anonymous_0)","decl":{"start":{"line":6,"column":18},"end":{"line":6,"column":19}},"loc":{"start":{"line":6,"column":29},"end":{"line":46,"column":1}},"line":6},"1":{"name":"(anonymous_1)","decl":{"start":{"line":36,"column":56},"end":{"line":36,"column":57}},"loc":{"start":{"line":36,"column":60},"end":{"line":39,"column":17}},"line":36}},"branchMap":{"0":{"loc":{"start":{"line":9,"column":4},"end":{"line":11,"column":5}},"type":"if","locations":[{"start":{"line":9,"column":4},"end":{"line":11,"column":5}},{"start":{},"end":{}}],"line":9}},"s":{"0":1,"1":0,"2":0,"3":0,"4":0,"5":0,"6":0},"f":{"0":0,"1":0},"b":{"0":[0,0]},"_coverageSchema":"1a1c01bbd47fc00a2c39e90264f33305004495a9","hash":"5af08119c535d30c70852257d0dc512ca3777c68"}
,"C:\\Users\\E_hle\\OneDrive\\Skrivebord\\probe\\web\\src\\components\\sign_in\\CreateNewUser.jsx": {"path":"C:\\Users\\E_hle\\OneDrive\\Skrivebord\\probe\\web\\src\\components\\sign_in\\CreateNewUser.jsx","statementMap":{"0":{"start":{"line":3,"column":22},"end":{"line":13,"column":1}},"1":{"start":{"line":4,"column":4},"end":{"line":12,"column":7}}},"fnMap":{"0":{"name":"(anonymous_0)","decl":{"start":{"line":3,"column":22},"end":{"line":3,"column":23}},"loc":{"start":{"line":3,"column":28},"end":{"line":13,"column":1}},"line":3}},"branchMap":{},"s":{"0":1,"1":2},"f":{"0":2},"b":{},"_coverageSchema":"1a1c01bbd47fc00a2c39e90264f33305004495a9","hash":"c4aeaeeb38b2cbf37765adbb151eff9af230435f"}
,"C:\\Users\\E_hle\\OneDrive\\Skrivebord\\probe\\web\\src\\components\\sign_in\\Login.jsx": {"path":"C:\\Users\\E_hle\\OneDrive\\Skrivebord\\probe\\web\\src\\components\\sign_in\\Login.jsx","statementMap":{"0":{"start":{"line":8,"column":12},"end":{"line":8,"column":158}},"1":{"start":{"line":11,"column":20},"end":{"line":13,"column":1}},"2":{"start":{"line":12,"column":4},"end":{"line":12,"column":55}},"3":{"start":{"line":15,"column":20},"end":{"line":17,"column":1}},"4":{"start":{"line":16,"column":4},"end":{"line":16,"column":56}},"5":{"start":{"line":19,"column":14},"end":{"line":92,"column":1}},"6":{"start":{"line":20,"column":21},"end":{"line":20,"column":34}},"7":{"start":{"line":22,"column":25},"end":{"line":73,"column":5}},"8":{"start":{"line":23,"column":8},"end":{"line":23,"column":44}},"9":{"start":{"line":24,"column":22},"end":{"line":24,"column":112}},"10":{"start":{"line":25,"column":33},"end":{"line":25,"column":67}},"11":{"start":{"line":26,"column":8},"end":{"line":26,"column":53}},"12":{"start":{"line":27,"column":8},"end":{"line":27,"column":49}},"13":{"start":{"line":28,"column":8},"end":{"line":28,"column":37}},"14":{"start":{"line":29,"column":31},"end":{"line":33,"column":9}},"15":{"start":{"line":34,"column":8},"end":{"line":60,"column":9}},"16":{"start":{"line":35,"column":12},"end":{"line":35,"column":41}},"17":{"start":{"line":36,"column":29},"end":{"line":36,"column":74}},"18":{"start":{"line":37,"column":25},"end":{"line":37,"column":46}},"19":{"start":{"line":38,"column":12},"end":{"line":38,"column":42}},"20":{"start":{"line":39,"column":12},"end":{"line":39,"column":42}},"21":{"start":{"line":40,"column":12},"end":{"line":55,"column":13}},"22":{"start":{"line":41,"column":16},"end":{"line":41,"column":42}},"23":{"start":{"line":42,"column":16},"end":{"line":50,"column":17}},"24":{"start":{"line":43,"column":20},"end":{"line":43,"column":47}},"25":{"start":{"line":44,"column":20},"end":{"line":44,"column":44}},"26":{"start":{"line":47,"column":20},"end":{"line":47,"column":39}},"27":{"start":{"line":48,"column":20},"end":{"line":48,"column":85}},"28":{"start":{"line":49,"column":20},"end":{"line":49,"column":43}},"29":{"start":{"line":53,"column":16},"end":{"line":53,"column":89}},"30":{"start":{"line":54,"column":16},"end":{"line":54,"column":46}},"31":{"start":{"line":57,"column":12},"end":{"line":57,"column":84}},"32":{"start":{"line":58,"column":12},"end":{"line":58,"column":40}},"33":{"start":{"line":59,"column":12},"end":{"line":59,"column":42}},"34":{"start":{"line":74,"column":4},"end":{"line":91,"column":7}}},"fnMap":{"0":{"name":"(anonymous_0)","decl":{"start":{"line":11,"column":20},"end":{"line":11,"column":21}},"loc":{"start":{"line":11,"column":31},"end":{"line":13,"column":1}},"line":11},"1":{"name":"(anonymous_1)","decl":{"start":{"line":15,"column":20},"end":{"line":15,"column":21}},"loc":{"start":{"line":15,"column":31},"end":{"line":17,"column":1}},"line":15},"2":{"name":"(anonymous_2)","decl":{"start":{"line":19,"column":14},"end":{"line":19,"column":15}},"loc":{"start":{"line":19,"column":20},"end":{"line":92,"column":1}},"line":19},"3":{"name":"(anonymous_3)","decl":{"start":{"line":22,"column":25},"end":{"line":22,"column":26}},"loc":{"start":{"line":22,"column":38},"end":{"line":73,"column":5}},"line":22}},"branchMap":{"0":{"loc":{"start":{"line":8,"column":12},"end":{"line":8,"column":158}},"type":"cond-expr","locations":[{"start":{"line":8,"column":53},"end":{"line":8,"column":101}},{"start":{"line":8,"column":104},"end":{"line":8,"column":158}}],"line":8},"1":{"loc":{"start":{"line":24,"column":22},"end":{"line":24,"column":112}},"type":"cond-expr","locations":[{"start":{"line":24,"column":64},"end":{"line":24,"column":67}},{"start":{"line":24,"column":70},"end":{"line":24,"column":112}}],"line":24},"2":{"loc":{"start":{"line":40,"column":12},"end":{"line":55,"column":13}},"type":"if","locations":[{"start":{"line":40,"column":12},"end":{"line":55,"column":13}},{"start":{"line":52,"column":16},"end":{"line":55,"column":13}}],"line":40},"3":{"loc":{"start":{"line":42,"column":16},"end":{"line":50,"column":17}},"type":"if","locations":[{"start":{"line":42,"column":16},"end":{"line":50,"column":17}},{"start":{"line":46,"column":21},"end":{"line":50,"column":17}}],"line":42}},"s":{"0":1,"1":1,"2":1,"3":1,"4":1,"5":1,"6":5,"7":5,"8":0,"9":0,"10":0,"11":0,"12":0,"13":0,"14":0,"15":0,"16":0,"17":0,"18":0,"19":0,"20":0,"21":0,"22":0,"23":0,"24":0,"25":0,"26":0,"27":0,"28":0,"29":0,"30":0,"31":0,"32":0,"33":0,"34":5},"f":{"0":1,"1":1,"2":5,"3":0},"b":{"0":[0,1],"1":[0,0],"2":[0,0],"3":[0,0]},"_coverageSchema":"1a1c01bbd47fc00a2c39e90264f33305004495a9","hash":"7549bea5fe4e7fca741b3d8995c92dc7841f3d14"}
,"C:\\Users\\E_hle\\OneDrive\\Skrivebord\\probe\\web\\src\\pages\\About.jsx": {"path":"C:\\Users\\E_hle\\OneDrive\\Skrivebord\\probe\\web\\src\\pages\\About.jsx","statementMap":{"0":{"start":{"line":1,"column":14},"end":{"line":5,"column":1}},"1":{"start":{"line":2,"column":4},"end":{"line":4,"column":7}}},"fnMap":{"0":{"name":"(anonymous_0)","decl":{"start":{"line":1,"column":14},"end":{"line":1,"column":15}},"loc":{"start":{"line":1,"column":20},"end":{"line":5,"column":1}},"line":1}},"branchMap":{},"s":{"0":0,"1":0},"f":{"0":0},"b":{}}
,"C:\\Users\\E_hle\\OneDrive\\Skrivebord\\probe\\web\\src\\pages\\AdminLogin.jsx": {"path":"C:\\Users\\E_hle\\OneDrive\\Skrivebord\\probe\\web\\src\\pages\\AdminLogin.jsx","statementMap":{"0":{"start":{"line":4,"column":2},"end":{"line":4,"column":19}}},"fnMap":{"0":{"name":"AdminLogin","decl":{"start":{"line":3,"column":24},"end":{"line":3,"column":34}},"loc":{"start":{"line":3,"column":37},"end":{"line":5,"column":1}},"line":3}},"branchMap":{},"s":{"0":4},"f":{"0":4},"b":{},"_coverageSchema":"1a1c01bbd47fc00a2c39e90264f33305004495a9","hash":"b422b1fcce699c1daf749dd3d907bc12751e1f04"}
,"C:\\Users\\E_hle\\OneDrive\\Skrivebord\\probe\\web\\src\\pages\\AdminPage.jsx": {"path":"C:\\Users\\E_hle\\OneDrive\\Skrivebord\\probe\\web\\src\\pages\\AdminPage.jsx","statementMap":{"0":{"start":{"line":4,"column":2},"end":{"line":8,"column":4}}},"fnMap":{"0":{"name":"AdminPage","decl":{"start":{"line":3,"column":24},"end":{"line":3,"column":33}},"loc":{"start":{"line":3,"column":36},"end":{"line":9,"column":1}},"line":3}},"branchMap":{},"s":{"0":0},"f":{"0":0},"b":{}}
[...]
,"C:\\Users\\E_hle\\OneDrive\\Skrivebord\\probe\\web\\src\\stores\\UserPreferencesStore.js": {"path":"C:\\Users\\E_hle\\OneDrive\\Skrivebord\\probe\\web\\src\\stores\\UserPreferencesStore.js","statementMap":{"0":{"start":{"line":7,"column":13},"end":{"line":7,"column":142}},"1":{"start":{"line":11,"column":27},"end":{"line":13,"column":5}},"2":{"start":{"line":15,"column":19},"end":{"line":20,"column":5}},"3":{"start":{"line":22,"column":17},"end":{"line":26,"column":5}},"4":{"start":{"line":32,"column":8},"end":{"line":32,"column":55}},"5":{"start":{"line":36,"column":8},"end":{"line":36,"column":107}},"6":{"start":{"line":36,"column":51},"end":{"line":36,"column":105}},"7":{"start":{"line":36,"column":88},"end":{"line":36,"column":104}},"8":{"start":{"line":40,"column":8},"end":{"line":41,"column":24}},"9":{"start":{"line":40,"column":45},"end":{"line":40,"column":73}},"10":{"start":{"line":41,"column":13},"end":{"line":41,"column":24}},"11":{"start":{"line":45,"column":8},"end":{"line":50,"column":9}},"12":{"start":{"line":46,"column":12},"end":{"line":47,"column":55}},"13":{"start":{"line":46,"column":45},"end":{"line":46,"column":81}},"14":{"start":{"line":49,"column":12},"end":{"line":49,"column":21}},"15":{"start":{"line":54,"column":8},"end":{"line":58,"column":9}},"16":{"start":{"line":55,"column":12},"end":{"line":55,"column":54}},"17":{"start":{"line":57,"column":12},"end":{"line":57,"column":49}},"18":{"start":{"line":62,"column":8},"end":{"line":62,"column":51}},"19":{"start":{"line":63,"column":8},"end":{"line":66,"column":9}},"20":{"start":{"line":64,"column":12},"end":{"line":64,"column":50}},"21":{"start":{"line":65,"column":12},"end":{"line":65,"column":54}},"22":{"start":{"line":69,"column":20},"end":{"line":79,"column":5}},"23":{"start":{"line":70,"column":8},"end":{"line":73,"column":9}},"24":{"start":{"line":71,"column":8},"end":{"line":71,"column":64}},"25":{"start":{"line":72,"column":8},"end":{"line":72,"column":14}},"26":{"start":{"line":75,"column":8},"end":{"line":75,"column":89}},"27":{"start":{"line":76,"column":8},"end":{"line":76,"column":29}},"28":{"start":{"line":77,"column":8},"end":{"line":77,"column":31}},"29":{"start":{"line":78,"column":8},"end":{"line":78,"column":80}},"30":{"start":{"line":82,"column":8},"end":{"line":98,"column":9}},"31":{"start":{"line":83,"column":22},"end":{"line":83,"column":72}},"32":{"start":{"line":84,"column":12},"end":{"line":97,"column":13}},"33":{"start":{"line":85,"column":16},"end":{"line":94,"column":18}},"34":{"start":{"line":96,"column":16},"end":{"line":96,"column":33}},"35":{"start":{"line":101,"column":17},"end":{"line":101,"column":21}},"36":{"start":{"line":102,"column":19},"end":{"line":102,"column":23}},"37":{"start":{"line":104,"column":22},"end":{"line":104,"column":45}},"38":{"start":{"line":105,"column":30},"end":{"line":105,"column":56}},"39":{"start":{"line":107,"column":24},"end":{"line":107,"column":49}},"40":{"start":{"line":108,"column":32},"end":{"line":108,"column":60}},"41":{"start":{"line":110,"column":19},"end":{"line":110,"column":23}},"42":{"start":{"line":112,"column":23},"end":{"line":112,"column":47}},"43":{"start":{"line":113,"column":32},"end":{"line":113,"column":60}},"44":{"start":{"line":117,"column":31},"end":{"line":117,"column":57}}},"fnMap":{"0":{"name":"(anonymous_0)","decl":{"start":{"line":31,"column":4},"end":{"line":31,"column":5}},"loc":{"start":{"line":31,"column":18},"end":{"line":33,"column":5}},"line":31},"1":{"name":"(anonymous_1)","decl":{"start":{"line":35,"column":4},"end":{"line":35,"column":5}},"loc":{"start":{"line":35,"column":25},"end":{"line":37,"column":5}},"line":35},"2":{"name":"(anonymous_2)","decl":{"start":{"line":36,"column":41},"end":{"line":36,"column":42}},"loc":{"start":{"line":36,"column":51},"end":{"line":36,"column":105}},"line":36},"3":{"name":"(anonymous_3)","decl":{"start":{"line":36,"column":83},"end":{"line":36,"column":84}},"loc":{"start":{"line":36,"column":88},"end":{"line":36,"column":104}},"line":36},"4":{"name":"(anonymous_4)","decl":{"start":{"line":39,"column":4},"end":{"line":39,"column":5}},"loc":{"start":{"line":39,"column":22},"end":{"line":42,"column":5}},"line":39},"5":{"name":"(anonymous_5)","decl":{"start":{"line":44,"column":4},"end":{"line":44,"column":5}},"loc":{"start":{"line":44,"column":26},"end":{"line":51,"column":5}},"line":44},"6":{"name":"(anonymous_6)","decl":{"start":{"line":46,"column":40},"end":{"line":46,"column":41}},"loc":{"start":{"line":46,"column":45},"end":{"line":46,"column":81}},"line":46},"7":{"name":"(anonymous_7)","decl":{"start":{"line":53,"column":4},"end":{"line":53,"column":5}},"loc":{"start":{"line":53,"column":23},"end":{"line":59,"column":5}},"line":53},"8":{"name":"(anonymous_8)","decl":{"start":{"line":61,"column":4},"end":{"line":61,"column":5}},"loc":{"start":{"line":61,"column":28},"end":{"line":67,"column":5}},"line":61},"9":{"name":"(anonymous_9)","decl":{"start":{"line":69,"column":20},"end":{"line":69,"column":21}},"loc":{"start":{"line":69,"column":26},"end":{"line":79,"column":5}},"line":69},"10":{"name":"(anonymous_10)","decl":{"start":{"line":81,"column":4},"end":{"line":81,"column":5}},"loc":{"start":{"line":81,"column":35},"end":{"line":99,"column":5}},"line":81},"11":{"name":"(anonymous_11)","decl":{"start":{"line":104,"column":4},"end":{"line":104,"column":5}},"loc":{"start":{"line":104,"column":20},"end":{"line":104,"column":47}},"line":104},"12":{"name":"(anonymous_12)","decl":{"start":{"line":105,"column":4},"end":{"line":105,"column":5}},"loc":{"start":{"line":105,"column":28},"end":{"line":105,"column":58}},"line":105},"13":{"name":"(anonymous_13)","decl":{"start":{"line":107,"column":4},"end":{"line":107,"column":5}},"loc":{"start":{"line":107,"column":22},"end":{"line":107,"column":51}},"line":107},"14":{"name":"(anonymous_14)","decl":{"start":{"line":108,"column":4},"end":{"line":108,"column":5}},"loc":{"start":{"line":108,"column":30},"end":{"line":108,"column":62}},"line":108},"15":{"name":"(anonymous_15)","decl":{"start":{"line":112,"column":4},"end":{"line":112,"column":5}},"loc":{"start":{"line":112,"column":22},"end":{"line":112,"column":48}},"line":112},"16":{"name":"(anonymous_16)","decl":{"start":{"line":113,"column":4},"end":{"line":113,"column":5}},"loc":{"start":{"line":113,"column":30},"end":{"line":113,"column":61}},"line":113}},"branchMap":{"0":{"loc":{"start":{"line":7,"column":13},"end":{"line":7,"column":142}},"type":"cond-expr","locations":[{"start":{"line":7,"column":54},"end":{"line":7,"column":93}},{"start":{"line":7,"column":96},"end":{"line":7,"column":142}}],"line":7},"1":{"loc":{"start":{"line":40,"column":8},"end":{"line":41,"column":24}},"type":"if","locations":[{"start":{"line":40,"column":8},"end":{"line":41,"column":24}},{"start":{"line":41,"column":13},"end":{"line":41,"column":24}}],"line":40},"2":{"loc":{"start":{"line":45,"column":8},"end":{"line":50,"column":9}},"type":"if","locations":[{"start":{"line":45,"column":8},"end":{"line":50,"column":9}},{"start":{"line":48,"column":15},"end":{"line":50,"column":9}}],"line":45},"3":{"loc":{"start":{"line":46,"column":19},"end":{"line":47,"column":55}},"type":"binary-expr","locations":[{"start":{"line":46,"column":19},"end":{"line":46,"column":90}},{"start":{"line":47,"column":19},"end":{"line":47,"column":55}}],"line":46},"4":{"loc":{"start":{"line":54,"column":8},"end":{"line":58,"column":9}},"type":"if","locations":[{"start":{"line":54,"column":8},"end":{"line":58,"column":9}},{"start":{"line":56,"column":15},"end":{"line":58,"column":9}}],"line":54},"5":{"loc":{"start":{"line":63,"column":8},"end":{"line":66,"column":9}},"type":"if","locations":[{"start":{"line":63,"column":8},"end":{"line":66,"column":9}},{"start":{},"end":{}}],"line":63},"6":{"loc":{"start":{"line":70,"column":8},"end":{"line":73,"column":9}},"type":"if","locations":[{"start":{"line":70,"column":8},"end":{"line":73,"column":9}},{"start":{},"end":{}}],"line":70},"7":{"loc":{"start":{"line":70,"column":12},"end":{"line":70,"column":64}},"type":"binary-expr","locations":[{"start":{"line":70,"column":12},"end":{"line":70,"column":35}},{"start":{"line":70,"column":39},"end":{"line":70,"column":64}}],"line":70},"8":{"loc":{"start":{"line":82,"column":8},"end":{"line":98,"column":9}},"type":"if","locations":[{"start":{"line":82,"column":8},"end":{"line":98,"column":9}},{"start":{},"end":{}}],"line":82}},"s":{"0":1,"1":1,"2":1,"3":1,"4":1,"5":0,"6":0,"7":0,"8":0,"9":0,"10":0,"11":0,"12":0,"13":0,"14":0,"15":0,"16":0,"17":0,"18":0,"19":0,"20":0,"21":0,"22":1,"23":2,"24":0,"25":0,"26":2,"27":2,"28":2,"29":2,"30":0,"31":0,"32":0,"33":0,"34":0,"35":1,"36":1,"37":2,"38":4,"39":2,"40":4,"41":1,"42":3,"43":2,"44":1},"f":{"0":1,"1":0,"2":0,"3":0,"4":0,"5":0,"6":0,"7":0,"8":0,"9":2,"10":0,"11":2,"12":4,"13":2,"14":4,"15":3,"16":2},"b":{"0":[0,1],"1":[0,0],"2":[0,0],"3":[0,0],"4":[0,0],"5":[0,0],"6":[0,2],"7":[2,2],"8":[0,0]},"_coverageSchema":"1a1c01bbd47fc00a2c39e90264f33305004495a9","hash":"316e6c1f8155f621aec75a442347719476464dc0"}
,"C:\\Users\\E_hle\\OneDrive\\Skrivebord\\probe\\web\\src\\stores\\UserStore.js": {"path":"C:\\Users\\E_hle\\OneDrive\\Skrivebord\\probe\\web\\src\\stores\\UserStore.js","statementMap":{"0":{"start":{"line":21,"column":11},"end":{"line":23,"column":36}},"1":{"start":{"line":25,"column":24},"end":{"line":25,"column":29}},"2":{"start":{"line":26,"column":12},"end":{"line":26,"column":17}},"3":{"start":{"line":27,"column":15},"end":{"line":27,"column":17}},"4":{"start":{"line":31,"column":8},"end":{"line":34,"column":9}},"5":{"start":{"line":38,"column":8},"end":{"line":38,"column":26}},"6":{"start":{"line":42,"column":8},"end":{"line":42,"column":32}},"7":{"start":{"line":45,"column":8},"end":{"line":45,"column":44}},"8":{"start":{"line":48,"column":8},"end":{"line":48,"column":35}},"9":{"start":{"line":51,"column":8},"end":{"line":51,"column":32}},"10":{"start":{"line":54,"column":8},"end":{"line":54,"column":23}},"11":{"start":{"line":57,"column":8},"end":{"line":57,"column":29}},"12":{"start":{"line":60,"column":8},"end":{"line":60,"column":36}},"13":{"start":{"line":63,"column":8},"end":{"line":63,"column":32}},"14":{"start":{"line":66,"column":8},"end":{"line":66,"column":32}},"15":{"start":{"line":69,"column":8},"end":{"line":69,"column":29}},"16":{"start":{"line":72,"column":8},"end":{"line":72,"column":24}},"17":{"start":{"line":75,"column":8},"end":{"line":75,"column":28}},"18":{"start":{"line":78,"column":8},"end":{"line":78,"column":30}},"19":{"start":{"line":81,"column":8},"end":{"line":81,"column":25}},"20":{"start":{"line":90,"column":8},"end":{"line":90,"column":33}},"21":{"start":{"line":94,"column":8},"end":{"line":94,"column":38}},"22":{"start":{"line":97,"column":8},"end":{"line":97,"column":26}},"23":{"start":{"line":100,"column":8},"end":{"line":100,"column":27}},"24":{"start":{"line":103,"column":8},"end":{"line":103,"column":98}},"25":{"start":{"line":109,"column":8},"end":{"line":109,"column":25}},"26":{"start":{"line":112,"column":8},"end":{"line":112,"column":24}},"27":{"start":{"line":116,"column":8},"end":{"line":116,"column":37}},"28":{"start":{"line":124,"column":8},"end":{"line":124,"column":34}},"29":{"start":{"line":125,"column":8},"end":{"line":150,"column":9}},"30":{"start":{"line":154,"column":8},"end":{"line":178,"column":9}},"31":{"start":{"line":181,"column":25},"end":{"line":181,"column":40}}},"fnMap":{"0":{"name":"(anonymous_0)","decl":{"start":{"line":30,"column":4},"end":{"line":30,"column":5}},"loc":{"start":{"line":30,"column":18},"end":{"line":35,"column":5}},"line":30},"1":{"name":"(anonymous_1)","decl":{"start":{"line":37,"column":4},"end":{"line":37,"column":5}},"loc":{"start":{"line":37,"column":19},"end":{"line":39,"column":5}},"line":37},"2":{"name":"(anonymous_2)","decl":{"start":{"line":41,"column":4},"end":{"line":41,"column":5}},"loc":{"start":{"line":41,"column":25},"end":{"line":43,"column":5}},"line":41},"3":{"name":"(anonymous_3)","decl":{"start":{"line":44,"column":4},"end":{"line":44,"column":5}},"loc":{"start":{"line":44,"column":37},"end":{"line":46,"column":5}},"line":44},"4":{"name":"(anonymous_4)","decl":{"start":{"line":47,"column":4},"end":{"line":47,"column":5}},"loc":{"start":{"line":47,"column":27},"end":{"line":49,"column":5}},"line":47},"5":{"name":"(anonymous_5)","decl":{"start":{"line":50,"column":4},"end":{"line":50,"column":5}},"loc":{"start":{"line":50,"column":25},"end":{"line":52,"column":5}},"line":50},"6":{"name":"(anonymous_6)","decl":{"start":{"line":53,"column":4},"end":{"line":53,"column":5}},"loc":{"start":{"line":53,"column":15},"end":{"line":55,"column":5}},"line":53},"7":{"name":"(anonymous_7)","decl":{"start":{"line":56,"column":4},"end":{"line":56,"column":5}},"loc":{"start":{"line":56,"column":21},"end":{"line":58,"column":5}},"line":56},"8":{"name":"(anonymous_8)","decl":{"start":{"line":59,"column":4},"end":{"line":59,"column":5}},"loc":{"start":{"line":59,"column":28},"end":{"line":61,"column":5}},"line":59},"9":{"name":"(anonymous_9)","decl":{"start":{"line":62,"column":4},"end":{"line":62,"column":5}},"loc":{"start":{"line":62,"column":24},"end":{"line":64,"column":5}},"line":62},"10":{"name":"(anonymous_10)","decl":{"start":{"line":65,"column":4},"end":{"line":65,"column":5}},"loc":{"start":{"line":65,"column":24},"end":{"line":67,"column":5}},"line":65},"11":{"name":"(anonymous_11)","decl":{"start":{"line":68,"column":4},"end":{"line":68,"column":5}},"loc":{"start":{"line":68,"column":21},"end":{"line":70,"column":5}},"line":68},"12":{"name":"(anonymous_12)","decl":{"start":{"line":71,"column":4},"end":{"line":71,"column":5}},"loc":{"start":{"line":71,"column":17},"end":{"line":73,"column":5}},"line":71},"13":{"name":"(anonymous_13)","decl":{"start":{"line":74,"column":4},"end":{"line":74,"column":5}},"loc":{"start":{"line":74,"column":21},"end":{"line":76,"column":5}},"line":74},"14":{"name":"(anonymous_14)","decl":{"start":{"line":77,"column":4},"end":{"line":77,"column":5}},"loc":{"start":{"line":77,"column":23},"end":{"line":79,"column":5}},"line":77},"15":{"name":"(anonymous_15)","decl":{"start":{"line":80,"column":4},"end":{"line":80,"column":5}},"loc":{"start":{"line":80,"column":21},"end":{"line":82,"column":5}},"line":80},"16":{"name":"(anonymous_16)","decl":{"start":{"line":89,"column":4},"end":{"line":89,"column":5}},"loc":{"start":{"line":89,"column":26},"end":{"line":91,"column":5}},"line":89},"17":{"name":"(anonymous_17)","decl":{"start":{"line":93,"column":4},"end":{"line":93,"column":5}},"loc":{"start":{"line":93,"column":31},"end":{"line":95,"column":5}},"line":93},"18":{"name":"(anonymous_18)","decl":{"start":{"line":96,"column":4},"end":{"line":96,"column":5}},"loc":{"start":{"line":96,"column":19},"end":{"line":98,"column":5}},"line":96},"19":{"name":"(anonymous_19)","decl":{"start":{"line":99,"column":4},"end":{"line":99,"column":5}},"loc":{"start":{"line":99,"column":20},"end":{"line":101,"column":5}},"line":99},"20":{"name":"(anonymous_20)","decl":{"start":{"line":102,"column":4},"end":{"line":102,"column":5}},"loc":{"start":{"line":102,"column":17},"end":{"line":105,"column":5}},"line":102},"21":{"name":"(anonymous_21)","decl":{"start":{"line":108,"column":4},"end":{"line":108,"column":5}},"loc":{"start":{"line":108,"column":14},"end":{"line":110,"column":5}},"line":108},"22":{"name":"(anonymous_22)","decl":{"start":{"line":111,"column":4},"end":{"line":111,"column":5}},"loc":{"start":{"line":111,"column":13},"end":{"line":113,"column":5}},"line":111},"23":{"name":"(anonymous_23)","decl":{"start":{"line":115,"column":4},"end":{"line":115,"column":5}},"loc":{"start":{"line":115,"column":26},"end":{"line":117,"column":5}},"line":115},"24":{"name":"(anonymous_24)","decl":{"start":{"line":119,"column":4},"end":{"line":119,"column":5}},"loc":{"start":{"line":119,"column":26},"end":{"line":151,"column":5}},"line":119},"25":{"name":"(anonymous_25)","decl":{"start":{"line":153,"column":4},"end":{"line":153,"column":5}},"loc":{"start":{"line":153,"column":27},"end":{"line":179,"column":5}},"line":153}},"branchMap":{"0":{"loc":{"start":{"line":103,"column":20},"end":{"line":103,"column":98}},"type":"cond-expr","locations":[{"start":{"line":103,"column":37},"end":{"line":103,"column":72}},{"start":{"line":103,"column":75},"end":{"line":103,"column":98}}],"line":103},"1":{"loc":{"start":{"line":141,"column":18},"end":{"line":149,"column":18}},"type":"cond-expr","locations":[{"start":{"line":143,"column":16},"end":{"line":145,"column":18}},{"start":{"line":147,"column":16},"end":{"line":149,"column":18}}],"line":141},"2":{"loc":{"start":{"line":169,"column":18},"end":{"line":177,"column":18}},"type":"cond-expr","locations":[{"start":{"line":171,"column":16},"end":{"line":173,"column":18}},{"start":{"line":175,"column":16},"end":{"line":177,"column":18}}],"line":169}},"s":{"0":5,"1":5,"2":5,"3":5,"4":5,"5":1,"6":2,"7":1,"8":1,"9":1,"10":0,"11":0,"12":0,"13":0,"14":0,"15":0,"16":1,"17":1,"18":1,"19":0,"20":0,"21":2,"22":3,"23":1,"24":2,"25":0,"26":0,"27":2,"28":0,"29":0,"30":0,"31":5},"f":{"0":5,"1":1,"2":2,"3":1,"4":1,"5":1,"6":0,"7":0,"8":0,"9":0,"10":0,"11":0,"12":1,"13":1,"14":1,"15":0,"16":0,"17":2,"18":3,"19":1,"20":2,"21":0,"22":0,"23":2,"24":0,"25":0},"b":{"0":[2,0],"1":[0,0],"2":[0,0]},"_coverageSchema":"1a1c01bbd47fc00a2c39e90264f33305004495a9","hash":"b1122d119762f0ca04bbcee917ba9ddf14dd9406"}
,"C:\\Users\\E_hle\\OneDrive\\Skrivebord\\probe\\web\\src\\stores\\WindowSizeStore.js": {"path":"C:\\Users\\E_hle\\OneDrive\\Skrivebord\\probe\\web\\src\\stores\\WindowSizeStore.js","statementMap":{"0":{"start":{"line":5,"column":18},"end":{"line":5,"column":35}},"1":{"start":{"line":6,"column":19},"end":{"line":6,"column":37}},"2":{"start":{"line":9,"column":8},"end":{"line":12,"column":9}},"3":{"start":{"line":16,"column":8},"end":{"line":16,"column":38}},"4":{"start":{"line":19,"column":8},"end":{"line":19,"column":40}},"5":{"start":{"line":22,"column":31},"end":{"line":22,"column":52}}},"fnMap":{"0":{"name":"(anonymous_0)","decl":{"start":{"line":8,"column":4},"end":{"line":8,"column":5}},"loc":{"start":{"line":8,"column":18},"end":{"line":13,"column":6}},"line":8},"1":{"name":"(anonymous_1)","decl":{"start":{"line":15,"column":4},"end":{"line":15,"column":5}},"loc":{"start":{"line":15,"column":31},"end":{"line":17,"column":5}},"line":15},"2":{"name":"(anonymous_2)","decl":{"start":{"line":18,"column":4},"end":{"line":18,"column":5}},"loc":{"start":{"line":18,"column":33},"end":{"line":20,"column":5}},"line":18}},"branchMap":{},"s":{"0":1,"1":1,"2":1,"3":0,"4":0,"5":1},"f":{"0":1,"1":0,"2":0},"b":{},"_coverageSchema":"1a1c01bbd47fc00a2c39e90264f33305004495a9","hash":"a072eea67e74abcc56b28c877d55676d659f5832"}
}
