TN:
SF:src\App.js
FN:21,App
FNF:1
FNH:0
FNDA:0,App
DA:22,0
LF:1
LH:0
BRF:0
BRH:0
end_of_record
TN:
SF:src\index.js
FNF:0
FNH:0
DA:10,0
DA:21,0
DA:22,0
DA:31,0
LF:4
LH:0
BRF:0
BRH:0
end_of_record
TN:
SF:src\reportWebVitals.js
FN:1,(anonymous_0)
FN:3,(anonymous_1)
FNF:2
FNH:0
FNDA:0,(anonymous_0)
FNDA:0,(anonymous_1)
DA:1,0
DA:2,0
DA:3,0
DA:4,0
DA:5,0
DA:6,0
DA:7,0
DA:8,0
LF:8
LH:0
BRDA:2,0,0,0
BRDA:2,0,1,0
BRDA:2,1,0,0
BRDA:2,1,1,0
BRF:4
BRH:0
end_of_record
TN:
SF:src\api\admin_login_mock.js
FN:7,(anonymous_0)
FNF:1
FNH:0
FNDA:0,(anonymous_0)
DA:1,0
DA:7,0
DA:8,0
DA:9,0
DA:11,0
DA:15,0
LF:6
LH:0
BRDA:8,0,0,0
BRDA:8,0,1,0
BRDA:8,1,0,0
BRDA:8,1,1,0
BRF:4
BRH:0
end_of_record
TN:
SF:src\api\clinical_trial_api_mock.js
FNF:0
FNH:0
DA:1,1
LF:1
LH:1
BRF:0
BRH:0
end_of_record
TN:
SF:src\api\match_codes_api.js
FNF:0
FNH:0
DA:1,1
LF:1
LH:1
BRF:0
BRH:0
end_of_record
TN:
SF:src\api\user_api_mock.js
FNF:0
FNH:0
DA:2,0
LF:1
LH:0
BRF:0
BRH:0
end_of_record
TN:
SF:src\components\DialogModalTrial.jsx
FN:6,DeleteButtonPick
FN:12,(anonymous_1)
FN:20,SaveButtonPick
FN:22,(anonymous_3)
FN:27,(anonymous_4)
FN:33,(anonymous_5)
FNF:6
FNH:3
FNDA:6,DeleteButtonPick
FNDA:0,(anonymous_1)
FNDA:6,SaveButtonPick
FNDA:0,(anonymous_3)
FNDA:0,(anonymous_4)
FNDA:6,(anonymous_5)
DA:7,6
DA:8,6
DA:11,0
DA:13,0
DA:14,0
DA:21,6
DA:22,6
DA:23,0
DA:24,0
DA:27,0
DA:28,0
DA:29,0
DA:33,1
DA:34,6
LF:14
LH:6
BRDA:7,0,0,6
BRDA:7,0,1,0
BRDA:21,1,0,6
BRDA:21,1,1,0
BRF:4
BRH:2
end_of_record
TN:
SF:src\components\EditTrialDialogContext.jsx
FN:7,DialogContextTrial
FN:16,(anonymous_1)
FN:22,(anonymous_2)
FN:28,(anonymous_3)
FN:34,(anonymous_4)
FN:38,(anonymous_5)
FN:40,(anonymous_6)
FN:42,(anonymous_7)
FN:50,(anonymous_8)
FN:56,(anonymous_9)
FN:62,(anonymous_10)
FN:68,(anonymous_11)
FN:74,(anonymous_12)
FN:80,(anonymous_13)
FN:86,(anonymous_14)
FN:103,(anonymous_15)
FN:104,(anonymous_16)
FN:106,(anonymous_17)
FN:117,(anonymous_18)
FN:125,(anonymous_19)
FN:136,(anonymous_20)
FNF:21
FNH:5
FNDA:2,DialogContextTrial
FNDA:0,(anonymous_1)
FNDA:0,(anonymous_2)
FNDA:0,(anonymous_3)
FNDA:0,(anonymous_4)
FNDA:10,(anonymous_5)
FNDA:2,(anonymous_6)
FNDA:0,(anonymous_7)
FNDA:0,(anonymous_8)
FNDA:0,(anonymous_9)
FNDA:0,(anonymous_10)
FNDA:0,(anonymous_11)
FNDA:0,(anonymous_12)
FNDA:0,(anonymous_13)
FNDA:0,(anonymous_14)
FNDA:6,(anonymous_15)
FNDA:2,(anonymous_16)
FNDA:0,(anonymous_17)
FNDA:0,(anonymous_18)
FNDA:0,(anonymous_19)
FNDA:0,(anonymous_20)
DA:9,2
DA:17,0
DA:23,0
DA:29,0
DA:35,0
DA:38,10
DA:40,2
DA:43,0
DA:51,0
DA:57,0
DA:63,0
DA:69,0
DA:75,0
DA:81,0
DA:87,0
DA:103,6
DA:104,2
DA:107,0
DA:118,0
DA:126,0
DA:137,0
LF:21
LH:5
BRF:0
BRH:0
end_of_record
TN:
SF:src\components\Filter.jsx
FN:12,valuetext
FN:15,valuevisits
FN:19,(anonymous_2)
FN:54,(anonymous_3)
FN:58,(anonymous_4)
FN:61,(anonymous_5)
FN:66,(anonymous_6)
FN:70,(anonymous_7)
FN:74,(anonymous_8)
FN:98,(anonymous_9)
FN:151,(anonymous_10)
FN:291,(anonymous_11)
FNF:12
FNH:0
FNDA:0,valuetext
FNDA:0,valuevisits
FNDA:0,(anonymous_2)
FNDA:0,(anonymous_3)
FNDA:0,(anonymous_4)
FNDA:0,(anonymous_5)
FNDA:0,(anonymous_6)
FNDA:0,(anonymous_7)
FNDA:0,(anonymous_8)
FNDA:0,(anonymous_9)
FNDA:0,(anonymous_10)
FNDA:0,(anonymous_11)
DA:13,0
DA:16,0
DA:19,0
DA:20,0
DA:34,0
DA:49,0
DA:50,0
DA:52,0
DA:54,0
DA:55,0
DA:58,0
DA:59,0
DA:61,0
DA:62,0
DA:65,0
DA:66,0
DA:67,0
DA:69,0
DA:70,0
DA:71,0
DA:73,0
DA:74,0
DA:75,0
DA:78,0
DA:98,0
DA:152,0
DA:291,0
LF:27
LH:0
BRF:0
BRH:0
end_of_record
TN:
SF:src\components\Footer.jsx
FN:1,(anonymous_0)
FNF:1
FNH:0
FNDA:0,(anonymous_0)
DA:1,0
DA:2,0
LF:2
LH:0
BRF:0
BRH:0
end_of_record
TN:
SF:src\components\Layout.jsx
FN:2,(anonymous_0)
FNF:1
FNH:0
FNDA:0,(anonymous_0)
DA:2,0
DA:3,0
LF:2
LH:0
BRF:0
BRH:0
end_of_record
TN:
SF:src\components\NavBar.jsx
FN:7,(anonymous_0)
FN:9,handleResize
FN:14,(anonymous_2)
FN:50,(anonymous_3)
FNF:4
FNH:1
FNDA:1,(anonymous_0)
FNDA:0,handleResize
FNDA:0,(anonymous_2)
FNDA:0,(anonymous_3)
DA:7,1
DA:10,0
DA:11,0
DA:14,1
DA:16,0
DA:17,0
DA:20,1
DA:22,1
DA:50,0
DA:51,0
LF:10
LH:4
BRDA:23,0,0,1
BRDA:23,0,1,0
BRDA:25,1,0,1
BRDA:25,1,1,0
BRDA:44,2,0,0
BRDA:44,2,1,0
BRF:6
BRH:2
end_of_record
TN:
SF:src\components\StudyCard.jsx
FN:1,(anonymous_0)
FNF:1
FNH:0
FNDA:0,(anonymous_0)
DA:1,1
DA:3,0
DA:4,0
DA:5,0
DA:8,0
LF:5
LH:1
BRDA:4,0,0,0
BRDA:4,0,1,0
BRF:2
BRH:0
end_of_record
TN:
SF:src\components\StudyCardLarge.jsx
FN:7,SignUp
FN:11,JoinButton
FN:19,(anonymous_2)
FNF:3
FNH:0
FNDA:0,SignUp
FNDA:0,JoinButton
FNDA:0,(anonymous_2)
DA:8,0
DA:12,0
DA:13,0
DA:15,0
DA:19,0
DA:20,0
DA:21,0
DA:22,0
DA:23,0
DA:26,0
LF:10
LH:0
BRDA:12,0,0,0
BRDA:12,0,1,0
BRDA:22,1,0,0
BRDA:22,1,1,0
BRF:4
BRH:0
end_of_record
TN:
SF:src\components\TrialView.jsx
FN:11,(anonymous_0)
FN:25,(anonymous_1)
FN:36,(anonymous_2)
FN:37,(anonymous_3)
FN:37,(anonymous_4)
FN:39,(anonymous_5)
FN:49,(anonymous_6)
FNF:7
FNH:0
FNDA:0,(anonymous_0)
FNDA:0,(anonymous_1)
FNDA:0,(anonymous_2)
FNDA:0,(anonymous_3)
FNDA:0,(anonymous_4)
FNDA:0,(anonymous_5)
FNDA:0,(anonymous_6)
DA:11,0
DA:12,0
DA:13,0
DA:15,0
DA:16,0
DA:17,0
DA:19,0
DA:20,0
DA:23,0
DA:24,0
DA:25,0
DA:26,0
DA:36,0
DA:37,0
DA:39,0
DA:40,0
DA:47,0
DA:48,0
DA:49,0
DA:50,0
DA:62,0
DA:65,0
LF:22
LH:0
BRDA:13,0,0,0
BRDA:13,0,1,0
BRDA:13,1,0,0
BRDA:13,1,1,0
BRDA:48,2,0,0
BRDA:48,2,1,0
BRF:6
BRH:0
end_of_record
TN:
SF:src\components\UserInputFields.jsx
FN:2,(anonymous_0)
FNF:1
FNH:0
FNDA:0,(anonymous_0)
DA:2,0
DA:4,0
DA:19,0
DA:20,0
DA:21,0
DA:24,0
LF:6
LH:0
BRF:0
BRH:0
end_of_record
TN:
SF:src\components\AdminPages\AdminLayout.jsx
FN:3,(anonymous_0)
FNF:1
FNH:0
FNDA:0,(anonymous_0)
DA:3,0
DA:4,0
LF:2
LH:0
BRF:0
BRH:0
end_of_record
TN:
SF:src\components\AdminPages\AdminLogin.jsx
FN:6,Login
FN:13,(anonymous_1)
FN:17,(anonymous_2)
FN:25,(anonymous_3)
FN:26,(anonymous_4)
FNF:5
FNH:3
FNDA:16,Login
FNDA:8,(anonymous_1)
FNDA:4,(anonymous_2)
FNDA:0,(anonymous_3)
FNDA:0,(anonymous_4)
DA:7,16
DA:8,16
DA:9,16
DA:10,16
DA:11,16
DA:13,16
DA:14,8
DA:17,16
DA:18,4
DA:19,2
DA:21,2
DA:25,16
DA:26,0
DA:27,0
DA:28,0
DA:29,0
DA:31,0
DA:32,0
DA:33,0
DA:38,16
LF:20
LH:13
BRDA:14,0,0,8
BRDA:14,0,1,3
BRDA:18,1,0,2
BRDA:18,1,1,2
BRDA:27,2,0,0
BRDA:27,2,1,0
BRF:6
BRH:4
end_of_record
TN:
SF:src\components\AdminPages\AdminPage.jsx
FN:8,(anonymous_0)
FN:10,(anonymous_1)
FN:19,(anonymous_2)
FN:34,(anonymous_3)
FN:73,ListView
FN:76,(anonymous_5)
FN:81,Page
FN:86,(anonymous_7)
FN:90,(anonymous_8)
FN:102,(anonymous_9)
FN:108,(anonymous_10)
FN:114,(anonymous_11)
FNF:12
FNH:5
FNDA:0,(anonymous_0)
FNDA:0,(anonymous_1)
FNDA:0,(anonymous_2)
FNDA:0,(anonymous_3)
FNDA:7,ListView
FNDA:0,(anonymous_5)
FNDA:7,Page
FNDA:5,(anonymous_7)
FNDA:5,(anonymous_8)
FNDA:0,(anonymous_9)
FNDA:0,(anonymous_10)
FNDA:2,(anonymous_11)
DA:8,1
DA:9,0
DA:10,0
DA:11,0
DA:14,0
DA:20,0
DA:28,1
DA:34,0
DA:48,1
DA:62,1
DA:74,7
DA:76,0
DA:82,7
DA:83,7
DA:84,7
DA:86,7
DA:87,5
DA:90,7
DA:91,5
DA:93,1
DA:94,1
DA:95,1
DA:97,1
DA:98,1
DA:99,1
DA:101,3
DA:102,3
DA:103,0
DA:105,3
DA:107,0
DA:108,0
DA:109,0
DA:114,7
DA:115,2
DA:118,7
LF:35
LH:24
BRDA:91,0,0,1
BRDA:91,0,1,1
BRDA:91,0,2,3
BRDA:91,0,3,0
BRF:4
BRH:3
end_of_record
TN:
SF:src\components\AdminPages\NavBar.jsx
FN:5,(anonymous_0)
FN:18,(anonymous_1)
FN:21,(anonymous_2)
FNF:3
FNH:0
FNDA:0,(anonymous_0)
FNDA:0,(anonymous_1)
FNDA:0,(anonymous_2)
DA:5,0
DA:6,0
DA:18,0
DA:19,0
DA:21,0
DA:22,0
DA:23,0
DA:26,0
LF:8
LH:0
BRF:0
BRH:0
end_of_record
TN:
SF:src\components\AdminPages\ViewUser.jsx
FN:9,TableEntry
FN:31,ModalDelete
FN:83,ViewUser
FN:92,(anonymous_3)
FN:99,(anonymous_4)
FN:100,(anonymous_5)
FN:105,(anonymous_6)
FN:106,(anonymous_7)
FN:108,(anonymous_8)
FN:113,(anonymous_9)
FN:117,(anonymous_10)
FNF:11
FNH:0
FNDA:0,TableEntry
FNDA:0,ModalDelete
FNDA:0,ViewUser
FNDA:0,(anonymous_3)
FNDA:0,(anonymous_4)
FNDA:0,(anonymous_5)
FNDA:0,(anonymous_6)
FNDA:0,(anonymous_7)
FNDA:0,(anonymous_8)
FNDA:0,(anonymous_9)
FNDA:0,(anonymous_10)
DA:10,0
DA:32,0
DA:43,0
DA:66,0
DA:84,0
DA:85,0
DA:86,0
DA:87,0
DA:88,0
DA:89,0
DA:90,0
DA:92,0
DA:93,0
DA:99,0
DA:100,0
DA:101,0
DA:105,0
DA:106,0
DA:108,0
DA:109,0
DA:110,0
DA:113,0
DA:114,0
DA:117,0
DA:118,0
DA:119,0
DA:120,0
DA:121,0
DA:123,0
DA:124,0
DA:128,0
LF:31
LH:0
BRDA:118,0,0,0
BRDA:118,0,1,0
BRF:2
BRH:0
end_of_record
TN:
SF:src\components\UserPreferences\ActivateDeactivateButton.jsx
FN:5,(anonymous_0)
FN:8,(anonymous_1)
FN:12,(anonymous_2)
FNF:3
FNH:1
FNDA:3,(anonymous_0)
FNDA:0,(anonymous_1)
FNDA:0,(anonymous_2)
DA:5,1
DA:6,3
DA:7,2
DA:8,0
DA:11,1
DA:12,0
LF:6
LH:4
BRDA:6,0,0,2
BRDA:6,0,1,1
BRF:2
BRH:2
end_of_record
TN:
SF:src\components\UserPreferences\BasicSelect.jsx
FN:8,BasicSelect
FN:11,(anonymous_1)
FN:16,(anonymous_2)
FNF:3
FNH:0
FNDA:0,BasicSelect
FNDA:0,(anonymous_1)
FNDA:0,(anonymous_2)
DA:9,0
DA:11,0
DA:12,0
DA:13,0
DA:16,0
DA:17,0
DA:20,0
DA:22,0
DA:40,0
LF:9
LH:0
BRDA:20,0,0,0
BRDA:20,0,1,0
BRF:2
BRH:0
end_of_record
TN:
SF:src\components\UserPreferences\PreferenceAdder.jsx
FN:7,(anonymous_0)
FN:9,addPref
FN:13,prefChanged
FN:18,choiceChanged
FNF:4
FNH:0
FNDA:0,(anonymous_0)
FNDA:0,addPref
FNDA:0,prefChanged
FNDA:0,choiceChanged
DA:7,0
DA:10,0
DA:14,0
DA:15,0
DA:19,0
DA:20,0
DA:23,0
LF:7
LH:0
BRF:0
BRH:0
end_of_record
TN:
SF:src\components\UserPreferences\PreferenceArray.jsx
FN:8,(anonymous_0)
FN:12,editPref
FN:17,deletePref
FN:25,(anonymous_3)
FN:34,(anonymous_4)
FN:37,(anonymous_5)
FNF:6
FNH:0
FNDA:0,(anonymous_0)
FNDA:0,editPref
FNDA:0,deletePref
FNDA:0,(anonymous_3)
FNDA:0,(anonymous_4)
FNDA:0,(anonymous_5)
DA:8,0
DA:10,0
DA:13,0
DA:14,0
DA:18,0
DA:19,0
DA:22,0
DA:23,0
DA:26,0
DA:34,0
DA:37,0
DA:46,0
LF:12
LH:0
BRDA:22,0,0,0
BRDA:22,0,1,0
BRDA:25,1,0,0
BRDA:25,1,1,0
BRF:4
BRH:0
end_of_record
TN:
SF:src\components\createuser\CreateNewUserForm.jsx
FN:9,(anonymous_0)
FN:15,(anonymous_1)
FN:18,(anonymous_2)
FN:22,(anonymous_3)
FN:25,(anonymous_4)
FN:28,(anonymous_5)
FN:31,(anonymous_6)
FN:34,(anonymous_7)
FN:37,(anonymous_8)
FN:40,(anonymous_9)
FN:43,(anonymous_10)
FN:46,(anonymous_11)
FN:49,(anonymous_12)
FN:52,(anonymous_13)
FN:56,(anonymous_14)
FN:122,(anonymous_15)
FNF:16
FNH:10
FNDA:7,(anonymous_0)
FNDA:1,(anonymous_1)
FNDA:2,(anonymous_2)
FNDA:1,(anonymous_3)
FNDA:1,(anonymous_4)
FNDA:1,(anonymous_5)
FNDA:0,(anonymous_6)
FNDA:1,(anonymous_7)
FNDA:1,(anonymous_8)
FNDA:1,(anonymous_9)
FNDA:0,(anonymous_10)
FNDA:0,(anonymous_11)
FNDA:0,(anonymous_12)
FNDA:0,(anonymous_13)
FNDA:1,(anonymous_14)
FNDA:0,(anonymous_15)
DA:9,1
DA:11,7
DA:12,7
DA:13,7
DA:15,7
DA:16,1
DA:18,7
DA:20,2
DA:22,7
DA:23,1
DA:25,7
DA:26,1
DA:28,7
DA:29,1
DA:31,7
DA:32,0
DA:34,7
DA:35,1
DA:37,7
DA:38,1
DA:40,7
DA:41,1
DA:43,7
DA:44,0
DA:46,7
DA:47,0
DA:49,7
DA:50,0
DA:52,7
DA:53,0
DA:56,7
DA:57,1
DA:58,1
DA:59,1
DA:61,1
DA:62,1
DA:63,1
DA:66,0
DA:67,0
DA:68,0
DA:71,0
DA:72,0
DA:73,0
DA:76,0
DA:77,0
DA:78,0
DA:81,0
DA:82,0
DA:83,0
DA:86,0
DA:87,0
DA:88,0
DA:91,0
DA:92,0
DA:93,0
DA:96,0
DA:97,0
DA:98,0
DA:101,0
DA:102,0
DA:103,0
DA:106,0
DA:107,0
DA:108,0
DA:111,1
DA:112,1
DA:113,1
DA:114,1
DA:117,0
DA:118,0
DA:122,7
DA:123,0
DA:125,0
DA:126,0
DA:136,0
DA:164,0
DA:165,0
DA:166,0
DA:167,0
DA:168,0
DA:169,0
DA:170,0
DA:171,0
DA:174,0
DA:179,7
LF:85
LH:38
BRDA:11,0,0,0
BRDA:11,0,1,7
BRDA:61,1,0,1
BRDA:61,1,1,0
BRDA:66,2,0,0
BRDA:66,2,1,0
BRDA:71,3,0,0
BRDA:71,3,1,0
BRDA:76,4,0,0
BRDA:76,4,1,0
BRDA:81,5,0,0
BRDA:81,5,1,0
BRDA:86,6,0,0
BRDA:86,6,1,0
BRDA:91,7,0,0
BRDA:91,7,1,0
BRDA:96,8,0,0
BRDA:96,8,1,0
BRDA:101,9,0,0
BRDA:101,9,1,0
BRDA:106,10,0,0
BRDA:106,10,1,0
BRDA:112,11,0,1
BRDA:112,11,1,0
BRDA:126,12,0,0
BRDA:126,12,1,0
BRDA:181,13,0,5
BRDA:181,13,1,2
BRDA:183,14,0,5
BRDA:183,14,1,0
BRDA:199,15,0,2
BRDA:199,15,1,3
BRDA:226,16,0,0
BRDA:226,16,1,0
BRDA:242,17,0,0
BRDA:242,17,1,2
BRF:36
BRH:9
end_of_record
TN:
SF:src\components\createuser\SelectUserType.jsx
FN:2,(anonymous_0)
FN:7,(anonymous_1)
FN:14,(anonymous_2)
FNF:3
FNH:3
FNDA:7,(anonymous_0)
FNDA:1,(anonymous_1)
FNDA:1,(anonymous_2)
DA:2,1
DA:4,7
DA:5,7
DA:7,7
DA:8,1
DA:9,1
DA:10,1
DA:11,1
DA:14,7
DA:15,1
DA:16,1
DA:17,1
DA:18,1
DA:21,7
DA:25,7
LF:15
LH:15
BRDA:26,0,0,5
BRDA:26,0,1,2
BRF:2
BRH:2
end_of_record
TN:
SF:src\components\landingPage\Carousel.jsx
FN:31,(anonymous_0)
FN:41,(anonymous_1)
FNF:2
FNH:2
FNDA:6,(anonymous_0)
FNDA:1,(anonymous_1)
DA:6,1
DA:30,1
DA:31,1
DA:32,6
DA:41,1
DA:42,1
LF:6
LH:6
BRF:0
BRH:0
end_of_record
TN:
SF:src\components\landingPage\TrialCard.jsx
FN:6,(anonymous_0)
FN:36,(anonymous_1)
FNF:2
FNH:0
FNDA:0,(anonymous_0)
FNDA:0,(anonymous_1)
DA:6,1
DA:8,0
DA:9,0
DA:10,0
DA:13,0
DA:37,0
DA:38,0
LF:7
LH:1
BRDA:9,0,0,0
BRDA:9,0,1,0
BRF:2
BRH:0
end_of_record
TN:
SF:src\components\sign_in\CreateNewUser.jsx
FN:3,(anonymous_0)
FNF:1
FNH:1
FNDA:2,(anonymous_0)
DA:3,1
DA:4,2
LF:2
LH:2
BRF:0
BRH:0
end_of_record
TN:
SF:src\components\sign_in\Login.jsx
FN:11,(anonymous_0)
FN:15,(anonymous_1)
FN:19,(anonymous_2)
FN:22,(anonymous_3)
FNF:4
FNH:3
FNDA:1,(anonymous_0)
FNDA:1,(anonymous_1)
FNDA:5,(anonymous_2)
FNDA:0,(anonymous_3)
DA:8,1
DA:11,1
DA:12,1
DA:15,1
DA:16,1
DA:19,1
DA:20,5
DA:22,5
DA:23,0
DA:24,0
DA:25,0
DA:26,0
DA:27,0
DA:28,0
DA:29,0
DA:34,0
DA:35,0
DA:36,0
DA:37,0
DA:38,0
DA:39,0
DA:40,0
DA:41,0
DA:42,0
DA:43,0
DA:44,0
DA:47,0
DA:48,0
DA:49,0
DA:53,0
DA:54,0
DA:57,0
DA:58,0
DA:59,0
DA:74,5
LF:35
LH:9
BRDA:8,0,0,0
BRDA:8,0,1,1
BRDA:24,1,0,0
BRDA:24,1,1,0
BRDA:40,2,0,0
BRDA:40,2,1,0
BRDA:42,3,0,0
BRDA:42,3,1,0
BRF:8
BRH:1
end_of_record
TN:
SF:src\pages\About.jsx
FN:1,(anonymous_0)
FNF:1
FNH:0
FNDA:0,(anonymous_0)
DA:1,0
DA:2,0
LF:2
LH:0
BRF:0
BRH:0
end_of_record
TN:
SF:src\pages\AdminLogin.jsx
FN:3,AdminLogin
FNF:1
FNH:1
FNDA:4,AdminLogin
DA:4,4
LF:1
LH:1
BRF:0
BRH:0
end_of_record
TN:
SF:src\pages\AdminPage.jsx
FN:3,AdminPage
FNF:1
FNH:0
FNDA:0,AdminPage
DA:4,0
LF:1
LH:0
BRF:0
BRH:0
end_of_record
TN:
SF:src\pages\CreateUser.jsx
FN:5,(anonymous_0)
FNF:1
FNH:0
FNDA:0,(anonymous_0)
DA:5,0
DA:7,0
LF:2
LH:0
BRF:0
BRH:0
end_of_record
TN:
SF:src\pages\EditTrials.jsx
FN:10,(anonymous_0)
FN:16,(anonymous_1)
FN:23,(anonymous_2)
FNF:3
FNH:2
FNDA:6,(anonymous_0)
FNDA:1,(anonymous_1)
FNDA:0,(anonymous_2)
DA:10,1
DA:11,6
DA:17,1
DA:24,0
LF:4
LH:3
BRF:0
BRH:0
end_of_record
TN:
SF:src\pages\Home.jsx
FN:9,(anonymous_0)
FNF:1
FNH:1
FNDA:1,(anonymous_0)
DA:9,1
DA:11,1
LF:2
LH:2
BRF:0
BRH:0
end_of_record
TN:
SF:src\pages\Login.jsx
FN:9,(anonymous_0)
FNF:1
FNH:0
FNDA:0,(anonymous_0)
DA:9,0
DA:10,0
LF:2
LH:0
BRDA:11,0,0,0
BRDA:11,0,1,0
BRF:2
BRH:0
end_of_record
TN:
SF:src\pages\PageNotFound.jsx
FN:1,(anonymous_0)
FNF:1
FNH:0
FNDA:0,(anonymous_0)
DA:1,0
DA:2,0
LF:2
LH:0
BRF:0
BRH:0
end_of_record
TN:
SF:src\pages\UserProfile.jsx
FN:12,(anonymous_0)
FN:32,persistPrefsInDB
FNF:2
FNH:0
FNDA:0,(anonymous_0)
FNDA:0,persistPrefsInDB
DA:12,0
DA:33,0
DA:36,0
LF:3
LH:0
BRF:0
BRH:0
end_of_record
TN:
SF:src\pages\ViewTrials.jsx
FN:5,(anonymous_0)
FNF:1
FNH:0
FNDA:0,(anonymous_0)
DA:5,0
DA:7,0
LF:2
LH:0
BRF:0
BRH:0
end_of_record
TN:
SF:src\requests\adminLogin.js
FN:7,(anonymous_0)
FN:17,(anonymous_1)
FNF:2
FNH:0
FNDA:0,(anonymous_0)
FNDA:0,(anonymous_1)
DA:2,1
DA:8,0
DA:9,0
DA:18,0
DA:19,0
DA:23,0
DA:26,0
DA:30,1
LF:8
LH:2
BRDA:2,0,0,0
BRDA:2,0,1,1
BRDA:18,1,0,0
BRDA:18,1,1,0
BRF:4
BRH:1
end_of_record
TN:
SF:src\requests\loginRequest.js
FN:7,(anonymous_0)
FNF:1
FNH:0
FNDA:0,(anonymous_0)
DA:5,4
DA:7,4
DA:8,0
DA:9,0
DA:10,0
DA:16,0
DA:17,0
DA:18,0
DA:19,0
DA:20,0
DA:21,0
DA:22,0
DA:23,0
DA:24,0
DA:25,0
DA:26,0
DA:27,0
DA:28,0
DA:29,0
DA:30,0
DA:31,0
DA:32,0
DA:33,0
DA:34,0
DA:35,0
DA:36,0
DA:37,0
DA:38,0
DA:41,0
LF:29
LH:2
BRDA:5,0,0,0
BRDA:5,0,1,4
BRDA:18,1,0,0
BRDA:18,1,1,0
BRF:4
BRH:1
end_of_record
TN:
SF:src\requests\submitNewUser.js
FNF:0
FNH:0
LF:0
LH:0
BRF:0
BRH:0
end_of_record
TN:
SF:src\requests\users.js
FN:7,(anonymous_0)
FN:14,(anonymous_1)
FN:23,(anonymous_2)
FN:29,(anonymous_3)
FN:38,(anonymous_4)
FN:46,(anonymous_5)
FN:55,(anonymous_6)
FN:61,(anonymous_7)
FNF:8
FNH:1
FNDA:3,(anonymous_0)
FNDA:0,(anonymous_1)
FNDA:0,(anonymous_2)
FNDA:0,(anonymous_3)
FNDA:0,(anonymous_4)
FNDA:0,(anonymous_5)
FNDA:0,(anonymous_6)
FNDA:0,(anonymous_7)
DA:2,1
DA:8,3
DA:15,0
DA:16,0
DA:18,0
DA:20,0
DA:24,0
DA:30,0
DA:31,0
DA:35,0
DA:39,0
DA:40,0
DA:47,0
DA:48,0
DA:50,0
DA:52,0
DA:56,0
DA:62,0
DA:63,0
DA:65,0
DA:67,0
DA:71,1
LF:22
LH:3
BRDA:2,0,0,0
BRDA:2,0,1,1
BRDA:15,1,0,0
BRDA:15,1,1,0
BRDA:30,2,0,0
BRDA:30,2,1,0
BRDA:47,3,0,0
BRDA:47,3,1,0
BRDA:62,4,0,0
BRDA:62,4,1,0
BRF:10
BRH:1
end_of_record
TN:
SF:src\stores\AuthenticationStore.js
FN:16,(anonymous_0)
FN:23,(anonymous_1)
FN:28,(anonymous_2)
FN:32,(anonymous_3)
FN:36,(anonymous_4)
FN:40,(anonymous_5)
FN:44,(anonymous_6)
FN:48,(anonymous_7)
FN:52,(anonymous_8)
FN:56,(anonymous_9)
FN:60,(anonymous_10)
FN:72,(anonymous_11)
FN:92,(anonymous_12)
FN:92,(anonymous_13)
FNF:14
FNH:4
FNDA:4,(anonymous_0)
FNDA:0,(anonymous_1)
FNDA:1,(anonymous_2)
FNDA:1,(anonymous_3)
FNDA:0,(anonymous_4)
FNDA:0,(anonymous_5)
FNDA:1,(anonymous_6)
FNDA:0,(anonymous_7)
FNDA:0,(anonymous_8)
FNDA:0,(anonymous_9)
FNDA:0,(anonymous_10)
FNDA:0,(anonymous_11)
FNDA:0,(anonymous_12)
FNDA:0,(anonymous_13)
DA:5,4
DA:8,4
DA:9,4
DA:10,4
DA:17,4
DA:24,0
DA:25,0
DA:29,1
DA:33,1
DA:37,0
DA:41,0
DA:45,1
DA:49,0
DA:53,0
DA:57,0
DA:61,0
DA:62,0
DA:65,0
DA:66,0
DA:67,0
DA:68,0
DA:69,0
DA:73,0
DA:74,0
DA:92,0
DA:94,0
DA:95,0
DA:101,4
LF:28
LH:9
BRDA:5,0,0,0
BRDA:5,0,1,4
BRDA:61,1,0,0
BRDA:61,1,1,0
BRDA:67,2,0,0
BRDA:67,2,1,0
BRDA:68,3,0,0
BRDA:68,3,1,0
BRF:8
BRH:1
end_of_record
TN:
SF:src\stores\EditTrialStore.js
FN:33,(anonymous_0)
FN:40,(anonymous_1)
FN:61,(anonymous_2)
FN:85,(anonymous_3)
FN:105,(anonymous_4)
FN:127,(anonymous_5)
FN:140,(anonymous_6)
FN:140,(anonymous_7)
FN:143,(anonymous_8)
FN:155,(anonymous_9)
FN:155,(anonymous_10)
FN:158,(anonymous_11)
FN:171,(anonymous_12)
FN:171,(anonymous_13)
FN:174,(anonymous_14)
FN:178,(anonymous_15)
FN:183,(anonymous_16)
FN:188,(anonymous_17)
FN:192,(anonymous_18)
FN:196,(anonymous_19)
FN:200,(anonymous_20)
FN:205,(anonymous_21)
FN:209,(anonymous_22)
FN:213,(anonymous_23)
FN:217,(anonymous_24)
FN:221,(anonymous_25)
FN:225,(anonymous_26)
FN:229,(anonymous_27)
FN:233,(anonymous_28)
FN:237,(anonymous_29)
FN:241,(anonymous_30)
FN:245,(anonymous_31)
FN:249,(anonymous_32)
FN:253,(anonymous_33)
FN:257,(anonymous_34)
FN:261,(anonymous_35)
FN:265,(anonymous_36)
FN:269,(anonymous_37)
FN:273,(anonymous_38)
FN:277,(anonymous_39)
FN:281,(anonymous_40)
FN:285,(anonymous_41)
FN:289,(anonymous_42)
FN:293,(anonymous_43)
FN:297,(anonymous_44)
FN:301,(anonymous_45)
FN:305,(anonymous_46)
FN:309,(anonymous_47)
FN:313,(anonymous_48)
FN:317,(anonymous_49)
FN:321,(anonymous_50)
FN:325,(anonymous_51)
FN:329,(anonymous_52)
FN:333,(anonymous_53)
FN:337,(anonymous_54)
FN:341,(anonymous_55)
FN:346,(anonymous_56)
FNF:57
FNH:41
FNDA:2,(anonymous_0)
FNDA:1,(anonymous_1)
FNDA:0,(anonymous_2)
FNDA:0,(anonymous_3)
FNDA:0,(anonymous_4)
FNDA:0,(anonymous_5)
FNDA:0,(anonymous_6)
FNDA:0,(anonymous_7)
FNDA:0,(anonymous_8)
FNDA:0,(anonymous_9)
FNDA:0,(anonymous_10)
FNDA:0,(anonymous_11)
FNDA:0,(anonymous_12)
FNDA:0,(anonymous_13)
FNDA:1,(anonymous_14)
FNDA:0,(anonymous_15)
FNDA:1,(anonymous_16)
FNDA:0,(anonymous_17)
FNDA:6,(anonymous_18)
FNDA:0,(anonymous_19)
FNDA:0,(anonymous_20)
FNDA:2,(anonymous_21)
FNDA:1,(anonymous_22)
FNDA:2,(anonymous_23)
FNDA:1,(anonymous_24)
FNDA:2,(anonymous_25)
FNDA:1,(anonymous_26)
FNDA:2,(anonymous_27)
FNDA:1,(anonymous_28)
FNDA:2,(anonymous_29)
FNDA:1,(anonymous_30)
FNDA:2,(anonymous_31)
FNDA:1,(anonymous_32)
FNDA:2,(anonymous_33)
FNDA:1,(anonymous_34)
FNDA:2,(anonymous_35)
FNDA:1,(anonymous_36)
FNDA:2,(anonymous_37)
FNDA:1,(anonymous_38)
FNDA:2,(anonymous_39)
FNDA:1,(anonymous_40)
FNDA:2,(anonymous_41)
FNDA:1,(anonymous_42)
FNDA:2,(anonymous_43)
FNDA:1,(anonymous_44)
FNDA:2,(anonymous_45)
FNDA:1,(anonymous_46)
FNDA:2,(anonymous_47)
FNDA:1,(anonymous_48)
FNDA:12,(anonymous_49)
FNDA:1,(anonymous_50)
FNDA:2,(anonymous_51)
FNDA:1,(anonymous_52)
FNDA:2,(anonymous_53)
FNDA:1,(anonymous_54)
FNDA:1,(anonymous_55)
FNDA:2,(anonymous_56)
DA:5,2
DA:6,2
DA:7,2
DA:11,2
DA:13,2
DA:14,2
DA:15,2
DA:16,2
DA:17,2
DA:18,2
DA:19,2
DA:20,2
DA:21,2
DA:22,2
DA:23,2
DA:24,2
DA:25,2
DA:26,2
DA:27,2
DA:28,2
DA:29,2
DA:30,2
DA:31,2
DA:34,2
DA:41,1
DA:42,1
DA:43,1
DA:44,1
DA:45,1
DA:46,1
DA:47,1
DA:48,1
DA:49,1
DA:50,1
DA:51,1
DA:52,1
DA:53,1
DA:54,1
DA:55,1
DA:56,1
DA:57,1
DA:58,1
DA:62,0
DA:86,0
DA:87,0
DA:88,0
DA:89,0
DA:90,0
DA:91,0
DA:92,0
DA:93,0
DA:94,0
DA:95,0
DA:96,0
DA:97,0
DA:99,0
DA:100,0
DA:101,0
DA:102,0
DA:106,0
DA:107,0
DA:108,0
DA:118,0
DA:119,0
DA:121,0
DA:128,0
DA:129,0
DA:140,0
DA:144,0
DA:145,0
DA:155,0
DA:159,0
DA:160,0
DA:171,0
DA:175,1
DA:179,0
DA:180,0
DA:184,1
DA:185,1
DA:189,0
DA:193,6
DA:197,0
DA:201,0
DA:202,0
DA:206,2
DA:210,1
DA:214,2
DA:218,1
DA:222,2
DA:226,1
DA:230,2
DA:234,1
DA:238,2
DA:242,1
DA:246,2
DA:250,1
DA:254,2
DA:258,1
DA:262,2
DA:266,1
DA:270,2
DA:274,1
DA:278,2
DA:282,1
DA:286,2
DA:290,1
DA:294,2
DA:298,1
DA:302,2
DA:306,1
DA:310,2
DA:314,1
DA:318,12
DA:322,1
DA:326,2
DA:330,1
DA:334,2
DA:338,1
DA:342,1
DA:347,2
DA:352,2
LF:121
LH:83
BRDA:7,0,0,0
BRDA:7,0,1,2
BRDA:106,1,0,0
BRDA:106,1,1,0
BRF:4
BRH:1
end_of_record
TN:
SF:src\stores\HomepageStore.js
FN:8,(anonymous_0)
FN:15,(anonymous_1)
FNF:2
FNH:1
FNDA:1,(anonymous_0)
FNDA:0,(anonymous_1)
DA:5,1
DA:9,1
DA:16,0
DA:20,1
LF:4
LH:3
BRF:0
BRH:0
end_of_record
TN:
SF:src\stores\LoadingStore.js
FN:8,(anonymous_0)
FN:15,(anonymous_1)
FN:18,(anonymous_2)
FNF:3
FNH:1
FNDA:5,(anonymous_0)
FNDA:0,(anonymous_1)
FNDA:0,(anonymous_2)
DA:5,5
DA:9,5
DA:16,0
DA:19,0
DA:24,5
LF:5
LH:3
BRF:0
BRH:0
end_of_record
TN:
SF:src\stores\UserPreferencesStore.js
FN:31,(anonymous_0)
FN:35,(anonymous_1)
FN:36,(anonymous_2)
FN:36,(anonymous_3)
FN:39,(anonymous_4)
FN:44,(anonymous_5)
FN:46,(anonymous_6)
FN:53,(anonymous_7)
FN:61,(anonymous_8)
FN:69,(anonymous_9)
FN:81,(anonymous_10)
FN:104,(anonymous_11)
FN:105,(anonymous_12)
FN:107,(anonymous_13)
FN:108,(anonymous_14)
FN:112,(anonymous_15)
FN:113,(anonymous_16)
FNF:17
FNH:8
FNDA:1,(anonymous_0)
FNDA:0,(anonymous_1)
FNDA:0,(anonymous_2)
FNDA:0,(anonymous_3)
FNDA:0,(anonymous_4)
FNDA:0,(anonymous_5)
FNDA:0,(anonymous_6)
FNDA:0,(anonymous_7)
FNDA:0,(anonymous_8)
FNDA:2,(anonymous_9)
FNDA:0,(anonymous_10)
FNDA:2,(anonymous_11)
FNDA:4,(anonymous_12)
FNDA:2,(anonymous_13)
FNDA:4,(anonymous_14)
FNDA:3,(anonymous_15)
FNDA:2,(anonymous_16)
DA:7,1
DA:11,1
DA:15,1
DA:22,1
DA:32,1
DA:36,0
DA:40,0
DA:41,0
DA:45,0
DA:46,0
DA:49,0
DA:54,0
DA:55,0
DA:57,0
DA:62,0
DA:63,0
DA:64,0
DA:65,0
DA:69,1
DA:70,2
DA:71,0
DA:72,0
DA:75,2
DA:76,2
DA:77,2
DA:78,2
DA:82,0
DA:83,0
DA:84,0
DA:85,0
DA:96,0
DA:101,1
DA:102,1
DA:104,2
DA:105,4
DA:107,2
DA:108,4
DA:110,1
DA:112,3
DA:113,2
DA:117,1
LF:41
LH:21
BRDA:7,0,0,0
BRDA:7,0,1,1
BRDA:40,1,0,0
BRDA:40,1,1,0
BRDA:45,2,0,0
BRDA:45,2,1,0
BRDA:46,3,0,0
BRDA:46,3,1,0
BRDA:54,4,0,0
BRDA:54,4,1,0
BRDA:63,5,0,0
BRDA:63,5,1,0
BRDA:70,6,0,0
BRDA:70,6,1,2
BRDA:70,7,0,2
BRDA:70,7,1,2
BRDA:82,8,0,0
BRDA:82,8,1,0
BRF:18
BRH:4
end_of_record
TN:
SF:src\stores\UserStore.js
FN:30,(anonymous_0)
FN:37,(anonymous_1)
FN:41,(anonymous_2)
FN:44,(anonymous_3)
FN:47,(anonymous_4)
FN:50,(anonymous_5)
FN:53,(anonymous_6)
FN:56,(anonymous_7)
FN:59,(anonymous_8)
FN:62,(anonymous_9)
FN:65,(anonymous_10)
FN:68,(anonymous_11)
FN:71,(anonymous_12)
FN:74,(anonymous_13)
FN:77,(anonymous_14)
FN:80,(anonymous_15)
FN:89,(anonymous_16)
FN:93,(anonymous_17)
FN:96,(anonymous_18)
FN:99,(anonymous_19)
FN:102,(anonymous_20)
FN:108,(anonymous_21)
FN:111,(anonymous_22)
FN:115,(anonymous_23)
FN:119,(anonymous_24)
FN:153,(anonymous_25)
FNF:26
FNH:14
FNDA:5,(anonymous_0)
FNDA:1,(anonymous_1)
FNDA:2,(anonymous_2)
FNDA:1,(anonymous_3)
FNDA:1,(anonymous_4)
FNDA:1,(anonymous_5)
FNDA:0,(anonymous_6)
FNDA:0,(anonymous_7)
FNDA:0,(anonymous_8)
FNDA:0,(anonymous_9)
FNDA:0,(anonymous_10)
FNDA:0,(anonymous_11)
FNDA:1,(anonymous_12)
FNDA:1,(anonymous_13)
FNDA:1,(anonymous_14)
FNDA:0,(anonymous_15)
FNDA:0,(anonymous_16)
FNDA:2,(anonymous_17)
FNDA:3,(anonymous_18)
FNDA:1,(anonymous_19)
FNDA:2,(anonymous_20)
FNDA:0,(anonymous_21)
FNDA:0,(anonymous_22)
FNDA:2,(anonymous_23)
FNDA:0,(anonymous_24)
FNDA:0,(anonymous_25)
DA:21,5
DA:25,5
DA:26,5
DA:27,5
DA:31,5
DA:38,1
DA:42,2
DA:45,1
DA:48,1
DA:51,1
DA:54,0
DA:57,0
DA:60,0
DA:63,0
DA:66,0
DA:69,0
DA:72,1
DA:75,1
DA:78,1
DA:81,0
DA:90,0
DA:94,2
DA:97,3
DA:100,1
DA:103,2
DA:109,0
DA:112,0
DA:116,2
DA:124,0
DA:125,0
DA:154,0
DA:181,5
LF:32
LH:19
BRDA:103,0,0,2
BRDA:103,0,1,0
BRDA:141,1,0,0
BRDA:141,1,1,0
BRDA:169,2,0,0
BRDA:169,2,1,0
BRF:6
BRH:1
end_of_record
TN:
SF:src\stores\WindowSizeStore.js
FN:8,(anonymous_0)
FN:15,(anonymous_1)
FN:18,(anonymous_2)
FNF:3
FNH:1
FNDA:1,(anonymous_0)
FNDA:0,(anonymous_1)
FNDA:0,(anonymous_2)
DA:5,1
DA:6,1
DA:9,1
DA:16,0
DA:19,0
DA:22,1
LF:6
LH:4
BRF:0
BRH:0
end_of_record
